2022/08/22 10:55:35 available device: cpu
2022/08/22 10:59:58 epoch_out: 0, epoch_in: 0, loss: 0.39689048621803524
2022/08/22 11:04:15 epoch_out: 0, epoch_in: 1, loss: 0.11897830255329608
2022/08/22 11:08:32 epoch_out: 0, epoch_in: 2, loss: 0.06674303663894535
2022/08/22 11:12:58 epoch_out: 0, epoch_in: 3, loss: 0.03719533570110798
2022/08/22 11:17:24 epoch_out: 0, epoch_in: 4, loss: 0.01511096223257482
2022/08/22 11:21:50 epoch_out: 0, epoch_in: 5, loss: 0.0024747340008616447
2022/08/22 11:26:09 epoch_out: 0, epoch_in: 6, loss: -0.024827105365693568
2022/08/22 11:30:22 epoch_out: 0, epoch_in: 7, loss: -0.04421044974587858
2022/08/22 11:34:36 epoch_out: 0, epoch_in: 8, loss: -0.07435537371784448
2022/08/22 11:38:52 epoch_out: 0, epoch_in: 9, loss: -0.10003772880882025
2022/08/22 11:38:52 The epoch_out: 0, epoch_in: 9 of training F and G finished, losslist: [0.39689048621803524, 0.11897830255329608, 0.06674303663894535, 0.03719533570110798, 0.01511096223257482, 0.0024747340008616447, -0.024827105365693568, -0.04421044974587858, -0.07435537371784448, -0.10003772880882025], acclist: [0, 0.465, 0.52, 0.51, 0.505, 0.545, 0.5, 0.53, 0.49, 0.48, 0.52, 0.525, 0.515, 0.51, 0.49, 0.51, 0.485, 0.465, 0.51, 0.51, 0.49, 0.51, 0.5, 0.485, 0.49, 0.53, 0.505, 0.535, 0.5, 0.49, 0.515, 0.515, 0.48, 0.51, 0.525, 0.5, 0.48, 0.49, 0.5, 0.51, 0.54, 0.51, 0.535, 0.505, 0.49, 0.515, 0.55, 0.48, 0.525, 0.49, 0.51, 0.49, 0.5, 0.505, 0.49, 0.44, 0.535, 0.465, 0.485, 0.48, 0.545, 0.54, 0.52, 0.49, 0.49, 0.515, 0.5, 0.51, 0.475, 0.495, 0.495, 0.47, 0.48, 0.495, 0.475, 0.495, 0.49, 0.51, 0.515, 0.515, 0.515, 0.47, 0.51, 0.465, 0.5, 0.455, 0.505, 0.49, 0.475, 0.465, 0.49, 0.495, 0.47, 0.51, 0.555, 0.465, 0.515, 0.5, 0.495, 0.47, 0.48, 0.54, 0.515, 0.505, 0.42, 0.49, 0.51, 0.5, 0.475, 0.52, 0.48, 0.495, 0.5, 0.505, 0.505, 0.49, 0.5, 0.485, 0.49, 0.505, 0.5, 0.5, 0.535, 0.47, 0.47, 0.455, 0.47, 0.48, 0.45, 0.54, 0.485, 0.465, 0.485, 0.455, 0.495, 0.475, 0.515, 0.505, 0.485, 0.485, 0.5, 0.465, 0.475, 0.5, 0.44, 0.5, 0.515, 0.485, 0.5, 0.505, 0.47, 0.49, 0.46, 0.48, 0.475, 0.475, 0.49, 0.485, 0.47, 0.5, 0.505, 0.51, 0.49, 0.465, 0.475, 0.49, 0.485, 0.47, 0.455, 0.46, 0.5, 0.45, 0.495, 0.455, 0.495, 0.465, 0.48, 0.46, 0.48, 0.46, 0.48, 0.49, 0.485, 0.48, 0.5, 0.47, 0.455, 0.52, 0.445, 0.46, 0.465, 0.485, 0.45, 0.465, 0.485, 0.46, 0.46, 0.47, 0.495, 0.44, 0.48, 0.465, 0.465, 0.475, 0.465, 0.47, 0.475, 0.455, 0.48, 0.475, 0.465, 0.48, 0.475, 0.49, 0.49, 0.48, 0.465, 0.48, 0.465, 0.46, 0.485, 0.47, 0.47, 0.445, 0.445, 0.46, 0.485, 0.44, 0.46, 0.46, 0.505, 0.455, 0.47, 0.43, 0.465, 0.46, 0.46, 0.445, 0.465, 0.49, 0.49, 0.445, 0.465, 0.46, 0.45, 0.48, 0.42, 0.48, 0.465, 0.485, 0.46, 0.43, 0.5, 0.47, 0.455, 0.45, 0.48, 0.45, 0.455, 0.445, 0.445, 0.445, 0.435, 0.465, 0.445, 0.465, 0.425, 0.47, 0.48, 0.485, 0.44, 0.475, 0.47, 0.465, 0.46, 0.45, 0.47, 0.415, 0.425, 0.45, 0.45, 0.44, 0.455, 0.45, 0.41, 0.46, 0.45, 0.44, 0.445, 0.48, 0.485, 0.455, 0.48, 0.46, 0.455, 0.445, 0.475, 0.47, 0.41, 0.44, 0.45, 0.405, 0.42, 0.405, 0.44, 0.485, 0.46, 0.47, 0.4, 0.4, 0.43, 0.41, 0.425, 0.45, 0.45, 0.475, 0.435, 0.425, 0.43, 0.445, 0.445, 0.455, 0.445, 0.45, 0.455, 0.455, 0.435, 0.465, 0.455, 0.445, 0.455, 0.46, 0.425, 0.445, 0.415, 0.44, 0.455, 0.46, 0.465, 0.445, 0.435, 0.44, 0.465, 0.445, 0.445, 0.445, 0.475, 0.435, 0.455, 0.455, 0.405, 0.455, 0.455, 0.445, 0.455, 0.415, 0.49, 0.425, 0.42, 0.465, 0.46, 0.45, 0.44, 0.455, 0.405, 0.44, 0.455, 0.445, 0.495, 0.425, 0.445, 0.465, 0.435, 0.445, 0.465, 0.465, 0.44, 0.455, 0.41, 0.435, 0.47, 0.455, 0.45, 0.44, 0.43, 0.415, 0.435, 0.465, 0.435, 0.425, 0.425, 0.43, 0.44, 0.42, 0.445, 0.435, 0.455, 0.425, 0.405, 0.445, 0.435], finalacc: 0.555, alpha: tensor([0.0504, 0.0471, 0.0458, 0.0510, 0.0462, 0.0478, 0.0468, 0.0458, 0.0478,
        0.0455, 0.0484, 0.0481, 0.0491, 0.0478, 0.0468, 0.0458, 0.0465, 0.0475,
        0.0481, 0.0491, 0.0484])
2022/08/22 11:39:06 -------fail to update alpha------
2022/08/22 11:39:06 The epoch_out: 0, epoch_in: 9 of training alpha finished, alpha: tensor([0.0504, 0.0471, 0.0458, 0.0510, 0.0462, 0.0478, 0.0468, 0.0458, 0.0478,
        0.0455, 0.0484, 0.0481, 0.0491, 0.0478, 0.0468, 0.0458, 0.0465, 0.0475,
        0.0481, 0.0491, 0.0484])
2022/08/22 11:43:25 epoch_out: 1, epoch_in: 0, loss: 0.5564830090850592
2022/08/22 11:47:48 epoch_out: 1, epoch_in: 1, loss: 0.18378229439258575
2022/08/22 11:52:09 epoch_out: 1, epoch_in: 2, loss: 0.12224235842004419
2022/08/22 11:56:28 epoch_out: 1, epoch_in: 3, loss: 0.048212569672614336
2022/08/22 12:00:47 epoch_out: 1, epoch_in: 4, loss: 0.009119229856878519
2022/08/22 12:05:05 epoch_out: 1, epoch_in: 5, loss: -0.039024127274751665
2022/08/22 12:09:22 epoch_out: 1, epoch_in: 6, loss: -0.07200880274176598
