2022/08/30 22:32:40 available device: cuda:0
2022/08/30 22:32:56 epoch_out: 0, epoch_in: 0, loss: 0.43559636175632477
2022/08/30 22:33:07 epoch_out: 0, epoch_in: 1, loss: -0.4292800083756447
2022/08/30 22:33:18 epoch_out: 0, epoch_in: 2, loss: -0.6014189269393683
2022/08/30 22:33:29 epoch_out: 0, epoch_in: 3, loss: -0.9934711292386055
2022/08/30 22:33:41 epoch_out: 0, epoch_in: 4, loss: -1.3060104593634605
2022/08/30 22:33:53 epoch_out: 0, epoch_in: 5, loss: -1.8879041701555253
2022/08/30 22:34:04 epoch_out: 0, epoch_in: 6, loss: -2.2264125496149063
2022/08/30 22:34:16 epoch_out: 0, epoch_in: 7, loss: -2.6218112230300905
2022/08/30 22:34:28 epoch_out: 0, epoch_in: 8, loss: -3.277795413136482
2022/08/30 22:34:40 epoch_out: 0, epoch_in: 9, loss: -3.7870297491550446
2022/08/30 22:34:40 The epoch_out: 0, epoch_in: 9 of training F and G finished, losslist: [0.43559636175632477, -0.4292800083756447, -0.6014189269393683, -0.9934711292386055, -1.3060104593634605, -1.8879041701555253, -2.2264125496149063, -2.6218112230300905, -3.277795413136482, -3.7870297491550446], acclist: [0, 0.465, 0.48, 0.46, 0.495, 0.445, 0.495, 0.55, 0.49, 0.49, 0.485, 0.47, 0.48, 0.495, 0.45, 0.45, 0.485, 0.5, 0.47, 0.48, 0.5, 0.51, 0.505, 0.46, 0.5, 0.535, 0.51, 0.48, 0.49, 0.48, 0.535, 0.48, 0.48, 0.485, 0.525, 0.53, 0.495, 0.495, 0.485, 0.5, 0.525, 0.515, 0.515, 0.49, 0.47, 0.455, 0.5, 0.49, 0.52, 0.5, 0.505, 0.485, 0.51, 0.525, 0.515, 0.505, 0.51, 0.47, 0.5, 0.5, 0.5, 0.54, 0.525, 0.52, 0.5, 0.51, 0.47, 0.515, 0.47, 0.505, 0.445, 0.48, 0.495, 0.52, 0.49, 0.515, 0.51, 0.475, 0.47, 0.485, 0.505, 0.525, 0.51, 0.49, 0.515, 0.48, 0.495, 0.47, 0.51, 0.53, 0.49, 0.495, 0.495, 0.515, 0.51, 0.525, 0.495, 0.48, 0.46, 0.465, 0.47, 0.475, 0.47, 0.52, 0.495, 0.495, 0.495, 0.505, 0.505, 0.48, 0.475, 0.52, 0.53, 0.485, 0.485, 0.475, 0.465, 0.495, 0.51, 0.5, 0.53, 0.47, 0.475, 0.505, 0.495, 0.515, 0.515, 0.51, 0.52, 0.5, 0.495, 0.455, 0.49, 0.5, 0.48, 0.505, 0.515, 0.495, 0.455, 0.49, 0.49, 0.525, 0.5, 0.475, 0.525, 0.475, 0.505, 0.47, 0.51, 0.49, 0.515, 0.51, 0.515, 0.515, 0.49, 0.495, 0.5, 0.525, 0.515, 0.51, 0.51, 0.525, 0.535, 0.51, 0.51, 0.505, 0.505, 0.5, 0.46, 0.515, 0.51, 0.525, 0.48, 0.525, 0.515, 0.485, 0.54, 0.495, 0.515, 0.505, 0.525, 0.505, 0.475, 0.505, 0.51, 0.5, 0.515, 0.495, 0.505, 0.535, 0.485, 0.47, 0.515, 0.565, 0.495, 0.495, 0.535, 0.515, 0.485, 0.5, 0.5, 0.53, 0.535, 0.525, 0.53, 0.54, 0.52, 0.525, 0.535, 0.515, 0.51, 0.525, 0.54, 0.51, 0.525, 0.545, 0.515, 0.5, 0.505, 0.515, 0.54, 0.545, 0.49, 0.515, 0.505, 0.515, 0.53, 0.515, 0.54, 0.53, 0.52, 0.55, 0.515, 0.53, 0.525, 0.535, 0.535, 0.52, 0.505, 0.51, 0.53, 0.52, 0.485, 0.535, 0.495, 0.525, 0.51, 0.54, 0.52, 0.51, 0.49, 0.545, 0.52, 0.545, 0.525, 0.545, 0.52, 0.535, 0.525, 0.515, 0.5, 0.575, 0.545, 0.5, 0.56, 0.55, 0.54, 0.53, 0.515, 0.545, 0.565, 0.51, 0.53, 0.54, 0.545, 0.545, 0.52, 0.545, 0.53, 0.525, 0.54, 0.55, 0.545, 0.54, 0.52, 0.525, 0.51, 0.53, 0.55, 0.54, 0.515, 0.52, 0.53, 0.53, 0.51, 0.525, 0.495, 0.525, 0.505, 0.505, 0.51, 0.515, 0.52, 0.555, 0.555, 0.515, 0.5, 0.495, 0.53, 0.54, 0.54, 0.495, 0.5, 0.485, 0.535, 0.545, 0.515, 0.56, 0.545, 0.5, 0.535, 0.53, 0.56, 0.525, 0.51, 0.55, 0.58, 0.53, 0.515, 0.52, 0.53, 0.5, 0.535, 0.535, 0.525, 0.525, 0.505, 0.52, 0.545, 0.54, 0.55, 0.56, 0.52, 0.535, 0.53, 0.545, 0.52, 0.55, 0.545, 0.53, 0.545, 0.555, 0.555, 0.56, 0.53, 0.53, 0.535, 0.515, 0.555, 0.555, 0.545, 0.565, 0.555, 0.55, 0.555, 0.575, 0.545, 0.53, 0.55, 0.55, 0.535, 0.545, 0.56, 0.555, 0.545, 0.52, 0.565, 0.555, 0.56, 0.575, 0.545, 0.515, 0.54, 0.545, 0.535, 0.54, 0.555, 0.54, 0.54, 0.55, 0.565, 0.55, 0.56, 0.56, 0.55, 0.56, 0.53, 0.52, 0.55, 0.56, 0.54], finalacc: 0.58, alpha: tensor([0.6762, 0.4701, 0.3129, 0.8194, 0.7891, 0.0755, 0.1029, 0.1353])
2022/08/30 22:34:41 -------update alpha finished------
2022/08/30 22:34:41 The epoch_out: 0, epoch_in: 9 of training alpha finished, alpha: [0.74901651 0.03946922 0.03700082 0.02587332 0.02621583 0.03898691
 0.05181141 0.031626  ]
2022/08/30 22:34:53 epoch_out: 1, epoch_in: 0, loss: 0.786215353012085
2022/08/30 22:35:05 epoch_out: 1, epoch_in: 1, loss: -0.17932352498173715
2022/08/30 22:35:16 epoch_out: 1, epoch_in: 2, loss: -0.3316843330860138
2022/08/30 22:35:28 epoch_out: 1, epoch_in: 3, loss: -0.40694774240255355
2022/08/30 22:35:40 epoch_out: 1, epoch_in: 4, loss: -0.43925483003258703
2022/08/30 22:35:52 epoch_out: 1, epoch_in: 5, loss: -0.4627805255353451
2022/08/30 22:36:04 epoch_out: 1, epoch_in: 6, loss: -0.4645449139177799
2022/08/30 22:36:15 epoch_out: 1, epoch_in: 7, loss: -0.489915981143713
2022/08/30 22:36:26 epoch_out: 1, epoch_in: 8, loss: -0.5034788206219674
2022/08/30 22:36:38 epoch_out: 1, epoch_in: 9, loss: -0.5152323350310326
2022/08/30 22:36:38 The epoch_out: 1, epoch_in: 9 of training F and G finished, losslist: [0.786215353012085, -0.17932352498173715, -0.3316843330860138, -0.40694774240255355, -0.43925483003258703, -0.4627805255353451, -0.4645449139177799, -0.489915981143713, -0.5034788206219674, -0.5152323350310326], acclist: [0, 0.44, 0.465, 0.41, 0.43, 0.435, 0.415, 0.435, 0.44, 0.44, 0.44, 0.46, 0.47, 0.44, 0.43, 0.42, 0.405, 0.425, 0.46, 0.475, 0.465, 0.44, 0.445, 0.445, 0.485, 0.49, 0.445, 0.485, 0.42, 0.445, 0.455, 0.455, 0.455, 0.465, 0.435, 0.48, 0.465, 0.425, 0.44, 0.43, 0.425, 0.48, 0.43, 0.435, 0.42, 0.415, 0.45, 0.445, 0.44, 0.46, 0.46, 0.455, 0.48, 0.46, 0.475, 0.47, 0.42, 0.395, 0.435, 0.47, 0.47, 0.44, 0.425, 0.46, 0.48, 0.47, 0.445, 0.495, 0.445, 0.5, 0.46, 0.465, 0.48, 0.455, 0.445, 0.445, 0.425, 0.435, 0.445, 0.46, 0.44, 0.455, 0.43, 0.425, 0.44, 0.465, 0.435, 0.445, 0.51, 0.505, 0.445, 0.44, 0.48, 0.485, 0.48, 0.45, 0.415, 0.435, 0.455, 0.475, 0.45, 0.455, 0.445, 0.445, 0.42, 0.45, 0.475, 0.485, 0.445, 0.46, 0.49, 0.43, 0.445, 0.465, 0.455, 0.43, 0.405, 0.455, 0.43, 0.425, 0.465, 0.45, 0.46, 0.455, 0.47, 0.485, 0.43, 0.47, 0.44, 0.47, 0.45, 0.445, 0.415, 0.465, 0.46, 0.44, 0.48, 0.465, 0.455, 0.485, 0.46, 0.47, 0.41, 0.465, 0.44, 0.455, 0.5, 0.475, 0.475, 0.455, 0.49, 0.475, 0.46, 0.47, 0.455, 0.475, 0.49, 0.49, 0.485, 0.475, 0.46, 0.435, 0.455, 0.46, 0.44, 0.44, 0.47, 0.43, 0.425, 0.42, 0.46, 0.47, 0.475, 0.455, 0.435, 0.44, 0.475, 0.455, 0.475, 0.515, 0.475, 0.46, 0.435, 0.455, 0.5, 0.43, 0.47, 0.46, 0.47, 0.465, 0.485, 0.485, 0.465, 0.49, 0.48, 0.5, 0.45, 0.45, 0.455, 0.465, 0.44, 0.455, 0.44, 0.46, 0.46, 0.44, 0.45, 0.465, 0.49, 0.465, 0.495, 0.42, 0.5, 0.44, 0.46, 0.485, 0.525, 0.47, 0.48, 0.445, 0.435, 0.435, 0.44, 0.46, 0.445, 0.445, 0.45, 0.46, 0.455, 0.44, 0.47, 0.515, 0.46, 0.465, 0.46, 0.45, 0.44, 0.435, 0.43, 0.465, 0.44, 0.45, 0.47, 0.465, 0.48, 0.465, 0.465, 0.45, 0.46, 0.475, 0.465, 0.49, 0.49, 0.48, 0.485, 0.43, 0.415, 0.45, 0.45, 0.45, 0.46, 0.43, 0.45, 0.445, 0.39, 0.43, 0.465, 0.45, 0.445, 0.415, 0.45, 0.5, 0.47, 0.445, 0.46, 0.5, 0.49, 0.495, 0.5, 0.48, 0.47, 0.48, 0.475, 0.47, 0.475, 0.45, 0.475, 0.515, 0.475, 0.475, 0.495, 0.46, 0.445, 0.435, 0.43, 0.465, 0.48, 0.495, 0.45, 0.465, 0.49, 0.495, 0.45, 0.465, 0.455, 0.44, 0.46, 0.475, 0.485, 0.48, 0.49, 0.44, 0.455, 0.47, 0.45, 0.455, 0.505, 0.455, 0.44, 0.505, 0.465, 0.47, 0.485, 0.49, 0.475, 0.445, 0.485, 0.455, 0.48, 0.48, 0.455, 0.515, 0.48, 0.49, 0.48, 0.47, 0.47, 0.485, 0.465, 0.475, 0.455, 0.49, 0.465, 0.5, 0.48, 0.49, 0.44, 0.51, 0.48, 0.51, 0.475, 0.495, 0.49, 0.49, 0.485, 0.48, 0.465, 0.445, 0.51, 0.485, 0.48, 0.465, 0.49, 0.46, 0.475, 0.445, 0.455, 0.475, 0.49, 0.495, 0.49, 0.52, 0.435, 0.49, 0.46, 0.505, 0.515, 0.475, 0.48, 0.5, 0.485, 0.53, 0.475, 0.465, 0.485, 0.485, 0.49, 0.485, 0.495, 0.45, 0.505, 0.475, 0.485, 0.465, 0.475, 0.46, 0.505, 0.445, 0.485, 0.475, 0.48], finalacc: 0.53, alpha: [0.74901651 0.03946922 0.03700082 0.02587332 0.02621583 0.03898691
 0.05181141 0.031626  ]
2022/08/30 22:36:40 -------update alpha finished------
2022/08/30 22:36:40 The epoch_out: 1, epoch_in: 9 of training alpha finished, alpha: [0.28952908 0.09721782 0.10329856 0.10039496 0.10180975 0.10315581
 0.10385392 0.10074012]
2022/08/30 22:36:54 epoch_out: 2, epoch_in: 0, loss: 1.1329798005521297
2022/08/30 22:37:06 epoch_out: 2, epoch_in: 1, loss: 0.2700898766517639
2022/08/30 22:37:18 epoch_out: 2, epoch_in: 2, loss: 0.1250576600432396
2022/08/30 22:37:29 epoch_out: 2, epoch_in: 3, loss: 0.032013341411948205
2022/08/30 22:37:42 epoch_out: 2, epoch_in: 4, loss: -0.04587237928062678
2022/08/30 22:37:54 epoch_out: 2, epoch_in: 5, loss: -0.12050146460533143
2022/08/30 22:38:05 epoch_out: 2, epoch_in: 6, loss: -0.1776265636086464
2022/08/30 22:38:17 epoch_out: 2, epoch_in: 7, loss: -0.2527763545513153
2022/08/30 22:38:28 epoch_out: 2, epoch_in: 8, loss: -0.2994064033031464
2022/08/30 22:38:40 epoch_out: 2, epoch_in: 9, loss: -0.3656107660382986
2022/08/30 22:38:40 The epoch_out: 2, epoch_in: 9 of training F and G finished, losslist: [1.1329798005521297, 0.2700898766517639, 0.1250576600432396, 0.032013341411948205, -0.04587237928062678, -0.12050146460533143, -0.1776265636086464, -0.2527763545513153, -0.2994064033031464, -0.3656107660382986], acclist: [0, 0.54, 0.525, 0.52, 0.56, 0.57, 0.575, 0.56, 0.565, 0.605, 0.565, 0.525, 0.555, 0.545, 0.58, 0.575, 0.55, 0.55, 0.515, 0.54, 0.57, 0.525, 0.535, 0.535, 0.555, 0.56, 0.57, 0.565, 0.55, 0.54, 0.535, 0.555, 0.535, 0.59, 0.56, 0.57, 0.53, 0.54, 0.555, 0.56, 0.535, 0.55, 0.555, 0.555, 0.545, 0.58, 0.55, 0.53, 0.57, 0.575, 0.525, 0.53, 0.55, 0.565, 0.585, 0.545, 0.615, 0.58, 0.555, 0.56, 0.55, 0.565, 0.575, 0.56, 0.575, 0.555, 0.57, 0.525, 0.555, 0.525, 0.515, 0.525, 0.53, 0.53, 0.565, 0.565, 0.58, 0.575, 0.575, 0.53, 0.525, 0.55, 0.545, 0.555, 0.53, 0.56, 0.58, 0.56, 0.53, 0.55, 0.495, 0.57, 0.535, 0.57, 0.525, 0.54, 0.53, 0.56, 0.58, 0.555, 0.58, 0.575, 0.58, 0.56, 0.555, 0.545, 0.535, 0.525, 0.56, 0.535, 0.53, 0.55, 0.535, 0.565, 0.525, 0.56, 0.56, 0.555, 0.525, 0.545, 0.575, 0.59, 0.585, 0.565, 0.6, 0.56, 0.565, 0.59, 0.565, 0.54, 0.54, 0.56, 0.545, 0.55, 0.505, 0.545, 0.55, 0.535, 0.525, 0.54, 0.545, 0.565, 0.555, 0.56, 0.53, 0.52, 0.575, 0.575, 0.575, 0.565, 0.55, 0.575, 0.57, 0.535, 0.56, 0.575, 0.55, 0.54, 0.555, 0.56, 0.56, 0.555, 0.54, 0.52, 0.57, 0.555, 0.585, 0.56, 0.545, 0.525, 0.52, 0.55, 0.545, 0.555, 0.575, 0.54, 0.53, 0.555, 0.56, 0.59, 0.53, 0.53, 0.565, 0.575, 0.575, 0.585, 0.54, 0.55, 0.56, 0.535, 0.555, 0.545, 0.535, 0.535, 0.545, 0.565, 0.575, 0.57, 0.55, 0.605, 0.565, 0.595, 0.56, 0.575, 0.57, 0.555, 0.525, 0.565, 0.555, 0.575, 0.555, 0.565, 0.565, 0.54, 0.535, 0.53, 0.515, 0.535, 0.535, 0.535, 0.565, 0.55, 0.56, 0.535, 0.555, 0.56, 0.525, 0.565, 0.55, 0.555, 0.545, 0.53, 0.555, 0.58, 0.55, 0.565, 0.57, 0.56, 0.56, 0.56, 0.565, 0.505, 0.52, 0.525, 0.56, 0.565, 0.575, 0.555, 0.555, 0.535, 0.535, 0.55, 0.55, 0.58, 0.535, 0.555, 0.575, 0.585, 0.555, 0.57, 0.53, 0.56, 0.53, 0.565, 0.58, 0.545, 0.555, 0.56, 0.555, 0.595, 0.555, 0.565, 0.56, 0.585, 0.56, 0.55, 0.555, 0.565, 0.54, 0.56, 0.54, 0.585, 0.595, 0.575, 0.565, 0.565, 0.56, 0.55, 0.565, 0.52, 0.54, 0.525, 0.555, 0.545, 0.54, 0.565, 0.555, 0.585, 0.57, 0.575, 0.505, 0.56, 0.54, 0.55, 0.575, 0.565, 0.555, 0.535, 0.56, 0.535, 0.555, 0.525, 0.54, 0.555, 0.55, 0.545, 0.59, 0.58, 0.555, 0.57, 0.605, 0.56, 0.565, 0.555, 0.58, 0.56, 0.59, 0.55, 0.575, 0.56, 0.55, 0.555, 0.555, 0.565, 0.595, 0.565, 0.565, 0.565, 0.55, 0.565, 0.575, 0.565, 0.575, 0.55, 0.57, 0.555, 0.56, 0.58, 0.565, 0.525, 0.56, 0.555, 0.58, 0.545, 0.51, 0.545, 0.55, 0.54, 0.565, 0.56, 0.555, 0.545, 0.595, 0.555, 0.535, 0.54, 0.525, 0.545, 0.57, 0.585, 0.555, 0.57, 0.585, 0.565, 0.54, 0.535, 0.565, 0.55, 0.55, 0.54, 0.525, 0.52, 0.56, 0.54, 0.55, 0.535, 0.55, 0.53, 0.565, 0.555, 0.535, 0.53, 0.56, 0.575, 0.58, 0.575, 0.56, 0.6, 0.55, 0.59, 0.57], finalacc: 0.615, alpha: [0.28952908 0.09721782 0.10329856 0.10039496 0.10180975 0.10315581
 0.10385392 0.10074012]
2022/08/30 22:38:42 -------update alpha finished------
2022/08/30 22:38:42 The epoch_out: 2, epoch_in: 9 of training alpha finished, alpha: [0.45483513 0.07332703 0.11498031 0.07264241 0.0628977  0.08033446
 0.06961721 0.07136576]
2022/08/30 22:38:53 epoch_out: 3, epoch_in: 0, loss: 0.6615464322268962
2022/08/30 22:39:06 epoch_out: 3, epoch_in: 1, loss: -6.74564391374588e-05
2022/08/30 22:39:18 epoch_out: 3, epoch_in: 2, loss: -0.0731426328420639
2022/08/30 22:39:31 epoch_out: 3, epoch_in: 3, loss: -0.15606004409492016
2022/08/30 22:39:43 epoch_out: 3, epoch_in: 4, loss: -0.20861746817827226
2022/08/30 22:39:55 epoch_out: 3, epoch_in: 5, loss: -0.22149322219192982
2022/08/30 22:40:06 epoch_out: 3, epoch_in: 6, loss: -0.27052007168531417
