2022/09/01 11:20:14 available device: cuda:0
2022/09/01 11:20:14 batch_size: 50
2022/09/01 11:20:25 epoch_out: 0, epoch_in: 0, loss: 1.5566443264484406
2022/09/01 11:20:30 epoch_out: 0, epoch_in: 1, loss: 0.31068595573306085
2022/09/01 11:20:35 epoch_out: 0, epoch_in: 2, loss: -0.17413392513990403
2022/09/01 11:20:40 epoch_out: 0, epoch_in: 3, loss: -0.4227901928126812
2022/09/01 11:20:45 epoch_out: 0, epoch_in: 4, loss: -0.5840653948485851
2022/09/01 11:20:50 epoch_out: 0, epoch_in: 5, loss: -1.0043547064065934
2022/09/01 11:20:54 epoch_out: 0, epoch_in: 6, loss: -1.203567412495613
2022/09/01 11:20:59 epoch_out: 0, epoch_in: 7, loss: -1.5924897350370883
2022/09/01 11:21:04 epoch_out: 0, epoch_in: 8, loss: -2.0379069328308104
2022/09/01 11:21:09 epoch_out: 0, epoch_in: 9, loss: -2.33050594329834
2022/09/01 11:21:09 The epoch_out: 0, epoch_in: 9 of training F and G finished, losslist: [1.5566443264484406, 0.31068595573306085, -0.17413392513990403, -0.4227901928126812, -0.5840653948485851, -1.0043547064065934, -1.203567412495613, -1.5924897350370883, -2.0379069328308104, -2.33050594329834], acclist: [0, 0.5, 0.525, 0.525, 0.45, 0.45, 0.395, 0.445, 0.435, 0.43, 0.425, 0.46, 0.425, 0.445, 0.41, 0.415, 0.42, 0.42, 0.435, 0.48, 0.44, 0.44, 0.41, 0.435, 0.435, 0.44, 0.445, 0.435, 0.38, 0.43, 0.42, 0.42, 0.425, 0.415, 0.45, 0.405, 0.47, 0.45, 0.415, 0.415, 0.43, 0.42, 0.45, 0.42, 0.445, 0.41, 0.44, 0.45, 0.425, 0.455, 0.445, 0.455, 0.465, 0.475, 0.44, 0.435, 0.435, 0.46, 0.45, 0.465, 0.46, 0.47, 0.485, 0.475, 0.48, 0.475, 0.45, 0.45, 0.48, 0.465, 0.48, 0.47, 0.48, 0.485, 0.455, 0.455, 0.45, 0.45, 0.455, 0.45, 0.445, 0.47, 0.475, 0.49, 0.47, 0.45, 0.46, 0.445, 0.46, 0.45, 0.48, 0.475, 0.45, 0.455, 0.465, 0.465, 0.46, 0.455, 0.48, 0.475, 0.47, 0.495, 0.47, 0.495, 0.44, 0.495, 0.48, 0.505, 0.495, 0.47, 0.515, 0.495, 0.505, 0.48, 0.48, 0.5, 0.45, 0.46, 0.49, 0.475, 0.455, 0.495, 0.495, 0.5, 0.49, 0.515, 0.5, 0.49, 0.515, 0.445, 0.475, 0.465, 0.47, 0.51, 0.515, 0.52, 0.515, 0.48, 0.505, 0.495, 0.48, 0.485, 0.515, 0.53, 0.49, 0.51, 0.52, 0.515, 0.505, 0.53, 0.505, 0.505, 0.52, 0.49, 0.525, 0.505, 0.49, 0.52, 0.515, 0.51, 0.525, 0.475, 0.51, 0.505, 0.515, 0.52, 0.51, 0.505, 0.51, 0.515, 0.515, 0.52, 0.505, 0.52, 0.51, 0.5, 0.52, 0.525, 0.52, 0.515, 0.53, 0.525, 0.495, 0.485, 0.485, 0.525, 0.505, 0.52, 0.52, 0.51, 0.51, 0.53, 0.535, 0.52, 0.535, 0.525, 0.505, 0.54, 0.53, 0.53, 0.525], finalacc: 0.54, alpha: tensor([0.0041, 0.2864, 0.2397, 0.5631, 0.9708, 0.3931, 0.3763, 0.1457])
2022/09/01 11:21:10 -------update alpha finished------
2022/09/01 11:21:10 The epoch_out: 0, epoch_in: 9 of training alpha finished, alpha: [0.7092139  0.02407833 0.07425524 0.03826527 0.02216267 0.04001193
 0.04406952 0.04794315]
2022/09/01 11:21:15 epoch_out: 1, epoch_in: 0, loss: 0.941103383898735
2022/09/01 11:21:21 epoch_out: 1, epoch_in: 1, loss: -0.016914692521095277
2022/09/01 11:21:25 epoch_out: 1, epoch_in: 2, loss: -0.1291225254535675
2022/09/01 11:21:30 epoch_out: 1, epoch_in: 3, loss: -0.19198755472898482
2022/09/01 11:21:35 epoch_out: 1, epoch_in: 4, loss: -0.30334370732307436
2022/09/01 11:21:40 epoch_out: 1, epoch_in: 5, loss: -0.2541753679513931
2022/09/01 11:21:45 epoch_out: 1, epoch_in: 6, loss: -0.2994497701525688
2022/09/01 11:21:51 epoch_out: 1, epoch_in: 7, loss: -0.31559901535511015
2022/09/01 11:21:56 epoch_out: 1, epoch_in: 8, loss: -0.3567392468452454
2022/09/01 11:22:00 epoch_out: 1, epoch_in: 9, loss: -0.34180652499198916
2022/09/01 11:22:00 The epoch_out: 1, epoch_in: 9 of training F and G finished, losslist: [0.941103383898735, -0.016914692521095277, -0.1291225254535675, -0.19198755472898482, -0.30334370732307436, -0.2541753679513931, -0.2994497701525688, -0.31559901535511015, -0.3567392468452454, -0.34180652499198916], acclist: [0, 0.495, 0.48, 0.475, 0.485, 0.52, 0.515, 0.525, 0.53, 0.52, 0.53, 0.495, 0.485, 0.505, 0.53, 0.52, 0.53, 0.535, 0.535, 0.5, 0.495, 0.505, 0.515, 0.525, 0.52, 0.53, 0.55, 0.515, 0.49, 0.515, 0.495, 0.535, 0.53, 0.495, 0.525, 0.53, 0.51, 0.52, 0.555, 0.53, 0.54, 0.525, 0.54, 0.515, 0.52, 0.5, 0.515, 0.51, 0.535, 0.495, 0.515, 0.53, 0.495, 0.515, 0.515, 0.525, 0.51, 0.51, 0.52, 0.535, 0.525, 0.515, 0.54, 0.515, 0.515, 0.51, 0.53, 0.515, 0.47, 0.48, 0.52, 0.54, 0.535, 0.52, 0.475, 0.52, 0.525, 0.525, 0.545, 0.505, 0.495, 0.535, 0.545, 0.525, 0.5, 0.535, 0.56, 0.525, 0.535, 0.52, 0.535, 0.53, 0.51, 0.515, 0.515, 0.51, 0.5, 0.505, 0.53, 0.545, 0.515, 0.505, 0.51, 0.5, 0.515, 0.485, 0.54, 0.51, 0.535, 0.53, 0.525, 0.495, 0.525, 0.5, 0.535, 0.505, 0.535, 0.53, 0.505, 0.555, 0.545, 0.51, 0.525, 0.54, 0.51, 0.515, 0.52, 0.535, 0.505, 0.495, 0.52, 0.51, 0.525, 0.53, 0.515, 0.515, 0.53, 0.53, 0.52, 0.525, 0.535, 0.505, 0.5, 0.49, 0.54, 0.48, 0.505, 0.495, 0.52, 0.51, 0.56, 0.52, 0.51, 0.51, 0.525, 0.555, 0.53, 0.545, 0.51, 0.52, 0.53, 0.51, 0.5, 0.495, 0.51, 0.5, 0.51, 0.525, 0.535, 0.555, 0.5, 0.52, 0.535, 0.495, 0.505, 0.56, 0.535, 0.51, 0.545, 0.545, 0.545, 0.535, 0.525, 0.53, 0.495, 0.52, 0.52, 0.51, 0.505, 0.51, 0.49, 0.505, 0.505, 0.53, 0.51, 0.52, 0.54, 0.55, 0.51, 0.48, 0.525], finalacc: 0.56, alpha: [0.7092139  0.02407833 0.07425524 0.03826527 0.02216267 0.04001193
 0.04406952 0.04794315]
2022/09/01 11:22:01 -------update alpha finished------
2022/09/01 11:22:01 The epoch_out: 1, epoch_in: 9 of training alpha finished, alpha: [0.3022003  0.10601375 0.10014994 0.0848225  0.0966472  0.10424422
 0.09901424 0.10690785]
2022/09/01 11:22:06 epoch_out: 2, epoch_in: 0, loss: 1.2568108066916466
2022/09/01 11:22:11 epoch_out: 2, epoch_in: 1, loss: 0.25731115564703944
2022/09/01 11:22:16 epoch_out: 2, epoch_in: 2, loss: 0.13544848337769508
2022/09/01 11:22:21 epoch_out: 2, epoch_in: 3, loss: 0.04516798183321953
2022/09/01 11:22:25 epoch_out: 2, epoch_in: 4, loss: 0.0014754205942153931
2022/09/01 11:22:30 epoch_out: 2, epoch_in: 5, loss: -0.0597802896052599
2022/09/01 11:22:35 epoch_out: 2, epoch_in: 6, loss: -0.09763633683323861
2022/09/01 11:22:40 epoch_out: 2, epoch_in: 7, loss: -0.12493507266044616
2022/09/01 11:22:45 epoch_out: 2, epoch_in: 8, loss: -0.18022097796201705
2022/09/01 11:22:49 epoch_out: 2, epoch_in: 9, loss: -0.1882140800356865
2022/09/01 11:22:49 The epoch_out: 2, epoch_in: 9 of training F and G finished, losslist: [1.2568108066916466, 0.25731115564703944, 0.13544848337769508, 0.04516798183321953, 0.0014754205942153931, -0.0597802896052599, -0.09763633683323861, -0.12493507266044616, -0.18022097796201705, -0.1882140800356865], acclist: [0, 0.585, 0.57, 0.555, 0.57, 0.535, 0.485, 0.53, 0.49, 0.505, 0.515, 0.515, 0.51, 0.515, 0.51, 0.51, 0.515, 0.5, 0.515, 0.55, 0.54, 0.53, 0.525, 0.51, 0.54, 0.53, 0.48, 0.525, 0.495, 0.505, 0.515, 0.525, 0.51, 0.52, 0.475, 0.48, 0.475, 0.5, 0.505, 0.515, 0.52, 0.515, 0.495, 0.49, 0.505, 0.5, 0.505, 0.52, 0.5, 0.475, 0.515, 0.495, 0.495, 0.495, 0.485, 0.475, 0.5, 0.515, 0.555, 0.56, 0.545, 0.51, 0.53, 0.535, 0.49, 0.505, 0.525, 0.47, 0.53, 0.54, 0.5, 0.525, 0.465, 0.5, 0.49, 0.52, 0.505, 0.49, 0.49, 0.51, 0.5, 0.49, 0.49, 0.49, 0.525, 0.495, 0.485, 0.505, 0.52, 0.485, 0.515, 0.48, 0.51, 0.505, 0.505, 0.48, 0.465, 0.47, 0.46, 0.48, 0.5, 0.495, 0.505, 0.49, 0.495, 0.465, 0.485, 0.515, 0.495, 0.525, 0.505, 0.455, 0.49, 0.495, 0.49, 0.5, 0.485, 0.495, 0.46, 0.515, 0.485, 0.52, 0.52, 0.5, 0.495, 0.47, 0.485, 0.485, 0.525, 0.5, 0.475, 0.485, 0.5, 0.525, 0.53, 0.535, 0.515, 0.51, 0.485, 0.48, 0.485, 0.485, 0.48, 0.485, 0.49, 0.51, 0.51, 0.52, 0.53, 0.49, 0.505, 0.48, 0.48, 0.5, 0.475, 0.48, 0.5, 0.495, 0.48, 0.465, 0.505, 0.47, 0.495, 0.49, 0.47, 0.495, 0.495, 0.465, 0.5, 0.455, 0.495, 0.495, 0.47, 0.475, 0.505, 0.47, 0.5, 0.5, 0.49, 0.48, 0.495, 0.49, 0.495, 0.515, 0.485, 0.53, 0.495, 0.47, 0.49, 0.5, 0.505, 0.49, 0.52, 0.485, 0.5, 0.48, 0.475, 0.49, 0.515, 0.53, 0.505], finalacc: 0.585, alpha: [0.3022003  0.10601375 0.10014994 0.0848225  0.0966472  0.10424422
 0.09901424 0.10690785]
2022/09/01 11:22:50 -------update alpha finished------
2022/09/01 11:22:50 The epoch_out: 2, epoch_in: 9 of training alpha finished, alpha: [0.45663144 0.09404853 0.07928649 0.07911044 0.07921034 0.07335606
 0.06306038 0.07529632]
2022/09/01 11:22:55 epoch_out: 3, epoch_in: 0, loss: 0.7736633479595184
2022/09/01 11:23:00 epoch_out: 3, epoch_in: 1, loss: 0.09042244553565978
2022/09/01 11:23:05 epoch_out: 3, epoch_in: 2, loss: -0.007566976547241211
2022/09/01 11:23:10 epoch_out: 3, epoch_in: 3, loss: -0.08143866807222366
2022/09/01 11:23:14 epoch_out: 3, epoch_in: 4, loss: -0.13302018642425537
2022/09/01 11:23:19 epoch_out: 3, epoch_in: 5, loss: -0.18729782477021217
2022/09/01 11:23:24 epoch_out: 3, epoch_in: 6, loss: -0.18968140929937363
2022/09/01 11:23:29 epoch_out: 3, epoch_in: 7, loss: -0.22776472195982933
2022/09/01 11:23:34 epoch_out: 3, epoch_in: 8, loss: -0.26217574179172515
2022/09/01 11:23:39 epoch_out: 3, epoch_in: 9, loss: -0.2801026239991188
2022/09/01 11:23:39 The epoch_out: 3, epoch_in: 9 of training F and G finished, losslist: [0.7736633479595184, 0.09042244553565978, -0.007566976547241211, -0.08143866807222366, -0.13302018642425537, -0.18729782477021217, -0.18968140929937363, -0.22776472195982933, -0.26217574179172515, -0.2801026239991188], acclist: [0, 0.44, 0.54, 0.52, 0.47, 0.495, 0.465, 0.49, 0.495, 0.455, 0.455, 0.465, 0.47, 0.465, 0.475, 0.455, 0.455, 0.47, 0.485, 0.48, 0.495, 0.49, 0.48, 0.445, 0.475, 0.48, 0.47, 0.49, 0.485, 0.475, 0.475, 0.47, 0.525, 0.45, 0.455, 0.485, 0.47, 0.515, 0.5, 0.465, 0.48, 0.48, 0.495, 0.465, 0.45, 0.485, 0.515, 0.48, 0.49, 0.48, 0.47, 0.475, 0.48, 0.485, 0.49, 0.485, 0.485, 0.465, 0.46, 0.49, 0.48, 0.475, 0.485, 0.47, 0.485, 0.5, 0.485, 0.47, 0.48, 0.47, 0.47, 0.485, 0.495, 0.49, 0.46, 0.505, 0.465, 0.47, 0.48, 0.47, 0.495, 0.45, 0.46, 0.455, 0.495, 0.51, 0.475, 0.47, 0.475, 0.505, 0.48, 0.48, 0.495, 0.52, 0.49, 0.465, 0.485, 0.48, 0.485, 0.495, 0.505, 0.5, 0.485, 0.5, 0.505, 0.52, 0.49, 0.505, 0.505, 0.49, 0.495, 0.485, 0.48, 0.51, 0.49, 0.525, 0.495, 0.505, 0.465, 0.495, 0.505, 0.495, 0.45, 0.475, 0.49, 0.495, 0.485, 0.47, 0.485, 0.485, 0.48, 0.495, 0.475, 0.49, 0.515, 0.5, 0.495, 0.52, 0.52, 0.51, 0.485, 0.495, 0.495, 0.47, 0.48, 0.48, 0.5, 0.465, 0.49, 0.505, 0.5, 0.545, 0.5, 0.47, 0.505, 0.515, 0.49, 0.495, 0.495, 0.49, 0.49, 0.47, 0.49, 0.465, 0.52, 0.495, 0.48, 0.475, 0.5, 0.485, 0.495, 0.49, 0.525, 0.495, 0.475, 0.49, 0.515, 0.515, 0.485, 0.495, 0.49, 0.525, 0.485, 0.48, 0.485, 0.51, 0.525, 0.535, 0.535, 0.51, 0.5, 0.515, 0.495, 0.495, 0.475, 0.46, 0.475, 0.475, 0.515, 0.5, 0.495], finalacc: 0.545, alpha: [0.45663144 0.09404853 0.07928649 0.07911044 0.07921034 0.07335606
 0.06306038 0.07529632]
2022/09/01 11:23:39 -------update alpha finished------
2022/09/01 11:23:39 The epoch_out: 3, epoch_in: 9 of training alpha finished, alpha: [0.54376407 0.06544046 0.06430054 0.07299988 0.05720278 0.06430647
 0.06025705 0.07172875]
2022/09/01 11:23:44 epoch_out: 4, epoch_in: 0, loss: 0.5473726749420166
2022/09/01 11:23:49 epoch_out: 4, epoch_in: 1, loss: -0.09108881056308746
2022/09/01 11:23:54 epoch_out: 4, epoch_in: 2, loss: -0.15058960467576982
2022/09/01 11:23:59 epoch_out: 4, epoch_in: 3, loss: -0.190473310649395
2022/09/01 11:24:04 epoch_out: 4, epoch_in: 4, loss: -0.19807242155075072
2022/09/01 11:24:09 epoch_out: 4, epoch_in: 5, loss: -0.2240994989871979
2022/09/01 11:24:14 epoch_out: 4, epoch_in: 6, loss: -0.25762175768613815
2022/09/01 11:24:19 epoch_out: 4, epoch_in: 7, loss: -0.27279395386576655
2022/09/01 11:24:24 epoch_out: 4, epoch_in: 8, loss: -0.2810222402215004
2022/09/01 11:24:29 epoch_out: 4, epoch_in: 9, loss: -0.28887186497449874
2022/09/01 11:24:29 The epoch_out: 4, epoch_in: 9 of training F and G finished, losslist: [0.5473726749420166, -0.09108881056308746, -0.15058960467576982, -0.190473310649395, -0.19807242155075072, -0.2240994989871979, -0.25762175768613815, -0.27279395386576655, -0.2810222402215004, -0.28887186497449874], acclist: [0, 0.535, 0.53, 0.51, 0.5, 0.52, 0.505, 0.535, 0.535, 0.52, 0.535, 0.55, 0.515, 0.55, 0.53, 0.555, 0.56, 0.565, 0.55, 0.525, 0.55, 0.535, 0.54, 0.525, 0.525, 0.54, 0.535, 0.545, 0.515, 0.565, 0.54, 0.525, 0.525, 0.525, 0.555, 0.55, 0.535, 0.53, 0.535, 0.56, 0.545, 0.55, 0.54, 0.54, 0.525, 0.525, 0.545, 0.57, 0.52, 0.535, 0.505, 0.565, 0.55, 0.525, 0.55, 0.53, 0.53, 0.55, 0.51, 0.54, 0.555, 0.545, 0.56, 0.545, 0.545, 0.54, 0.54, 0.525, 0.555, 0.56, 0.55, 0.565, 0.555, 0.56, 0.525, 0.545, 0.545, 0.575, 0.545, 0.555, 0.565, 0.575, 0.55, 0.57, 0.55, 0.555, 0.56, 0.56, 0.53, 0.56, 0.565, 0.545, 0.545, 0.57, 0.555, 0.565, 0.545, 0.525, 0.505, 0.545, 0.545, 0.515, 0.535, 0.565, 0.55, 0.525, 0.555, 0.56, 0.525, 0.55, 0.545, 0.555, 0.545, 0.53, 0.54, 0.55, 0.505, 0.55, 0.58, 0.575, 0.56, 0.58, 0.56, 0.57, 0.59, 0.565, 0.555, 0.575, 0.57, 0.57, 0.56, 0.565, 0.525, 0.52, 0.55, 0.55, 0.555, 0.55, 0.575, 0.55, 0.555, 0.575, 0.555, 0.575, 0.55, 0.55, 0.565, 0.57, 0.535, 0.57, 0.56, 0.54, 0.565, 0.59, 0.56, 0.545, 0.555, 0.575, 0.565, 0.545, 0.57, 0.545, 0.555, 0.565, 0.575, 0.54, 0.545, 0.58, 0.585, 0.565, 0.575, 0.565, 0.565, 0.575, 0.58, 0.56, 0.57, 0.59, 0.54, 0.555, 0.555, 0.575, 0.55, 0.565, 0.575, 0.565, 0.565, 0.555, 0.515, 0.53, 0.525, 0.545, 0.55, 0.565, 0.57, 0.565, 0.57, 0.58, 0.575, 0.59, 0.55], finalacc: 0.59, alpha: [0.54376407 0.06544046 0.06430054 0.07299988 0.05720278 0.06430647
 0.06025705 0.07172875]
2022/09/01 11:24:29 -------update alpha finished------
2022/09/01 11:24:29 The epoch_out: 4, epoch_in: 9 of training alpha finished, alpha: [0.38436716 0.08125437 0.11290227 0.06540537 0.08164852 0.09248007
 0.08812295 0.09381928]
2022/09/01 11:24:34 epoch_out: 5, epoch_in: 0, loss: 1.1947323068976403
2022/09/01 11:24:39 epoch_out: 5, epoch_in: 1, loss: 0.2945655152201653
2022/09/01 11:24:44 epoch_out: 5, epoch_in: 2, loss: 0.09621039405465126
2022/09/01 11:24:49 epoch_out: 5, epoch_in: 3, loss: 0.0079533651471138
2022/09/01 11:24:54 epoch_out: 5, epoch_in: 4, loss: -0.04961008727550507
2022/09/01 11:24:59 epoch_out: 5, epoch_in: 5, loss: -0.09300910159945489
2022/09/01 11:25:04 epoch_out: 5, epoch_in: 6, loss: -0.08645768016576767
2022/09/01 11:25:09 epoch_out: 5, epoch_in: 7, loss: -0.1279376871883869
2022/09/01 11:25:14 epoch_out: 5, epoch_in: 8, loss: -0.14668601751327515
2022/09/01 11:25:18 epoch_out: 5, epoch_in: 9, loss: -0.20363440960645676
2022/09/01 11:25:18 The epoch_out: 5, epoch_in: 9 of training F and G finished, losslist: [1.1947323068976403, 0.2945655152201653, 0.09621039405465126, 0.0079533651471138, -0.04961008727550507, -0.09300910159945489, -0.08645768016576767, -0.1279376871883869, -0.14668601751327515, -0.20363440960645676], acclist: [0, 0.45, 0.435, 0.46, 0.45, 0.435, 0.455, 0.465, 0.435, 0.445, 0.475, 0.455, 0.44, 0.45, 0.465, 0.435, 0.45, 0.45, 0.48, 0.475, 0.455, 0.44, 0.465, 0.49, 0.43, 0.445, 0.47, 0.495, 0.475, 0.46, 0.45, 0.465, 0.47, 0.44, 0.46, 0.46, 0.48, 0.44, 0.465, 0.45, 0.465, 0.445, 0.445, 0.42, 0.445, 0.48, 0.5, 0.47, 0.45, 0.445, 0.475, 0.45, 0.46, 0.455, 0.46, 0.445, 0.46, 0.47, 0.465, 0.455, 0.445, 0.475, 0.47, 0.44, 0.45, 0.46, 0.455, 0.485, 0.475, 0.445, 0.455, 0.485, 0.51, 0.465, 0.425, 0.45, 0.44, 0.43, 0.445, 0.43, 0.475, 0.485, 0.465, 0.49, 0.455, 0.465, 0.455, 0.46, 0.455, 0.465, 0.445, 0.465, 0.455, 0.465, 0.445, 0.455, 0.445, 0.5, 0.465, 0.5, 0.46, 0.51, 0.5, 0.475, 0.47, 0.455, 0.45, 0.46, 0.485, 0.49, 0.47, 0.425, 0.45, 0.46, 0.465, 0.46, 0.42, 0.455, 0.455, 0.43, 0.445, 0.47, 0.475, 0.49, 0.48, 0.47, 0.505, 0.46, 0.45, 0.455, 0.46, 0.415, 0.43, 0.385, 0.44, 0.455, 0.485, 0.485, 0.475, 0.47, 0.495, 0.455, 0.475, 0.46, 0.45, 0.485, 0.46, 0.495, 0.44, 0.455, 0.465, 0.46, 0.48, 0.455, 0.44, 0.485, 0.47, 0.47, 0.45, 0.46, 0.47, 0.46, 0.465, 0.45, 0.475, 0.455, 0.51, 0.475, 0.425, 0.475, 0.465, 0.455, 0.445, 0.43, 0.45, 0.415, 0.44, 0.48, 0.425, 0.47, 0.45, 0.415, 0.445, 0.45, 0.435, 0.45, 0.44, 0.465, 0.475, 0.43, 0.46, 0.455, 0.465, 0.435, 0.455, 0.495, 0.455, 0.45, 0.45, 0.45, 0.48], finalacc: 0.51, alpha: [0.38436716 0.08125437 0.11290227 0.06540537 0.08164852 0.09248007
 0.08812295 0.09381928]
2022/09/01 11:25:19 -------update alpha finished------
2022/09/01 11:25:19 The epoch_out: 5, epoch_in: 9 of training alpha finished, alpha: [0.41880817 0.1115924  0.08868846 0.07735291 0.04953988 0.08972473
 0.06455171 0.09974173]
2022/09/01 11:25:24 epoch_out: 6, epoch_in: 0, loss: 1.3276159748435021
2022/09/01 11:25:29 epoch_out: 6, epoch_in: 1, loss: 0.3188630521297455
2022/09/01 11:25:34 epoch_out: 6, epoch_in: 2, loss: 0.16629310548305512
2022/09/01 11:25:39 epoch_out: 6, epoch_in: 3, loss: 0.06783792972564698
2022/09/01 11:25:44 epoch_out: 6, epoch_in: 4, loss: 0.004116083681583405
2022/09/01 11:25:48 epoch_out: 6, epoch_in: 5, loss: -0.00681142657995224
2022/09/01 11:25:53 epoch_out: 6, epoch_in: 6, loss: -0.028446699678897857
2022/09/01 11:25:58 epoch_out: 6, epoch_in: 7, loss: -0.07179375439882278
2022/09/01 11:26:03 epoch_out: 6, epoch_in: 8, loss: -0.08512171804904937
2022/09/01 11:26:08 epoch_out: 6, epoch_in: 9, loss: -0.13343604132533074
2022/09/01 11:26:08 The epoch_out: 6, epoch_in: 9 of training F and G finished, losslist: [1.3276159748435021, 0.3188630521297455, 0.16629310548305512, 0.06783792972564698, 0.004116083681583405, -0.00681142657995224, -0.028446699678897857, -0.07179375439882278, -0.08512171804904937, -0.13343604132533074], acclist: [0, 0.485, 0.5, 0.535, 0.5, 0.505, 0.52, 0.5, 0.52, 0.535, 0.56, 0.515, 0.52, 0.51, 0.525, 0.54, 0.535, 0.51, 0.505, 0.515, 0.535, 0.545, 0.54, 0.52, 0.545, 0.54, 0.52, 0.52, 0.545, 0.52, 0.525, 0.52, 0.5, 0.5, 0.515, 0.5, 0.495, 0.515, 0.49, 0.5, 0.495, 0.505, 0.525, 0.52, 0.515, 0.51, 0.535, 0.49, 0.485, 0.5, 0.51, 0.52, 0.515, 0.525, 0.495, 0.505, 0.515, 0.52, 0.54, 0.53, 0.5, 0.515, 0.51, 0.545, 0.555, 0.545, 0.545, 0.51, 0.515, 0.51, 0.485, 0.505, 0.505, 0.49, 0.55, 0.56, 0.52, 0.52, 0.485, 0.55, 0.535, 0.515, 0.53, 0.545, 0.53, 0.5, 0.51, 0.52, 0.54, 0.515, 0.525, 0.5, 0.51, 0.525, 0.525, 0.52, 0.54, 0.495, 0.515, 0.51, 0.505, 0.52, 0.51, 0.505, 0.52, 0.53, 0.525, 0.505, 0.51, 0.515, 0.495, 0.505, 0.51, 0.495, 0.5, 0.515, 0.505, 0.54, 0.515, 0.485, 0.53, 0.49, 0.525, 0.5, 0.515, 0.505, 0.535, 0.505, 0.545, 0.505, 0.53, 0.53, 0.53, 0.52, 0.515, 0.54, 0.525, 0.5, 0.525, 0.525, 0.54, 0.56, 0.51, 0.53, 0.49, 0.5, 0.525, 0.525, 0.525, 0.51, 0.5, 0.51, 0.535, 0.52, 0.515, 0.49, 0.515, 0.495, 0.535, 0.54, 0.53, 0.525, 0.51, 0.5, 0.545, 0.51, 0.495, 0.51, 0.51, 0.49, 0.555, 0.545, 0.515, 0.49, 0.52, 0.505, 0.52, 0.505, 0.52, 0.515, 0.48, 0.505, 0.495, 0.515, 0.53, 0.54, 0.5, 0.52, 0.535, 0.525, 0.53, 0.52, 0.515, 0.51, 0.51, 0.515, 0.5, 0.55, 0.48, 0.5, 0.495], finalacc: 0.56, alpha: [0.41880817 0.1115924  0.08868846 0.07735291 0.04953988 0.08972473
 0.06455171 0.09974173]
2022/09/01 11:26:08 -------update alpha finished------
2022/09/01 11:26:08 The epoch_out: 6, epoch_in: 9 of training alpha finished, alpha: [0.36574094 0.10451399 0.06166305 0.06832082 0.09287609 0.10084549
 0.09636336 0.10967627]
2022/09/01 11:26:14 epoch_out: 7, epoch_in: 0, loss: 0.9618199169635773
2022/09/01 11:26:18 epoch_out: 7, epoch_in: 1, loss: 0.19892115890979767
2022/09/01 11:26:23 epoch_out: 7, epoch_in: 2, loss: 0.0475571520626545
2022/09/01 11:26:28 epoch_out: 7, epoch_in: 3, loss: 0.023524246364831924
2022/09/01 11:26:33 epoch_out: 7, epoch_in: 4, loss: -0.05226784199476242
2022/09/01 11:26:38 epoch_out: 7, epoch_in: 5, loss: -0.08342318832874299
2022/09/01 11:26:43 epoch_out: 7, epoch_in: 6, loss: -0.12890991643071176
2022/09/01 11:26:48 epoch_out: 7, epoch_in: 7, loss: -0.1340787850320339
2022/09/01 11:26:53 epoch_out: 7, epoch_in: 8, loss: -0.20362309217453003
2022/09/01 11:26:57 epoch_out: 7, epoch_in: 9, loss: -0.2480812706053257
2022/09/01 11:26:57 The epoch_out: 7, epoch_in: 9 of training F and G finished, losslist: [0.9618199169635773, 0.19892115890979767, 0.0475571520626545, 0.023524246364831924, -0.05226784199476242, -0.08342318832874299, -0.12890991643071176, -0.1340787850320339, -0.20362309217453003, -0.2480812706053257], acclist: [0, 0.51, 0.56, 0.51, 0.49, 0.495, 0.485, 0.455, 0.49, 0.475, 0.485, 0.465, 0.485, 0.455, 0.515, 0.48, 0.48, 0.475, 0.435, 0.49, 0.49, 0.515, 0.48, 0.475, 0.475, 0.495, 0.44, 0.49, 0.475, 0.475, 0.475, 0.48, 0.475, 0.46, 0.45, 0.45, 0.48, 0.45, 0.465, 0.485, 0.465, 0.46, 0.485, 0.475, 0.465, 0.495, 0.48, 0.475, 0.475, 0.46, 0.46, 0.48, 0.46, 0.475, 0.47, 0.46, 0.465, 0.445, 0.435, 0.455, 0.465, 0.47, 0.44, 0.465, 0.485, 0.47, 0.5, 0.435, 0.47, 0.465, 0.46, 0.505, 0.475, 0.47, 0.475, 0.5, 0.465, 0.41, 0.485, 0.46, 0.42, 0.42, 0.44, 0.49, 0.465, 0.465, 0.465, 0.445, 0.455, 0.445, 0.47, 0.465, 0.445, 0.435, 0.475, 0.5, 0.49, 0.5, 0.46, 0.45, 0.47, 0.475, 0.475, 0.49, 0.51, 0.475, 0.49, 0.49, 0.445, 0.455, 0.495, 0.455, 0.45, 0.45, 0.47, 0.455, 0.47, 0.495, 0.465, 0.475, 0.46, 0.47, 0.475, 0.475, 0.49, 0.47, 0.485, 0.495, 0.485, 0.495, 0.48, 0.48, 0.49, 0.445, 0.49, 0.47, 0.46, 0.48, 0.49, 0.48, 0.435, 0.47, 0.445, 0.435, 0.45, 0.475, 0.46, 0.47, 0.465, 0.47, 0.495, 0.475, 0.465, 0.475, 0.47, 0.48, 0.505, 0.48, 0.475, 0.475, 0.485, 0.465, 0.475, 0.47, 0.455, 0.495, 0.47, 0.505, 0.485, 0.505, 0.48, 0.5, 0.465, 0.48, 0.455, 0.46, 0.45, 0.485, 0.48, 0.445, 0.5, 0.5, 0.475, 0.51, 0.5, 0.485, 0.48, 0.475, 0.495, 0.455, 0.49, 0.48, 0.465, 0.49, 0.48, 0.475, 0.475, 0.49, 0.49, 0.475, 0.48], finalacc: 0.56, alpha: [0.36574094 0.10451399 0.06166305 0.06832082 0.09287609 0.10084549
 0.09636336 0.10967627]
2022/09/01 11:26:58 -------update alpha finished------
2022/09/01 11:26:58 The epoch_out: 7, epoch_in: 9 of training alpha finished, alpha: [0.47755177 0.07300069 0.075712   0.09230708 0.01618276 0.06958089
 0.10699068 0.08867412]
2022/09/01 11:27:03 epoch_out: 8, epoch_in: 0, loss: 1.1853184163570405
2022/09/01 11:27:08 epoch_out: 8, epoch_in: 1, loss: 0.30557266920804976
2022/09/01 11:27:13 epoch_out: 8, epoch_in: 2, loss: 0.15098728239536285
2022/09/01 11:27:18 epoch_out: 8, epoch_in: 3, loss: 0.06882874667644501
2022/09/01 11:27:23 epoch_out: 8, epoch_in: 4, loss: 0.01654265373945236
2022/09/01 11:27:28 epoch_out: 8, epoch_in: 5, loss: -0.009276233613491058
2022/09/01 11:27:32 epoch_out: 8, epoch_in: 6, loss: -0.060347753763198855
2022/09/01 11:27:37 epoch_out: 8, epoch_in: 7, loss: -0.10227108746767044
2022/09/01 11:27:42 epoch_out: 8, epoch_in: 8, loss: -0.10123014301061631
2022/09/01 11:27:47 epoch_out: 8, epoch_in: 9, loss: -0.12965112030506135
2022/09/01 11:27:47 The epoch_out: 8, epoch_in: 9 of training F and G finished, losslist: [1.1853184163570405, 0.30557266920804976, 0.15098728239536285, 0.06882874667644501, 0.01654265373945236, -0.009276233613491058, -0.060347753763198855, -0.10227108746767044, -0.10123014301061631, -0.12965112030506135], acclist: [0, 0.475, 0.445, 0.455, 0.48, 0.48, 0.525, 0.505, 0.54, 0.495, 0.535, 0.505, 0.505, 0.495, 0.545, 0.53, 0.505, 0.53, 0.505, 0.53, 0.535, 0.505, 0.485, 0.515, 0.52, 0.525, 0.51, 0.485, 0.505, 0.475, 0.515, 0.54, 0.515, 0.545, 0.515, 0.54, 0.54, 0.515, 0.485, 0.535, 0.47, 0.52, 0.53, 0.51, 0.5, 0.53, 0.51, 0.53, 0.51, 0.53, 0.51, 0.51, 0.515, 0.465, 0.53, 0.525, 0.49, 0.49, 0.52, 0.505, 0.49, 0.505, 0.515, 0.5, 0.545, 0.535, 0.49, 0.525, 0.485, 0.51, 0.485, 0.52, 0.52, 0.54, 0.535, 0.49, 0.485, 0.47, 0.535, 0.53, 0.495, 0.51, 0.49, 0.47, 0.495, 0.515, 0.495, 0.505, 0.505, 0.51, 0.53, 0.47, 0.52, 0.495, 0.51, 0.535, 0.525, 0.525, 0.52, 0.48, 0.51, 0.52, 0.535, 0.5, 0.54, 0.54, 0.5, 0.515, 0.495, 0.53, 0.5, 0.49, 0.515, 0.485, 0.48, 0.535, 0.515, 0.495, 0.485, 0.515, 0.47, 0.51, 0.5, 0.5, 0.505, 0.49, 0.515, 0.53, 0.52, 0.5, 0.515, 0.495, 0.485, 0.49, 0.515, 0.53, 0.49, 0.515, 0.52, 0.515, 0.51, 0.525, 0.515, 0.505, 0.5, 0.515, 0.5, 0.52, 0.505, 0.5, 0.51, 0.515, 0.525, 0.48, 0.53, 0.51, 0.525, 0.51, 0.475, 0.48, 0.5, 0.54, 0.5, 0.5, 0.485, 0.505, 0.515, 0.515, 0.505, 0.5, 0.52, 0.51, 0.52, 0.515, 0.475, 0.53, 0.51, 0.505, 0.505, 0.525, 0.51, 0.5, 0.495, 0.54, 0.52, 0.49, 0.5, 0.495, 0.51, 0.515, 0.515, 0.525, 0.53, 0.5, 0.52, 0.525, 0.495, 0.515, 0.515, 0.51, 0.51], finalacc: 0.545, alpha: [0.47755177 0.07300069 0.075712   0.09230708 0.01618276 0.06958089
 0.10699068 0.08867412]
2022/09/01 11:27:48 -------update alpha finished------
2022/09/01 11:27:48 The epoch_out: 8, epoch_in: 9 of training alpha finished, alpha: [0.47741156 0.07318363 0.06174492 0.0800228  0.07390189 0.08201791
 0.07849891 0.07321839]
2022/09/01 11:27:53 epoch_out: 9, epoch_in: 0, loss: 1.4569161400198936
2022/09/01 11:27:58 epoch_out: 9, epoch_in: 1, loss: 0.524056001752615
2022/09/01 11:28:03 epoch_out: 9, epoch_in: 2, loss: 0.2429845944046974
2022/09/01 11:28:07 epoch_out: 9, epoch_in: 3, loss: 0.12591681405901908
2022/09/01 11:28:12 epoch_out: 9, epoch_in: 4, loss: 0.033267897367477414
2022/09/01 11:28:17 epoch_out: 9, epoch_in: 5, loss: -0.026530146598815918
2022/09/01 11:28:22 epoch_out: 9, epoch_in: 6, loss: -0.03180860131978989
2022/09/01 11:28:27 epoch_out: 9, epoch_in: 7, loss: -0.08261519968509674
2022/09/01 11:28:32 epoch_out: 9, epoch_in: 8, loss: -0.0745405949652195
2022/09/01 11:28:37 epoch_out: 9, epoch_in: 9, loss: -0.10102545619010925
2022/09/01 11:28:37 The epoch_out: 9, epoch_in: 9 of training F and G finished, losslist: [1.4569161400198936, 0.524056001752615, 0.2429845944046974, 0.12591681405901908, 0.033267897367477414, -0.026530146598815918, -0.03180860131978989, -0.08261519968509674, -0.0745405949652195, -0.10102545619010925], acclist: [0, 0.51, 0.515, 0.485, 0.495, 0.495, 0.51, 0.515, 0.485, 0.52, 0.525, 0.51, 0.51, 0.46, 0.48, 0.48, 0.48, 0.51, 0.485, 0.49, 0.515, 0.505, 0.505, 0.535, 0.525, 0.525, 0.51, 0.5, 0.55, 0.54, 0.515, 0.5, 0.495, 0.495, 0.52, 0.495, 0.49, 0.475, 0.5, 0.5, 0.505, 0.505, 0.495, 0.535, 0.495, 0.54, 0.485, 0.49, 0.515, 0.495, 0.52, 0.515, 0.505, 0.53, 0.535, 0.475, 0.48, 0.495, 0.515, 0.54, 0.5, 0.495, 0.47, 0.52, 0.52, 0.54, 0.51, 0.485, 0.48, 0.495, 0.49, 0.505, 0.505, 0.515, 0.53, 0.51, 0.53, 0.52, 0.495, 0.53, 0.53, 0.535, 0.49, 0.535, 0.52, 0.5, 0.495, 0.53, 0.53, 0.53, 0.545, 0.505, 0.505, 0.535, 0.515, 0.505, 0.5, 0.5, 0.5, 0.51, 0.535, 0.495, 0.54, 0.515, 0.54, 0.53, 0.555, 0.51, 0.525, 0.515, 0.51, 0.51, 0.525, 0.495, 0.475, 0.48, 0.515, 0.465, 0.51, 0.545, 0.525, 0.52, 0.53, 0.56, 0.515, 0.51, 0.51, 0.53, 0.55, 0.5, 0.51, 0.515, 0.54, 0.51, 0.48, 0.525, 0.52, 0.525, 0.54, 0.51, 0.505, 0.51, 0.5, 0.51, 0.515, 0.505, 0.49, 0.51, 0.515, 0.49, 0.545, 0.535, 0.55, 0.525, 0.525, 0.52, 0.53, 0.545, 0.53, 0.55, 0.485, 0.525, 0.475, 0.5, 0.54, 0.51, 0.54, 0.535, 0.51, 0.55, 0.49, 0.51, 0.54, 0.525, 0.53, 0.55, 0.54, 0.48, 0.505, 0.5, 0.52, 0.505, 0.535, 0.525, 0.485, 0.515, 0.52, 0.51, 0.53, 0.515, 0.52, 0.545, 0.535, 0.53, 0.53, 0.55, 0.54, 0.55, 0.53, 0.565, 0.525], finalacc: 0.565, alpha: [0.47741156 0.07318363 0.06174492 0.0800228  0.07390189 0.08201791
 0.07849891 0.07321839]
2022/09/01 11:28:37 -------update alpha finished------
2022/09/01 11:28:37 The epoch_out: 9, epoch_in: 9 of training alpha finished, alpha: [0.40917199 0.09310766 0.06730081 0.09206769 0.09103887 0.0918635
 0.06589158 0.08955789]
2022/09/01 11:28:42 epoch_out: 10, epoch_in: 0, loss: 1.1909292846918107
2022/09/01 11:28:47 epoch_out: 10, epoch_in: 1, loss: 0.24435204416513442
2022/09/01 11:28:52 epoch_out: 10, epoch_in: 2, loss: 0.07648537307977676
2022/09/01 11:28:57 epoch_out: 10, epoch_in: 3, loss: 0.018261292576789857
2022/09/01 11:29:02 epoch_out: 10, epoch_in: 4, loss: -0.02154054120182991
2022/09/01 11:29:07 epoch_out: 10, epoch_in: 5, loss: -0.03573971837759018
2022/09/01 11:29:12 epoch_out: 10, epoch_in: 6, loss: -0.07256400138139725
2022/09/01 11:29:17 epoch_out: 10, epoch_in: 7, loss: -0.08530492857098579
2022/09/01 11:29:22 epoch_out: 10, epoch_in: 8, loss: -0.09225813448429107
2022/09/01 11:29:26 epoch_out: 10, epoch_in: 9, loss: -0.09493912011384964
2022/09/01 11:29:26 The epoch_out: 10, epoch_in: 9 of training F and G finished, losslist: [1.1909292846918107, 0.24435204416513442, 0.07648537307977676, 0.018261292576789857, -0.02154054120182991, -0.03573971837759018, -0.07256400138139725, -0.08530492857098579, -0.09225813448429107, -0.09493912011384964], acclist: [0, 0.535, 0.515, 0.525, 0.49, 0.51, 0.49, 0.515, 0.52, 0.535, 0.53, 0.525, 0.49, 0.495, 0.49, 0.485, 0.52, 0.495, 0.52, 0.53, 0.515, 0.51, 0.53, 0.495, 0.505, 0.515, 0.5, 0.485, 0.5, 0.515, 0.5, 0.495, 0.53, 0.495, 0.54, 0.51, 0.465, 0.47, 0.49, 0.48, 0.525, 0.535, 0.49, 0.455, 0.505, 0.5, 0.48, 0.455, 0.49, 0.475, 0.485, 0.54, 0.505, 0.53, 0.51, 0.48, 0.47, 0.54, 0.49, 0.485, 0.5, 0.53, 0.525, 0.52, 0.5, 0.53, 0.515, 0.52, 0.515, 0.53, 0.5, 0.53, 0.555, 0.505, 0.525, 0.5, 0.55, 0.505, 0.52, 0.535, 0.49, 0.5, 0.51, 0.48, 0.51, 0.505, 0.515, 0.515, 0.5, 0.52, 0.54, 0.515, 0.52, 0.54, 0.5, 0.51, 0.525, 0.51, 0.525, 0.515, 0.5, 0.51, 0.515, 0.505, 0.515, 0.52, 0.52, 0.515, 0.505, 0.505, 0.51, 0.535, 0.525, 0.54, 0.515, 0.5, 0.525, 0.535, 0.51, 0.545, 0.54, 0.505, 0.505, 0.555, 0.535, 0.535, 0.53, 0.52, 0.53, 0.53, 0.54, 0.535, 0.505, 0.505, 0.505, 0.535, 0.505, 0.52, 0.55, 0.555, 0.535, 0.525, 0.55, 0.53, 0.515, 0.53, 0.535, 0.525, 0.525, 0.515, 0.495, 0.54, 0.515, 0.515, 0.53, 0.565, 0.53, 0.525, 0.54, 0.535, 0.545, 0.555, 0.525, 0.525, 0.555, 0.545, 0.54, 0.56, 0.525, 0.505, 0.53, 0.555, 0.515, 0.535, 0.55, 0.535, 0.52, 0.55, 0.525, 0.535, 0.495, 0.5, 0.545, 0.525, 0.535, 0.54, 0.505, 0.55, 0.53, 0.535, 0.55, 0.565, 0.55, 0.525, 0.52, 0.505, 0.55, 0.535, 0.545, 0.585, 0.58], finalacc: 0.585, alpha: [0.40917199 0.09310766 0.06730081 0.09206769 0.09103887 0.0918635
 0.06589158 0.08955789]
2022/09/01 11:29:27 -------update alpha finished------
2022/09/01 11:29:27 The epoch_out: 10, epoch_in: 9 of training alpha finished, alpha: [0.22040993 0.11727258 0.10719795 0.10915741 0.11756362 0.10959656
 0.10609932 0.11270262]
2022/09/01 11:29:32 epoch_out: 11, epoch_in: 0, loss: 0.9552166298031807
2022/09/01 11:29:37 epoch_out: 11, epoch_in: 1, loss: 0.2594611421227455
2022/09/01 11:29:42 epoch_out: 11, epoch_in: 2, loss: 0.18004142604768275
2022/09/01 11:29:47 epoch_out: 11, epoch_in: 3, loss: 0.048028499633073804
2022/09/01 11:29:52 epoch_out: 11, epoch_in: 4, loss: 0.034456247463822365
2022/09/01 11:29:56 epoch_out: 11, epoch_in: 5, loss: 0.009102071449160577
2022/09/01 11:30:01 epoch_out: 11, epoch_in: 6, loss: -0.023271184787154196
2022/09/01 11:30:06 epoch_out: 11, epoch_in: 7, loss: -0.06810447722673416
2022/09/01 11:30:11 epoch_out: 11, epoch_in: 8, loss: -0.1229574043303728
2022/09/01 11:30:16 epoch_out: 11, epoch_in: 9, loss: -0.14266369640827178
2022/09/01 11:30:16 The epoch_out: 11, epoch_in: 9 of training F and G finished, losslist: [0.9552166298031807, 0.2594611421227455, 0.18004142604768275, 0.048028499633073804, 0.034456247463822365, 0.009102071449160577, -0.023271184787154196, -0.06810447722673416, -0.1229574043303728, -0.14266369640827178], acclist: [0, 0.53, 0.47, 0.445, 0.51, 0.545, 0.555, 0.545, 0.55, 0.555, 0.545, 0.58, 0.57, 0.55, 0.565, 0.595, 0.56, 0.555, 0.555, 0.56, 0.565, 0.54, 0.565, 0.565, 0.565, 0.59, 0.535, 0.55, 0.535, 0.555, 0.545, 0.54, 0.57, 0.56, 0.545, 0.595, 0.575, 0.565, 0.585, 0.585, 0.555, 0.565, 0.575, 0.56, 0.525, 0.58, 0.56, 0.565, 0.56, 0.565, 0.59, 0.55, 0.56, 0.57, 0.58, 0.575, 0.565, 0.595, 0.575, 0.55, 0.53, 0.575, 0.6, 0.59, 0.595, 0.555, 0.54, 0.565, 0.535, 0.535, 0.535, 0.595, 0.575, 0.57, 0.575, 0.595, 0.575, 0.6, 0.605, 0.565, 0.575, 0.57, 0.555, 0.59, 0.58, 0.555, 0.52, 0.54, 0.555, 0.6, 0.575, 0.565, 0.57, 0.575, 0.595, 0.58, 0.615, 0.575, 0.58, 0.575, 0.53, 0.57, 0.55, 0.59, 0.565, 0.565, 0.595, 0.58, 0.55, 0.545, 0.565, 0.535, 0.56, 0.565, 0.55, 0.51, 0.545, 0.565, 0.58, 0.575, 0.595, 0.57, 0.59, 0.575, 0.56, 0.575, 0.59, 0.55, 0.58, 0.585, 0.555, 0.55, 0.57, 0.57, 0.54, 0.56, 0.555, 0.58, 0.565, 0.57, 0.59, 0.61, 0.59, 0.59, 0.6, 0.585, 0.585, 0.565, 0.57, 0.575, 0.575, 0.57, 0.58, 0.555, 0.58, 0.555, 0.575, 0.595, 0.585, 0.58, 0.58, 0.585, 0.575, 0.57, 0.58, 0.56, 0.585, 0.555, 0.56, 0.565, 0.57, 0.585, 0.57, 0.57, 0.575, 0.57, 0.555, 0.585, 0.57, 0.535, 0.555, 0.56, 0.555, 0.535, 0.6, 0.57, 0.565, 0.56, 0.555, 0.59, 0.615, 0.585, 0.565, 0.585, 0.59, 0.59, 0.55, 0.57, 0.585, 0.595, 0.53], finalacc: 0.615, alpha: [0.22040993 0.11727258 0.10719795 0.10915741 0.11756362 0.10959656
 0.10609932 0.11270262]
2022/09/01 11:30:17 -------update alpha finished------
2022/09/01 11:30:17 The epoch_out: 11, epoch_in: 9 of training alpha finished, alpha: [0.37034626 0.07248    0.09585229 0.09206453 0.04463565 0.10484569
 0.09939744 0.12037814]
2022/09/01 11:30:22 epoch_out: 12, epoch_in: 0, loss: 0.7184748858213424
2022/09/01 11:30:27 epoch_out: 12, epoch_in: 1, loss: 0.25032822489738465
2022/09/01 11:30:32 epoch_out: 12, epoch_in: 2, loss: 0.11342359408736229
2022/09/01 11:30:37 epoch_out: 12, epoch_in: 3, loss: 0.05069877430796623
2022/09/01 11:30:42 epoch_out: 12, epoch_in: 4, loss: -0.010318108275532723
2022/09/01 11:30:47 epoch_out: 12, epoch_in: 5, loss: -0.03958913721144199
2022/09/01 11:30:52 epoch_out: 12, epoch_in: 6, loss: -0.053601262718439104
2022/09/01 11:30:57 epoch_out: 12, epoch_in: 7, loss: -0.07159906253218651
2022/09/01 11:31:02 epoch_out: 12, epoch_in: 8, loss: -0.09636913761496543
2022/09/01 11:31:06 epoch_out: 12, epoch_in: 9, loss: -0.11009944677352905
2022/09/01 11:31:06 The epoch_out: 12, epoch_in: 9 of training F and G finished, losslist: [0.7184748858213424, 0.25032822489738465, 0.11342359408736229, 0.05069877430796623, -0.010318108275532723, -0.03958913721144199, -0.053601262718439104, -0.07159906253218651, -0.09636913761496543, -0.11009944677352905], acclist: [0, 0.57, 0.475, 0.49, 0.485, 0.51, 0.53, 0.505, 0.49, 0.48, 0.47, 0.47, 0.52, 0.445, 0.48, 0.495, 0.475, 0.48, 0.5, 0.47, 0.465, 0.475, 0.47, 0.45, 0.515, 0.49, 0.465, 0.51, 0.48, 0.49, 0.46, 0.45, 0.465, 0.455, 0.475, 0.485, 0.515, 0.495, 0.495, 0.46, 0.46, 0.465, 0.445, 0.46, 0.475, 0.465, 0.45, 0.475, 0.515, 0.5, 0.52, 0.485, 0.505, 0.475, 0.475, 0.47, 0.465, 0.475, 0.505, 0.485, 0.48, 0.5, 0.51, 0.475, 0.485, 0.49, 0.47, 0.48, 0.495, 0.505, 0.51, 0.47, 0.5, 0.475, 0.51, 0.48, 0.495, 0.495, 0.485, 0.47, 0.49, 0.49, 0.485, 0.47, 0.49, 0.45, 0.49, 0.49, 0.495, 0.5, 0.46, 0.455, 0.46, 0.46, 0.465, 0.46, 0.49, 0.465, 0.51, 0.495, 0.515, 0.505, 0.45, 0.505, 0.5, 0.47, 0.49, 0.515, 0.48, 0.49, 0.46, 0.485, 0.455, 0.48, 0.5, 0.485, 0.515, 0.495, 0.52, 0.51, 0.475, 0.485, 0.505, 0.495, 0.505, 0.525, 0.505, 0.51, 0.48, 0.48, 0.515, 0.485, 0.5, 0.47, 0.475, 0.475, 0.48, 0.47, 0.455, 0.485, 0.49, 0.505, 0.48, 0.51, 0.485, 0.48, 0.5, 0.47, 0.49, 0.495, 0.49, 0.5, 0.495, 0.485, 0.48, 0.48, 0.515, 0.465, 0.505, 0.46, 0.45, 0.5, 0.48, 0.45, 0.485, 0.515, 0.51, 0.465, 0.455, 0.47, 0.505, 0.475, 0.47, 0.45, 0.49, 0.515, 0.51, 0.5, 0.485, 0.475, 0.5, 0.47, 0.505, 0.515, 0.51, 0.505, 0.505, 0.49, 0.485, 0.485, 0.485, 0.49, 0.515, 0.465, 0.465, 0.475, 0.505, 0.485, 0.49, 0.485, 0.49], finalacc: 0.57, alpha: [0.37034626 0.07248    0.09585229 0.09206453 0.04463565 0.10484569
 0.09939744 0.12037814]
2022/09/01 11:31:07 -------update alpha finished------
2022/09/01 11:31:07 The epoch_out: 12, epoch_in: 9 of training alpha finished, alpha: [0.29887015 0.08394724 0.10049179 0.10048028 0.09890335 0.10296722
 0.0998986  0.11444136]
2022/09/01 11:31:12 epoch_out: 13, epoch_in: 0, loss: 1.1671289063990116
2022/09/01 11:31:17 epoch_out: 13, epoch_in: 1, loss: 0.1624632865190506
2022/09/01 11:31:22 epoch_out: 13, epoch_in: 2, loss: 0.08286738246679307
2022/09/01 11:31:27 epoch_out: 13, epoch_in: 3, loss: 0.027074966579675674
2022/09/01 11:31:32 epoch_out: 13, epoch_in: 4, loss: -0.0397916566580534
