2022/09/01 11:41:45 available device: cuda:0
2022/09/01 11:41:45 batch_size: 100
2022/09/01 11:41:53 epoch_out: 0, epoch_in: 0, loss: 1.1404971152544021
2022/09/01 11:41:56 epoch_out: 0, epoch_in: 1, loss: 0.48849318325519564
2022/09/01 11:41:59 epoch_out: 0, epoch_in: 2, loss: 0.38349699676036836
2022/09/01 11:42:02 epoch_out: 0, epoch_in: 3, loss: 0.2914490684866905
2022/09/01 11:42:04 epoch_out: 0, epoch_in: 4, loss: 0.19251493588089943
2022/09/01 11:42:07 epoch_out: 0, epoch_in: 5, loss: 0.09698079079389572
2022/09/01 11:42:10 epoch_out: 0, epoch_in: 6, loss: 0.09330125376582146
2022/09/01 11:42:13 epoch_out: 0, epoch_in: 7, loss: 0.06601812243461609
2022/09/01 11:42:15 epoch_out: 0, epoch_in: 8, loss: 0.04686887264251709
2022/09/01 11:42:18 epoch_out: 0, epoch_in: 9, loss: 0.03488260582089424
2022/09/01 11:42:18 The epoch_out: 0, epoch_in: 9 of training F and G finished, losslist: [1.1404971152544021, 0.48849318325519564, 0.38349699676036836, 0.2914490684866905, 0.19251493588089943, 0.09698079079389572, 0.09330125376582146, 0.06601812243461609, 0.04686887264251709, 0.03488260582089424], acclist: [0, 0.475, 0.48, 0.46, 0.475, 0.51, 0.535, 0.545, 0.51, 0.505, 0.535, 0.56, 0.5, 0.525, 0.515, 0.54, 0.52, 0.555, 0.55, 0.525, 0.515, 0.52, 0.51, 0.535, 0.515, 0.5, 0.545, 0.545, 0.53, 0.55, 0.54, 0.53, 0.535, 0.545, 0.52, 0.535, 0.54, 0.56, 0.535, 0.555, 0.55, 0.555, 0.565, 0.535, 0.535, 0.55, 0.535, 0.525, 0.54, 0.55, 0.53, 0.55, 0.58, 0.57, 0.565, 0.53, 0.535, 0.56, 0.545, 0.52, 0.555, 0.56, 0.56, 0.555, 0.535, 0.54, 0.55, 0.585, 0.53, 0.535, 0.545, 0.545, 0.575, 0.55, 0.56, 0.565, 0.575, 0.56, 0.55, 0.55, 0.545, 0.59, 0.56, 0.55, 0.555, 0.54, 0.53, 0.575, 0.56, 0.585, 0.565, 0.56, 0.565, 0.575, 0.565, 0.55, 0.55, 0.555, 0.55, 0.6, 0.575], finalacc: 0.6, alpha: tensor([0.1210, 0.0675, 0.2815, 0.1617, 0.2340, 0.0956, 0.0134, 0.0253])
2022/09/01 11:42:19 -------update alpha finished------
2022/09/01 11:42:19 The epoch_out: 0, epoch_in: 9 of training alpha finished, alpha: [0.34726668 0.09530401 0.08258656 0.08460402 0.09952403 0.08656206
 0.10697747 0.09717517]
2022/09/01 11:42:22 epoch_out: 1, epoch_in: 0, loss: 1.827878826856613
2022/09/01 11:42:25 epoch_out: 1, epoch_in: 1, loss: 0.554915726184845
2022/09/01 11:42:27 epoch_out: 1, epoch_in: 2, loss: 0.3258513301610947
2022/09/01 11:42:30 epoch_out: 1, epoch_in: 3, loss: 0.2560241550207138
2022/09/01 11:42:33 epoch_out: 1, epoch_in: 4, loss: 0.21894049197435378
2022/09/01 11:42:36 epoch_out: 1, epoch_in: 5, loss: 0.14377371966838837
2022/09/01 11:42:39 epoch_out: 1, epoch_in: 6, loss: 0.12872085571289063
2022/09/01 11:42:41 epoch_out: 1, epoch_in: 7, loss: 0.085853411257267
2022/09/01 11:42:44 epoch_out: 1, epoch_in: 8, loss: 0.03485854119062424
2022/09/01 11:42:47 epoch_out: 1, epoch_in: 9, loss: 0.007306303828954697
2022/09/01 11:42:47 The epoch_out: 1, epoch_in: 9 of training F and G finished, losslist: [1.827878826856613, 0.554915726184845, 0.3258513301610947, 0.2560241550207138, 0.21894049197435378, 0.14377371966838837, 0.12872085571289063, 0.085853411257267, 0.03485854119062424, 0.007306303828954697], acclist: [0, 0.375, 0.405, 0.415, 0.395, 0.395, 0.425, 0.42, 0.425, 0.445, 0.425, 0.45, 0.46, 0.445, 0.46, 0.43, 0.455, 0.44, 0.425, 0.425, 0.43, 0.45, 0.42, 0.44, 0.43, 0.44, 0.44, 0.43, 0.445, 0.435, 0.435, 0.42, 0.435, 0.425, 0.42, 0.445, 0.45, 0.45, 0.45, 0.445, 0.455, 0.435, 0.47, 0.45, 0.435, 0.415, 0.42, 0.425, 0.41, 0.435, 0.445, 0.465, 0.415, 0.435, 0.455, 0.465, 0.425, 0.43, 0.42, 0.435, 0.445, 0.425, 0.45, 0.43, 0.435, 0.44, 0.43, 0.465, 0.44, 0.455, 0.42, 0.44, 0.465, 0.475, 0.445, 0.45, 0.435, 0.415, 0.455, 0.44, 0.435, 0.445, 0.45, 0.43, 0.445, 0.415, 0.435, 0.425, 0.445, 0.445, 0.435, 0.455, 0.45, 0.44, 0.43, 0.46, 0.44, 0.435, 0.465, 0.465, 0.415], finalacc: 0.475, alpha: [0.34726668 0.09530401 0.08258656 0.08460402 0.09952403 0.08656206
 0.10697747 0.09717517]
2022/09/01 11:42:48 -------update alpha finished------
2022/09/01 11:42:48 The epoch_out: 1, epoch_in: 9 of training alpha finished, alpha: [0.34252344 0.07421664 0.0884878  0.11183938 0.0957967  0.09361597
 0.09765368 0.09586637]
2022/09/01 11:42:51 epoch_out: 2, epoch_in: 0, loss: 1.9364750862121582
2022/09/01 11:42:53 epoch_out: 2, epoch_in: 1, loss: 0.5790625840425492
2022/09/01 11:42:56 epoch_out: 2, epoch_in: 2, loss: 0.3063346713781357
2022/09/01 11:42:59 epoch_out: 2, epoch_in: 3, loss: 0.22812368124723434
2022/09/01 11:43:02 epoch_out: 2, epoch_in: 4, loss: 0.1786016196012497
2022/09/01 11:43:05 epoch_out: 2, epoch_in: 5, loss: 0.13327667266130447
2022/09/01 11:43:08 epoch_out: 2, epoch_in: 6, loss: 0.024825382232666015
2022/09/01 11:43:10 epoch_out: 2, epoch_in: 7, loss: 0.028233444690704344
2022/09/01 11:43:13 epoch_out: 2, epoch_in: 8, loss: -0.007948407530784607
2022/09/01 11:43:16 epoch_out: 2, epoch_in: 9, loss: -0.027245846390724183
2022/09/01 11:43:16 The epoch_out: 2, epoch_in: 9 of training F and G finished, losslist: [1.9364750862121582, 0.5790625840425492, 0.3063346713781357, 0.22812368124723434, 0.1786016196012497, 0.13327667266130447, 0.024825382232666015, 0.028233444690704344, -0.007948407530784607, -0.027245846390724183], acclist: [0, 0.595, 0.565, 0.58, 0.505, 0.495, 0.515, 0.495, 0.505, 0.49, 0.475, 0.475, 0.485, 0.505, 0.505, 0.505, 0.5, 0.485, 0.505, 0.495, 0.45, 0.485, 0.47, 0.46, 0.495, 0.505, 0.475, 0.48, 0.48, 0.52, 0.48, 0.51, 0.51, 0.485, 0.485, 0.5, 0.495, 0.47, 0.475, 0.505, 0.47, 0.5, 0.48, 0.47, 0.48, 0.47, 0.48, 0.51, 0.505, 0.495, 0.505, 0.495, 0.505, 0.5, 0.51, 0.475, 0.47, 0.49, 0.47, 0.5, 0.475, 0.485, 0.49, 0.495, 0.515, 0.52, 0.51, 0.53, 0.505, 0.515, 0.48, 0.5, 0.495, 0.495, 0.495, 0.53, 0.515, 0.485, 0.52, 0.505, 0.48, 0.495, 0.47, 0.475, 0.51, 0.535, 0.52, 0.51, 0.515, 0.515, 0.505, 0.505, 0.485, 0.48, 0.505, 0.5, 0.495, 0.5, 0.515, 0.485, 0.535], finalacc: 0.595, alpha: [0.34252344 0.07421664 0.0884878  0.11183938 0.0957967  0.09361597
 0.09765368 0.09586637]
2022/09/01 11:43:16 -------update alpha finished------
2022/09/01 11:43:16 The epoch_out: 2, epoch_in: 9 of training alpha finished, alpha: [0.28492831 0.10358617 0.10443526 0.10829611 0.09840484 0.09385408
 0.10469485 0.10180038]
2022/09/01 11:43:19 epoch_out: 3, epoch_in: 0, loss: 0.7678482532501221
2022/09/01 11:43:22 epoch_out: 3, epoch_in: 1, loss: 0.20185481756925583
2022/09/01 11:43:25 epoch_out: 3, epoch_in: 2, loss: 0.06642435342073441
2022/09/01 11:43:28 epoch_out: 3, epoch_in: 3, loss: 0.048254876583814624
2022/09/01 11:43:31 epoch_out: 3, epoch_in: 4, loss: 0.010518940538167954
2022/09/01 11:43:33 epoch_out: 3, epoch_in: 5, loss: 0.028231028467416763
2022/09/01 11:43:36 epoch_out: 3, epoch_in: 6, loss: -0.01375081017613411
2022/09/01 11:43:39 epoch_out: 3, epoch_in: 7, loss: -0.02952522858977318
2022/09/01 11:43:42 epoch_out: 3, epoch_in: 8, loss: -0.04222573786973953
2022/09/01 11:43:45 epoch_out: 3, epoch_in: 9, loss: -0.04732559472322464
2022/09/01 11:43:45 The epoch_out: 3, epoch_in: 9 of training F and G finished, losslist: [0.7678482532501221, 0.20185481756925583, 0.06642435342073441, 0.048254876583814624, 0.010518940538167954, 0.028231028467416763, -0.01375081017613411, -0.02952522858977318, -0.04222573786973953, -0.04732559472322464], acclist: [0, 0.515, 0.52, 0.5, 0.5, 0.48, 0.465, 0.49, 0.485, 0.475, 0.49, 0.49, 0.495, 0.485, 0.475, 0.465, 0.47, 0.51, 0.45, 0.465, 0.48, 0.46, 0.485, 0.475, 0.46, 0.5, 0.49, 0.5, 0.5, 0.455, 0.47, 0.48, 0.48, 0.475, 0.465, 0.465, 0.51, 0.5, 0.47, 0.515, 0.47, 0.495, 0.48, 0.475, 0.45, 0.5, 0.485, 0.495, 0.48, 0.465, 0.445, 0.485, 0.475, 0.49, 0.48, 0.475, 0.475, 0.475, 0.475, 0.49, 0.445, 0.43, 0.475, 0.485, 0.47, 0.475, 0.465, 0.46, 0.49, 0.465, 0.45, 0.485, 0.485, 0.45, 0.485, 0.465, 0.45, 0.475, 0.495, 0.47, 0.46, 0.435, 0.455, 0.46, 0.46, 0.465, 0.445, 0.48, 0.475, 0.49, 0.465, 0.465, 0.445, 0.45, 0.47, 0.475, 0.485, 0.485, 0.47, 0.48, 0.47], finalacc: 0.52, alpha: [0.28492831 0.10358617 0.10443526 0.10829611 0.09840484 0.09385408
 0.10469485 0.10180038]
2022/09/01 11:43:45 -------update alpha finished------
2022/09/01 11:43:45 The epoch_out: 3, epoch_in: 9 of training alpha finished, alpha: [0.18623489 0.11623812 0.11388353 0.11508499 0.11595689 0.11267425
 0.11578246 0.12414488]
2022/09/01 11:43:48 epoch_out: 4, epoch_in: 0, loss: 0.7148575931787491
2022/09/01 11:43:51 epoch_out: 4, epoch_in: 1, loss: 0.2311397984623909
2022/09/01 11:43:54 epoch_out: 4, epoch_in: 2, loss: 0.12865018993616104
2022/09/01 11:43:57 epoch_out: 4, epoch_in: 3, loss: 0.046294395625591275
2022/09/01 11:43:59 epoch_out: 4, epoch_in: 4, loss: 0.033309833705425264
2022/09/01 11:44:02 epoch_out: 4, epoch_in: 5, loss: -0.016606064140796663
2022/09/01 11:44:05 epoch_out: 4, epoch_in: 6, loss: -0.04640614986419678
2022/09/01 11:44:08 epoch_out: 4, epoch_in: 7, loss: -0.090924933552742
2022/09/01 11:44:11 epoch_out: 4, epoch_in: 8, loss: -0.09179500043392182
2022/09/01 11:44:13 epoch_out: 4, epoch_in: 9, loss: -0.1383925460278988
2022/09/01 11:44:13 The epoch_out: 4, epoch_in: 9 of training F and G finished, losslist: [0.7148575931787491, 0.2311397984623909, 0.12865018993616104, 0.046294395625591275, 0.033309833705425264, -0.016606064140796663, -0.04640614986419678, -0.090924933552742, -0.09179500043392182, -0.1383925460278988], acclist: [0, 0.575, 0.535, 0.57, 0.53, 0.495, 0.485, 0.5, 0.52, 0.49, 0.51, 0.515, 0.525, 0.515, 0.515, 0.51, 0.505, 0.495, 0.505, 0.495, 0.485, 0.515, 0.515, 0.5, 0.47, 0.5, 0.495, 0.5, 0.485, 0.5, 0.52, 0.505, 0.51, 0.49, 0.505, 0.505, 0.505, 0.505, 0.505, 0.5, 0.485, 0.505, 0.515, 0.47, 0.475, 0.505, 0.495, 0.525, 0.52, 0.485, 0.505, 0.495, 0.48, 0.53, 0.525, 0.485, 0.495, 0.485, 0.485, 0.475, 0.5, 0.475, 0.515, 0.515, 0.505, 0.49, 0.475, 0.475, 0.47, 0.49, 0.53, 0.52, 0.51, 0.53, 0.505, 0.525, 0.485, 0.46, 0.505, 0.495, 0.505, 0.52, 0.535, 0.535, 0.495, 0.495, 0.51, 0.495, 0.525, 0.525, 0.515, 0.505, 0.505, 0.48, 0.53, 0.5, 0.48, 0.54, 0.505, 0.54, 0.525], finalacc: 0.575, alpha: [0.18623489 0.11623812 0.11388353 0.11508499 0.11595689 0.11267425
 0.11578246 0.12414488]
2022/09/01 11:44:14 -------update alpha finished------
2022/09/01 11:44:14 The epoch_out: 4, epoch_in: 9 of training alpha finished, alpha: [0.31955827 0.09968636 0.09302324 0.10985226 0.09186557 0.10619689
 0.0913713  0.0884461 ]
2022/09/01 11:44:17 epoch_out: 5, epoch_in: 0, loss: 1.5317289054393768
2022/09/01 11:44:20 epoch_out: 5, epoch_in: 1, loss: 0.692390751838684
2022/09/01 11:44:23 epoch_out: 5, epoch_in: 2, loss: 0.369391068816185
2022/09/01 11:44:25 epoch_out: 5, epoch_in: 3, loss: 0.2506689429283142
2022/09/01 11:44:28 epoch_out: 5, epoch_in: 4, loss: 0.18889065682888032
2022/09/01 11:44:31 epoch_out: 5, epoch_in: 5, loss: 0.13400394916534425
2022/09/01 11:44:34 epoch_out: 5, epoch_in: 6, loss: 0.1098134160041809
2022/09/01 11:44:37 epoch_out: 5, epoch_in: 7, loss: 0.09820387810468674
2022/09/01 11:44:39 epoch_out: 5, epoch_in: 8, loss: 0.05548326820135117
2022/09/01 11:44:42 epoch_out: 5, epoch_in: 9, loss: 0.051181718707084656
2022/09/01 11:44:42 The epoch_out: 5, epoch_in: 9 of training F and G finished, losslist: [1.5317289054393768, 0.692390751838684, 0.369391068816185, 0.2506689429283142, 0.18889065682888032, 0.13400394916534425, 0.1098134160041809, 0.09820387810468674, 0.05548326820135117, 0.051181718707084656], acclist: [0, 0.48, 0.47, 0.45, 0.465, 0.45, 0.475, 0.455, 0.47, 0.465, 0.46, 0.455, 0.46, 0.485, 0.465, 0.475, 0.465, 0.445, 0.435, 0.48, 0.445, 0.485, 0.475, 0.455, 0.48, 0.435, 0.455, 0.445, 0.475, 0.465, 0.43, 0.47, 0.47, 0.49, 0.475, 0.48, 0.47, 0.46, 0.48, 0.46, 0.45, 0.455, 0.48, 0.465, 0.445, 0.465, 0.45, 0.465, 0.465, 0.48, 0.445, 0.475, 0.465, 0.465, 0.46, 0.455, 0.475, 0.465, 0.495, 0.48, 0.455, 0.455, 0.445, 0.465, 0.495, 0.475, 0.445, 0.45, 0.435, 0.47, 0.47, 0.435, 0.47, 0.46, 0.465, 0.455, 0.475, 0.48, 0.5, 0.495, 0.465, 0.465, 0.465, 0.465, 0.49, 0.465, 0.455, 0.44, 0.44, 0.5, 0.485, 0.455, 0.46, 0.46, 0.455, 0.455, 0.46, 0.48, 0.45, 0.46, 0.45], finalacc: 0.5, alpha: [0.31955827 0.09968636 0.09302324 0.10985226 0.09186557 0.10619689
 0.0913713  0.0884461 ]
2022/09/01 11:44:43 -------update alpha finished------
2022/09/01 11:44:43 The epoch_out: 5, epoch_in: 9 of training alpha finished, alpha: [0.28445171 0.08507028 0.11168955 0.11119607 0.10537107 0.09007291
 0.10051823 0.11163019]
2022/09/01 11:44:46 epoch_out: 6, epoch_in: 0, loss: 1.8726229786872863
2022/09/01 11:44:48 epoch_out: 6, epoch_in: 1, loss: 0.792527836561203
2022/09/01 11:44:51 epoch_out: 6, epoch_in: 2, loss: 0.40150652527809144
2022/09/01 11:44:54 epoch_out: 6, epoch_in: 3, loss: 0.2775489717721939
2022/09/01 11:44:57 epoch_out: 6, epoch_in: 4, loss: 0.12594950944185257
2022/09/01 11:45:00 epoch_out: 6, epoch_in: 5, loss: 0.12095392048358918
2022/09/01 11:45:02 epoch_out: 6, epoch_in: 6, loss: 0.09660602658987046
2022/09/01 11:45:05 epoch_out: 6, epoch_in: 7, loss: 0.06094847619533539
2022/09/01 11:45:08 epoch_out: 6, epoch_in: 8, loss: 0.0008945822715759278
2022/09/01 11:45:11 epoch_out: 6, epoch_in: 9, loss: -0.021921391785144805
2022/09/01 11:45:11 The epoch_out: 6, epoch_in: 9 of training F and G finished, losslist: [1.8726229786872863, 0.792527836561203, 0.40150652527809144, 0.2775489717721939, 0.12594950944185257, 0.12095392048358918, 0.09660602658987046, 0.06094847619533539, 0.0008945822715759278, -0.021921391785144805], acclist: [0, 0.5, 0.52, 0.53, 0.525, 0.515, 0.475, 0.485, 0.47, 0.5, 0.515, 0.495, 0.495, 0.51, 0.5, 0.49, 0.49, 0.48, 0.49, 0.48, 0.5, 0.49, 0.52, 0.505, 0.485, 0.5, 0.495, 0.495, 0.48, 0.51, 0.5, 0.5, 0.5, 0.515, 0.49, 0.49, 0.5, 0.5, 0.47, 0.485, 0.475, 0.495, 0.465, 0.485, 0.505, 0.495, 0.49, 0.485, 0.49, 0.505, 0.515, 0.505, 0.48, 0.49, 0.5, 0.495, 0.5, 0.5, 0.52, 0.515, 0.485, 0.49, 0.505, 0.515, 0.515, 0.51, 0.49, 0.485, 0.495, 0.505, 0.495, 0.5, 0.495, 0.515, 0.5, 0.495, 0.52, 0.485, 0.5, 0.51, 0.48, 0.485, 0.495, 0.475, 0.485, 0.465, 0.505, 0.51, 0.505, 0.5, 0.5, 0.485, 0.495, 0.5, 0.495, 0.495, 0.515, 0.5, 0.49, 0.5, 0.485], finalacc: 0.53, alpha: [0.28445171 0.08507028 0.11168955 0.11119607 0.10537107 0.09007291
 0.10051823 0.11163019]
2022/09/01 11:45:11 -------update alpha finished------
2022/09/01 11:45:11 The epoch_out: 6, epoch_in: 9 of training alpha finished, alpha: [0.49212905 0.08400366 0.06772986 0.06309963 0.07697582 0.08479513
 0.07086329 0.06040356]
2022/09/01 11:45:14 epoch_out: 7, epoch_in: 0, loss: 1.1526366531848908
2022/09/01 11:45:17 epoch_out: 7, epoch_in: 1, loss: 0.29985463470220564
2022/09/01 11:45:20 epoch_out: 7, epoch_in: 2, loss: 0.061365097761154175
2022/09/01 11:45:23 epoch_out: 7, epoch_in: 3, loss: 0.038455772399902347
2022/09/01 11:45:26 epoch_out: 7, epoch_in: 4, loss: -0.02026052474975586
2022/09/01 11:45:28 epoch_out: 7, epoch_in: 5, loss: -0.07694708406925202
2022/09/01 11:45:31 epoch_out: 7, epoch_in: 6, loss: -0.0958025798201561
2022/09/01 11:45:34 epoch_out: 7, epoch_in: 7, loss: -0.12358711659908295
2022/09/01 11:45:37 epoch_out: 7, epoch_in: 8, loss: -0.09679272770881653
2022/09/01 11:45:40 epoch_out: 7, epoch_in: 9, loss: -0.12869990170001983
2022/09/01 11:45:40 The epoch_out: 7, epoch_in: 9 of training F and G finished, losslist: [1.1526366531848908, 0.29985463470220564, 0.061365097761154175, 0.038455772399902347, -0.02026052474975586, -0.07694708406925202, -0.0958025798201561, -0.12358711659908295, -0.09679272770881653, -0.12869990170001983], acclist: [0, 0.53, 0.54, 0.515, 0.495, 0.51, 0.48, 0.49, 0.5, 0.525, 0.5, 0.5, 0.55, 0.52, 0.515, 0.52, 0.505, 0.51, 0.47, 0.515, 0.51, 0.505, 0.52, 0.525, 0.505, 0.535, 0.5, 0.5, 0.535, 0.5, 0.545, 0.515, 0.505, 0.515, 0.505, 0.52, 0.51, 0.525, 0.535, 0.51, 0.495, 0.53, 0.49, 0.515, 0.535, 0.535, 0.49, 0.53, 0.53, 0.525, 0.505, 0.51, 0.51, 0.535, 0.515, 0.54, 0.535, 0.545, 0.515, 0.505, 0.52, 0.52, 0.515, 0.53, 0.5, 0.51, 0.525, 0.54, 0.515, 0.52, 0.54, 0.57, 0.53, 0.535, 0.535, 0.53, 0.535, 0.505, 0.565, 0.53, 0.52, 0.51, 0.515, 0.53, 0.53, 0.535, 0.53, 0.505, 0.525, 0.525, 0.54, 0.53, 0.52, 0.495, 0.495, 0.52, 0.525, 0.535, 0.555, 0.555, 0.555], finalacc: 0.57, alpha: [0.49212905 0.08400366 0.06772986 0.06309963 0.07697582 0.08479513
 0.07086329 0.06040356]
2022/09/01 11:45:40 -------update alpha finished------
2022/09/01 11:45:40 The epoch_out: 7, epoch_in: 9 of training alpha finished, alpha: [0.28398702 0.11498426 0.10782701 0.07246354 0.10114382 0.10693436
 0.10546406 0.10719592]
2022/09/01 11:45:43 epoch_out: 8, epoch_in: 0, loss: 1.3140218675136566
2022/09/01 11:45:46 epoch_out: 8, epoch_in: 1, loss: 0.6410301953554154
2022/09/01 11:45:49 epoch_out: 8, epoch_in: 2, loss: 0.42863649129867554
2022/09/01 11:45:52 epoch_out: 8, epoch_in: 3, loss: 0.25708199590444564
2022/09/01 11:45:54 epoch_out: 8, epoch_in: 4, loss: 0.2223152443766594
2022/09/01 11:45:57 epoch_out: 8, epoch_in: 5, loss: 0.19954957142472268
2022/09/01 11:46:00 epoch_out: 8, epoch_in: 6, loss: 0.18123081922531128
2022/09/01 11:46:03 epoch_out: 8, epoch_in: 7, loss: 0.08003014773130417
2022/09/01 11:46:06 epoch_out: 8, epoch_in: 8, loss: 0.13810988739132882
2022/09/01 11:46:08 epoch_out: 8, epoch_in: 9, loss: 0.07460964769124985
2022/09/01 11:46:08 The epoch_out: 8, epoch_in: 9 of training F and G finished, losslist: [1.3140218675136566, 0.6410301953554154, 0.42863649129867554, 0.25708199590444564, 0.2223152443766594, 0.19954957142472268, 0.18123081922531128, 0.08003014773130417, 0.13810988739132882, 0.07460964769124985], acclist: [0, 0.51, 0.49, 0.52, 0.535, 0.6, 0.6, 0.58, 0.585, 0.57, 0.6, 0.57, 0.59, 0.585, 0.59, 0.575, 0.59, 0.585, 0.565, 0.605, 0.59, 0.565, 0.63, 0.565, 0.585, 0.575, 0.575, 0.57, 0.59, 0.595, 0.605, 0.58, 0.605, 0.575, 0.6, 0.61, 0.58, 0.595, 0.555, 0.56, 0.595, 0.61, 0.6, 0.59, 0.59, 0.59, 0.56, 0.595, 0.585, 0.57, 0.565, 0.585, 0.62, 0.61, 0.595, 0.595, 0.615, 0.59, 0.6, 0.605, 0.585, 0.59, 0.585, 0.57, 0.585, 0.615, 0.6, 0.59, 0.605, 0.565, 0.595, 0.605, 0.59, 0.595, 0.575, 0.565, 0.56, 0.59, 0.605, 0.61, 0.585, 0.58, 0.585, 0.565, 0.595, 0.62, 0.615, 0.59, 0.59, 0.565, 0.565, 0.585, 0.605, 0.58, 0.6, 0.585, 0.63, 0.58, 0.585, 0.595, 0.58], finalacc: 0.63, alpha: [0.28398702 0.11498426 0.10782701 0.07246354 0.10114382 0.10693436
 0.10546406 0.10719592]
2022/09/01 11:46:09 -------update alpha finished------
2022/09/01 11:46:09 The epoch_out: 8, epoch_in: 9 of training alpha finished, alpha: [0.3097161  0.0957642  0.10043965 0.10029136 0.09902291 0.09237738
 0.10442241 0.09796598]
2022/09/01 11:46:12 epoch_out: 9, epoch_in: 0, loss: 1.6225871086120605
2022/09/01 11:46:15 epoch_out: 9, epoch_in: 1, loss: 0.5909717947244644
2022/09/01 11:46:18 epoch_out: 9, epoch_in: 2, loss: 0.3127139762043953
2022/09/01 11:46:20 epoch_out: 9, epoch_in: 3, loss: 0.2660850614309311
2022/09/01 11:46:23 epoch_out: 9, epoch_in: 4, loss: 0.19058778434991835
2022/09/01 11:46:26 epoch_out: 9, epoch_in: 5, loss: 0.15678922086954117
2022/09/01 11:46:29 epoch_out: 9, epoch_in: 6, loss: 0.07407709807157517
2022/09/01 11:46:32 epoch_out: 9, epoch_in: 7, loss: 0.06455637365579606
2022/09/01 11:46:34 epoch_out: 9, epoch_in: 8, loss: 0.07145108804106712
2022/09/01 11:46:37 epoch_out: 9, epoch_in: 9, loss: 0.04617007002234459
2022/09/01 11:46:37 The epoch_out: 9, epoch_in: 9 of training F and G finished, losslist: [1.6225871086120605, 0.5909717947244644, 0.3127139762043953, 0.2660850614309311, 0.19058778434991835, 0.15678922086954117, 0.07407709807157517, 0.06455637365579606, 0.07145108804106712, 0.04617007002234459], acclist: [0, 0.54, 0.515, 0.53, 0.52, 0.525, 0.54, 0.52, 0.505, 0.51, 0.525, 0.485, 0.52, 0.495, 0.51, 0.495, 0.535, 0.51, 0.505, 0.52, 0.545, 0.515, 0.495, 0.5, 0.535, 0.52, 0.495, 0.495, 0.51, 0.505, 0.505, 0.485, 0.515, 0.54, 0.515, 0.53, 0.52, 0.5, 0.485, 0.525, 0.515, 0.535, 0.51, 0.52, 0.515, 0.52, 0.52, 0.52, 0.525, 0.49, 0.495, 0.485, 0.53, 0.515, 0.525, 0.515, 0.495, 0.525, 0.505, 0.5, 0.51, 0.51, 0.53, 0.505, 0.52, 0.5, 0.495, 0.525, 0.495, 0.51, 0.515, 0.51, 0.48, 0.515, 0.505, 0.515, 0.485, 0.48, 0.52, 0.495, 0.49, 0.49, 0.51, 0.515, 0.51, 0.51, 0.48, 0.495, 0.505, 0.515, 0.51, 0.52, 0.54, 0.48, 0.495, 0.505, 0.51, 0.475, 0.495, 0.5, 0.51], finalacc: 0.545, alpha: [0.3097161  0.0957642  0.10043965 0.10029136 0.09902291 0.09237738
 0.10442241 0.09796598]
2022/09/01 11:46:38 -------update alpha finished------
2022/09/01 11:46:38 The epoch_out: 9, epoch_in: 9 of training alpha finished, alpha: [0.25705044 0.10636449 0.10947642 0.10936917 0.10730734 0.10287858
 0.10897545 0.09857812]
2022/09/01 11:46:41 epoch_out: 10, epoch_in: 0, loss: 1.3354656219482421
2022/09/01 11:46:44 epoch_out: 10, epoch_in: 1, loss: 0.6679232776165008
2022/09/01 11:46:46 epoch_out: 10, epoch_in: 2, loss: 0.5088209837675095
2022/09/01 11:46:49 epoch_out: 10, epoch_in: 3, loss: 0.3425726994872093
2022/09/01 11:46:52 epoch_out: 10, epoch_in: 4, loss: 0.30207670032978057
2022/09/01 11:46:55 epoch_out: 10, epoch_in: 5, loss: 0.31988817974925043
2022/09/01 11:46:58 epoch_out: 10, epoch_in: 6, loss: 0.27376268059015274
2022/09/01 11:47:00 epoch_out: 10, epoch_in: 7, loss: 0.17738894671201705
2022/09/01 11:47:03 epoch_out: 10, epoch_in: 8, loss: 0.15937323570251466
2022/09/01 11:47:06 epoch_out: 10, epoch_in: 9, loss: 0.11236288100481033
2022/09/01 11:47:06 The epoch_out: 10, epoch_in: 9 of training F and G finished, losslist: [1.3354656219482421, 0.6679232776165008, 0.5088209837675095, 0.3425726994872093, 0.30207670032978057, 0.31988817974925043, 0.27376268059015274, 0.17738894671201705, 0.15937323570251466, 0.11236288100481033], acclist: [0, 0.525, 0.46, 0.505, 0.48, 0.49, 0.455, 0.435, 0.49, 0.465, 0.47, 0.485, 0.465, 0.495, 0.485, 0.49, 0.475, 0.48, 0.435, 0.435, 0.465, 0.475, 0.47, 0.485, 0.46, 0.485, 0.475, 0.475, 0.48, 0.46, 0.475, 0.455, 0.44, 0.48, 0.47, 0.495, 0.465, 0.455, 0.49, 0.49, 0.455, 0.505, 0.475, 0.485, 0.45, 0.465, 0.485, 0.48, 0.465, 0.475, 0.45, 0.43, 0.45, 0.465, 0.455, 0.445, 0.495, 0.5, 0.5, 0.46, 0.47, 0.47, 0.48, 0.445, 0.45, 0.45, 0.49, 0.475, 0.495, 0.485, 0.46, 0.46, 0.47, 0.52, 0.475, 0.47, 0.48, 0.485, 0.465, 0.455, 0.48, 0.455, 0.47, 0.465, 0.495, 0.49, 0.505, 0.47, 0.455, 0.485, 0.495, 0.49, 0.505, 0.475, 0.485, 0.48, 0.48, 0.495, 0.46, 0.49, 0.475], finalacc: 0.525, alpha: [0.25705044 0.10636449 0.10947642 0.10936917 0.10730734 0.10287858
 0.10897545 0.09857812]
2022/09/01 11:47:06 -------update alpha finished------
2022/09/01 11:47:06 The epoch_out: 10, epoch_in: 9 of training alpha finished, alpha: [0.24279255 0.12824744 0.1099523  0.09648945 0.10159019 0.10820082
 0.10128159 0.11144566]
2022/09/01 11:47:09 epoch_out: 11, epoch_in: 0, loss: 2.3527127742767333
2022/09/01 11:47:12 epoch_out: 11, epoch_in: 1, loss: 0.6407568097114563
2022/09/01 11:47:15 epoch_out: 11, epoch_in: 2, loss: 0.5067993879318238
2022/09/01 11:47:18 epoch_out: 11, epoch_in: 3, loss: 0.3395041286945343
2022/09/01 11:47:21 epoch_out: 11, epoch_in: 4, loss: 0.22519928365945815
2022/09/01 11:47:23 epoch_out: 11, epoch_in: 5, loss: 0.14898582845926284
2022/09/01 11:47:26 epoch_out: 11, epoch_in: 6, loss: 0.08609951287508011
2022/09/01 11:47:29 epoch_out: 11, epoch_in: 7, loss: 0.04082487151026726
2022/09/01 11:47:32 epoch_out: 11, epoch_in: 8, loss: 0.005532969534397125
2022/09/01 11:47:34 epoch_out: 11, epoch_in: 9, loss: 0.02273726612329483
2022/09/01 11:47:34 The epoch_out: 11, epoch_in: 9 of training F and G finished, losslist: [2.3527127742767333, 0.6407568097114563, 0.5067993879318238, 0.3395041286945343, 0.22519928365945815, 0.14898582845926284, 0.08609951287508011, 0.04082487151026726, 0.005532969534397125, 0.02273726612329483], acclist: [0, 0.485, 0.555, 0.51, 0.53, 0.55, 0.525, 0.545, 0.54, 0.545, 0.525, 0.545, 0.54, 0.56, 0.54, 0.525, 0.52, 0.505, 0.535, 0.52, 0.555, 0.535, 0.53, 0.545, 0.56, 0.535, 0.545, 0.515, 0.55, 0.555, 0.56, 0.54, 0.53, 0.535, 0.54, 0.535, 0.535, 0.545, 0.56, 0.545, 0.55, 0.545, 0.52, 0.535, 0.53, 0.535, 0.54, 0.53, 0.54, 0.52, 0.55, 0.555, 0.525, 0.51, 0.515, 0.52, 0.535, 0.55, 0.55, 0.525, 0.53, 0.54, 0.53, 0.55, 0.565, 0.515, 0.52, 0.535, 0.54, 0.515, 0.54, 0.56, 0.555, 0.53, 0.525, 0.535, 0.54, 0.55, 0.53, 0.535, 0.535, 0.53, 0.54, 0.555, 0.55, 0.545, 0.54, 0.525, 0.525, 0.54, 0.55, 0.57, 0.53, 0.52, 0.52, 0.55, 0.55, 0.555, 0.545, 0.54, 0.545], finalacc: 0.57, alpha: [0.24279255 0.12824744 0.1099523  0.09648945 0.10159019 0.10820082
 0.10128159 0.11144566]
2022/09/01 11:47:35 -------update alpha finished------
2022/09/01 11:47:35 The epoch_out: 11, epoch_in: 9 of training alpha finished, alpha: [0.42927189 0.07268763 0.07831649 0.04013223 0.07441502 0.08953837
 0.13878113 0.07685724]
2022/09/01 11:47:38 epoch_out: 12, epoch_in: 0, loss: 1.1810246974229812
2022/09/01 11:47:41 epoch_out: 12, epoch_in: 1, loss: 0.4064674526453018
2022/09/01 11:47:43 epoch_out: 12, epoch_in: 2, loss: 0.15254176259040833
2022/09/01 11:47:46 epoch_out: 12, epoch_in: 3, loss: 0.08495620489120484
2022/09/01 11:47:49 epoch_out: 12, epoch_in: 4, loss: 0.026504004001617433
2022/09/01 11:47:52 epoch_out: 12, epoch_in: 5, loss: -0.011111658811569215
2022/09/01 11:47:55 epoch_out: 12, epoch_in: 6, loss: -0.026112127304077148
2022/09/01 11:47:57 epoch_out: 12, epoch_in: 7, loss: -0.05852980017662048
2022/09/01 11:48:00 epoch_out: 12, epoch_in: 8, loss: -0.10816361904144287
2022/09/01 11:48:03 epoch_out: 12, epoch_in: 9, loss: -0.11614129543304444
2022/09/01 11:48:03 The epoch_out: 12, epoch_in: 9 of training F and G finished, losslist: [1.1810246974229812, 0.4064674526453018, 0.15254176259040833, 0.08495620489120484, 0.026504004001617433, -0.011111658811569215, -0.026112127304077148, -0.05852980017662048, -0.10816361904144287, -0.11614129543304444], acclist: [0, 0.49, 0.485, 0.445, 0.42, 0.44, 0.46, 0.475, 0.465, 0.46, 0.455, 0.455, 0.48, 0.455, 0.465, 0.45, 0.465, 0.46, 0.445, 0.46, 0.455, 0.435, 0.45, 0.445, 0.44, 0.46, 0.465, 0.485, 0.455, 0.47, 0.47, 0.455, 0.415, 0.46, 0.475, 0.46, 0.475, 0.46, 0.45, 0.44, 0.48, 0.495, 0.46, 0.475, 0.455, 0.47, 0.46, 0.455, 0.435, 0.455, 0.47, 0.46, 0.455, 0.47, 0.46, 0.46, 0.47, 0.475, 0.455, 0.475, 0.48, 0.455, 0.475, 0.49, 0.47, 0.46, 0.495, 0.44, 0.49, 0.44, 0.47, 0.44, 0.46, 0.465, 0.445, 0.45, 0.455, 0.46, 0.49, 0.48, 0.45, 0.47, 0.485, 0.47, 0.45, 0.465, 0.465, 0.455, 0.485, 0.47, 0.475, 0.45, 0.465, 0.465, 0.48, 0.475, 0.455, 0.47, 0.46, 0.46, 0.475], finalacc: 0.495, alpha: [0.42927189 0.07268763 0.07831649 0.04013223 0.07441502 0.08953837
 0.13878113 0.07685724]
2022/09/01 11:48:03 -------update alpha finished------
2022/09/01 11:48:03 The epoch_out: 12, epoch_in: 9 of training alpha finished, alpha: [0.25569567 0.10134911 0.11426449 0.1112346  0.0955973  0.10858622
 0.11760253 0.0956701 ]
2022/09/01 11:48:06 epoch_out: 13, epoch_in: 0, loss: 2.102983844280243
2022/09/01 11:48:09 epoch_out: 13, epoch_in: 1, loss: 0.8663073539733886
2022/09/01 11:48:12 epoch_out: 13, epoch_in: 2, loss: 0.5319307953119278
2022/09/01 11:48:15 epoch_out: 13, epoch_in: 3, loss: 0.5152477025985718
2022/09/01 11:48:18 epoch_out: 13, epoch_in: 4, loss: 0.2740435555577278
2022/09/01 11:48:20 epoch_out: 13, epoch_in: 5, loss: 0.13417472690343857
2022/09/01 11:48:23 epoch_out: 13, epoch_in: 6, loss: 0.12683210149407387
2022/09/01 11:48:26 epoch_out: 13, epoch_in: 7, loss: 0.1465444065630436
2022/09/01 11:48:29 epoch_out: 13, epoch_in: 8, loss: 0.06291703283786773
2022/09/01 11:48:31 epoch_out: 13, epoch_in: 9, loss: 0.06420352905988694
2022/09/01 11:48:31 The epoch_out: 13, epoch_in: 9 of training F and G finished, losslist: [2.102983844280243, 0.8663073539733886, 0.5319307953119278, 0.5152477025985718, 0.2740435555577278, 0.13417472690343857, 0.12683210149407387, 0.1465444065630436, 0.06291703283786773, 0.06420352905988694], acclist: [0, 0.41, 0.425, 0.43, 0.47, 0.415, 0.44, 0.435, 0.435, 0.445, 0.43, 0.45, 0.45, 0.44, 0.44, 0.43, 0.435, 0.435, 0.44, 0.42, 0.435, 0.45, 0.455, 0.445, 0.44, 0.43, 0.44, 0.44, 0.435, 0.43, 0.43, 0.425, 0.45, 0.43, 0.46, 0.43, 0.45, 0.445, 0.41, 0.46, 0.425, 0.43, 0.445, 0.42, 0.445, 0.43, 0.425, 0.39, 0.435, 0.425, 0.445, 0.43, 0.445, 0.4, 0.435, 0.44, 0.44, 0.435, 0.425, 0.45, 0.425, 0.435, 0.44, 0.44, 0.435, 0.44, 0.425, 0.44, 0.435, 0.445, 0.445, 0.44, 0.455, 0.43, 0.42, 0.425, 0.46, 0.42, 0.38, 0.43, 0.43, 0.41, 0.44, 0.425, 0.415, 0.435, 0.43, 0.44, 0.45, 0.45, 0.47, 0.44, 0.455, 0.43, 0.44, 0.44, 0.435, 0.455, 0.445, 0.46, 0.435], finalacc: 0.47, alpha: [0.25569567 0.10134911 0.11426449 0.1112346  0.0955973  0.10858622
 0.11760253 0.0956701 ]
2022/09/01 11:48:32 -------update alpha finished------
2022/09/01 11:48:32 The epoch_out: 13, epoch_in: 9 of training alpha finished, alpha: [0.44605709 0.07460522 0.08323248 0.10198866 0.03860961 0.06597963
 0.08098242 0.10854488]
2022/09/01 11:48:35 epoch_out: 14, epoch_in: 0, loss: 1.1982295364141464
2022/09/01 11:48:38 epoch_out: 14, epoch_in: 1, loss: 0.4592873573303223
2022/09/01 11:48:40 epoch_out: 14, epoch_in: 2, loss: 0.22771392166614532
2022/09/01 11:48:43 epoch_out: 14, epoch_in: 3, loss: 0.11240556687116623
2022/09/01 11:48:46 epoch_out: 14, epoch_in: 4, loss: 0.0011241257190704346
2022/09/01 11:48:49 epoch_out: 14, epoch_in: 5, loss: -8.166134357452392e-05
2022/09/01 11:48:52 epoch_out: 14, epoch_in: 6, loss: -0.016785553097724913
2022/09/01 11:48:54 epoch_out: 14, epoch_in: 7, loss: -0.05871198177337646
2022/09/01 11:48:57 epoch_out: 14, epoch_in: 8, loss: -0.08035189509391785
2022/09/01 11:49:00 epoch_out: 14, epoch_in: 9, loss: -0.1079990804195404
2022/09/01 11:49:00 The epoch_out: 14, epoch_in: 9 of training F and G finished, losslist: [1.1982295364141464, 0.4592873573303223, 0.22771392166614532, 0.11240556687116623, 0.0011241257190704346, -8.166134357452392e-05, -0.016785553097724913, -0.05871198177337646, -0.08035189509391785, -0.1079990804195404], acclist: [0, 0.545, 0.555, 0.535, 0.475, 0.5, 0.525, 0.51, 0.485, 0.47, 0.49, 0.48, 0.51, 0.5, 0.52, 0.515, 0.505, 0.465, 0.475, 0.525, 0.48, 0.505, 0.5, 0.5, 0.485, 0.475, 0.475, 0.485, 0.5, 0.495, 0.51, 0.485, 0.49, 0.495, 0.5, 0.535, 0.505, 0.505, 0.5, 0.485, 0.495, 0.495, 0.485, 0.495, 0.5, 0.505, 0.475, 0.53, 0.51, 0.51, 0.495, 0.495, 0.495, 0.495, 0.51, 0.51, 0.52, 0.5, 0.5, 0.5, 0.485, 0.52, 0.505, 0.495, 0.52, 0.485, 0.515, 0.5, 0.48, 0.515, 0.485, 0.485, 0.49, 0.505, 0.48, 0.5, 0.515, 0.485, 0.485, 0.5, 0.52, 0.49, 0.49, 0.505, 0.485, 0.495, 0.48, 0.505, 0.515, 0.52, 0.505, 0.505, 0.49, 0.48, 0.49, 0.525, 0.49, 0.485, 0.49, 0.5, 0.525], finalacc: 0.555, alpha: [0.44605709 0.07460522 0.08323248 0.10198866 0.03860961 0.06597963
 0.08098242 0.10854488]
2022/09/01 11:49:00 -------update alpha finished------
2022/09/01 11:49:00 The epoch_out: 14, epoch_in: 9 of training alpha finished, alpha: [0.41877451 0.07443854 0.08620953 0.0799573  0.08659899 0.07257314
 0.08398169 0.09746629]
2022/09/01 11:49:03 epoch_out: 15, epoch_in: 0, loss: 1.4000147759914399
2022/09/01 11:49:06 epoch_out: 15, epoch_in: 1, loss: 0.6311611980199814
2022/09/01 11:49:09 epoch_out: 15, epoch_in: 2, loss: 0.1858296997845173
2022/09/01 11:49:12 epoch_out: 15, epoch_in: 3, loss: 0.17607985213398933
2022/09/01 11:49:15 epoch_out: 15, epoch_in: 4, loss: 0.044690780341625214
2022/09/01 11:49:17 epoch_out: 15, epoch_in: 5, loss: 0.044098058342933656
2022/09/01 11:49:20 epoch_out: 15, epoch_in: 6, loss: 0.025033698976039888
2022/09/01 11:49:23 epoch_out: 15, epoch_in: 7, loss: -0.03661508113145828
2022/09/01 11:49:26 epoch_out: 15, epoch_in: 8, loss: -0.015604788064956665
2022/09/01 11:49:28 epoch_out: 15, epoch_in: 9, loss: -0.03586437851190567
2022/09/01 11:49:28 The epoch_out: 15, epoch_in: 9 of training F and G finished, losslist: [1.4000147759914399, 0.6311611980199814, 0.1858296997845173, 0.17607985213398933, 0.044690780341625214, 0.044098058342933656, 0.025033698976039888, -0.03661508113145828, -0.015604788064956665, -0.03586437851190567], acclist: [0, 0.465, 0.485, 0.485, 0.455, 0.48, 0.465, 0.46, 0.45, 0.44, 0.43, 0.435, 0.43, 0.42, 0.46, 0.455, 0.48, 0.425, 0.455, 0.455, 0.455, 0.43, 0.435, 0.45, 0.435, 0.445, 0.435, 0.455, 0.43, 0.43, 0.435, 0.425, 0.43, 0.45, 0.445, 0.44, 0.43, 0.46, 0.45, 0.42, 0.435, 0.415, 0.425, 0.475, 0.46, 0.44, 0.46, 0.43, 0.425, 0.445, 0.43, 0.44, 0.44, 0.41, 0.45, 0.445, 0.45, 0.445, 0.44, 0.435, 0.44, 0.41, 0.48, 0.435, 0.46, 0.455, 0.435, 0.435, 0.42, 0.445, 0.445, 0.42, 0.47, 0.445, 0.45, 0.47, 0.46, 0.445, 0.435, 0.47, 0.445, 0.45, 0.445, 0.465, 0.455, 0.43, 0.435, 0.46, 0.445, 0.445, 0.44, 0.435, 0.455, 0.465, 0.46, 0.45, 0.455, 0.445, 0.425, 0.455, 0.43], finalacc: 0.485, alpha: [0.41877451 0.07443854 0.08620953 0.0799573  0.08659899 0.07257314
 0.08398169 0.09746629]
2022/09/01 11:49:29 -------update alpha finished------
2022/09/01 11:49:29 The epoch_out: 15, epoch_in: 9 of training alpha finished, alpha: [0.16885297 0.11983346 0.11648492 0.12702672 0.11428952 0.11529728
 0.11604364 0.12217149]
2022/09/01 11:49:32 epoch_out: 16, epoch_in: 0, loss: 3.7453168630599976
2022/09/01 11:49:35 epoch_out: 16, epoch_in: 1, loss: 1.714046549797058
2022/09/01 11:49:38 epoch_out: 16, epoch_in: 2, loss: 0.9333600759506225
2022/09/01 11:49:40 epoch_out: 16, epoch_in: 3, loss: 0.8396504014730454
2022/09/01 11:49:43 epoch_out: 16, epoch_in: 4, loss: 0.6111079454421997
2022/09/01 11:49:46 epoch_out: 16, epoch_in: 5, loss: 0.5605496495962143
2022/09/01 11:49:49 epoch_out: 16, epoch_in: 6, loss: 0.31244829297065735
2022/09/01 11:49:51 epoch_out: 16, epoch_in: 7, loss: 0.3006421834230423
2022/09/01 11:49:54 epoch_out: 16, epoch_in: 8, loss: 0.3194237768650055
2022/09/01 11:49:57 epoch_out: 16, epoch_in: 9, loss: 0.24245515614748
2022/09/01 11:49:57 The epoch_out: 16, epoch_in: 9 of training F and G finished, losslist: [3.7453168630599976, 1.714046549797058, 0.9333600759506225, 0.8396504014730454, 0.6111079454421997, 0.5605496495962143, 0.31244829297065735, 0.3006421834230423, 0.3194237768650055, 0.24245515614748], acclist: [0, 0.43, 0.495, 0.5, 0.49, 0.525, 0.51, 0.52, 0.525, 0.495, 0.525, 0.525, 0.525, 0.535, 0.53, 0.52, 0.525, 0.5, 0.5, 0.52, 0.5, 0.515, 0.495, 0.535, 0.52, 0.52, 0.53, 0.535, 0.535, 0.53, 0.52, 0.505, 0.525, 0.52, 0.545, 0.545, 0.53, 0.525, 0.52, 0.525, 0.515, 0.5, 0.52, 0.525, 0.53, 0.525, 0.525, 0.53, 0.545, 0.52, 0.55, 0.535, 0.53, 0.51, 0.525, 0.505, 0.505, 0.53, 0.53, 0.535, 0.54, 0.545, 0.53, 0.54, 0.54, 0.535, 0.515, 0.51, 0.52, 0.51, 0.525, 0.52, 0.51, 0.515, 0.52, 0.52, 0.525, 0.515, 0.52, 0.51, 0.53, 0.55, 0.53, 0.515, 0.51, 0.52, 0.535, 0.52, 0.545, 0.51, 0.52, 0.515, 0.52, 0.51, 0.51, 0.505, 0.525, 0.54, 0.54, 0.515, 0.5], finalacc: 0.55, alpha: [0.16885297 0.11983346 0.11648492 0.12702672 0.11428952 0.11529728
 0.11604364 0.12217149]
2022/09/01 11:49:57 -------update alpha finished------
2022/09/01 11:49:57 The epoch_out: 16, epoch_in: 9 of training alpha finished, alpha: [0.5354638  0.06725996 0.056377   0.02193833 0.07607146 0.07983212
 0.08095281 0.08210453]
2022/09/01 11:50:00 epoch_out: 17, epoch_in: 0, loss: 0.4668854057788849
2022/09/01 11:50:03 epoch_out: 17, epoch_in: 1, loss: 0.009786736965179444
2022/09/01 11:50:06 epoch_out: 17, epoch_in: 2, loss: -0.043173757195472715
2022/09/01 11:50:09 epoch_out: 17, epoch_in: 3, loss: -0.09208378791809083
2022/09/01 11:50:12 epoch_out: 17, epoch_in: 4, loss: -0.13988984376192093
2022/09/01 11:50:14 epoch_out: 17, epoch_in: 5, loss: -0.14468920230865479
2022/09/01 11:50:17 epoch_out: 17, epoch_in: 6, loss: -0.17837980687618255
2022/09/01 11:50:20 epoch_out: 17, epoch_in: 7, loss: -0.2035706967115402
2022/09/01 11:50:23 epoch_out: 17, epoch_in: 8, loss: -0.23241821825504302
2022/09/01 11:50:26 epoch_out: 17, epoch_in: 9, loss: -0.21650847494602204
2022/09/01 11:50:26 The epoch_out: 17, epoch_in: 9 of training F and G finished, losslist: [0.4668854057788849, 0.009786736965179444, -0.043173757195472715, -0.09208378791809083, -0.13988984376192093, -0.14468920230865479, -0.17837980687618255, -0.2035706967115402, -0.23241821825504302, -0.21650847494602204], acclist: [0, 0.525, 0.52, 0.515, 0.505, 0.54, 0.535, 0.53, 0.56, 0.545, 0.54, 0.545, 0.535, 0.53, 0.515, 0.54, 0.535, 0.53, 0.545, 0.54, 0.555, 0.53, 0.57, 0.535, 0.575, 0.545, 0.555, 0.555, 0.55, 0.535, 0.53, 0.545, 0.555, 0.56, 0.535, 0.545, 0.525, 0.535, 0.53, 0.545, 0.52, 0.545, 0.55, 0.555, 0.56, 0.545, 0.53, 0.54, 0.52, 0.525, 0.53, 0.53, 0.55, 0.57, 0.54, 0.55, 0.56, 0.52, 0.545, 0.55, 0.54, 0.53, 0.545, 0.545, 0.55, 0.54, 0.545, 0.53, 0.545, 0.53, 0.56, 0.55, 0.56, 0.555, 0.54, 0.53, 0.53, 0.53, 0.575, 0.53, 0.545, 0.555, 0.53, 0.535, 0.555, 0.53, 0.545, 0.545, 0.53, 0.545, 0.55, 0.55, 0.515, 0.535, 0.535, 0.53, 0.545, 0.525, 0.53, 0.525, 0.53], finalacc: 0.575, alpha: [0.5354638  0.06725996 0.056377   0.02193833 0.07607146 0.07983212
 0.08095281 0.08210453]
2022/09/01 11:50:26 -------update alpha finished------
2022/09/01 11:50:26 The epoch_out: 17, epoch_in: 9 of training alpha finished, alpha: [0.39090994 0.08031757 0.13159504 0.07827154 0.07293995 0.08273615
 0.07845815 0.08477165]
2022/09/01 11:50:29 epoch_out: 18, epoch_in: 0, loss: 1.3732646107673645
2022/09/01 11:50:32 epoch_out: 18, epoch_in: 1, loss: 0.4155154213309288
2022/09/01 11:50:35 epoch_out: 18, epoch_in: 2, loss: 0.268301323056221
2022/09/01 11:50:37 epoch_out: 18, epoch_in: 3, loss: 0.13102574348449708
2022/09/01 11:50:40 epoch_out: 18, epoch_in: 4, loss: 0.06283570230007171
2022/09/01 11:50:43 epoch_out: 18, epoch_in: 5, loss: 0.043908418715000154
2022/09/01 11:50:46 epoch_out: 18, epoch_in: 6, loss: 0.02348855882883072
2022/09/01 11:50:48 epoch_out: 18, epoch_in: 7, loss: -0.02252599149942398
2022/09/01 11:50:51 epoch_out: 18, epoch_in: 8, loss: -0.028059834241867067
2022/09/01 11:50:54 epoch_out: 18, epoch_in: 9, loss: -0.028786860406398773
2022/09/01 11:50:54 The epoch_out: 18, epoch_in: 9 of training F and G finished, losslist: [1.3732646107673645, 0.4155154213309288, 0.268301323056221, 0.13102574348449708, 0.06283570230007171, 0.043908418715000154, 0.02348855882883072, -0.02252599149942398, -0.028059834241867067, -0.028786860406398773], acclist: [0, 0.51, 0.6, 0.625, 0.575, 0.58, 0.57, 0.545, 0.545, 0.565, 0.58, 0.61, 0.585, 0.58, 0.57, 0.565, 0.555, 0.555, 0.575, 0.57, 0.55, 0.575, 0.57, 0.565, 0.585, 0.57, 0.555, 0.565, 0.535, 0.58, 0.57, 0.58, 0.555, 0.58, 0.575, 0.55, 0.575, 0.55, 0.57, 0.6, 0.585, 0.57, 0.565, 0.585, 0.6, 0.585, 0.58, 0.585, 0.58, 0.565, 0.56, 0.58, 0.58, 0.585, 0.57, 0.57, 0.59, 0.57, 0.54, 0.56, 0.58, 0.595, 0.575, 0.555, 0.585, 0.615, 0.585, 0.58, 0.565, 0.58, 0.585, 0.565, 0.58, 0.575, 0.62, 0.565, 0.57, 0.575, 0.59, 0.57, 0.575, 0.545, 0.555, 0.56, 0.57, 0.56, 0.57, 0.585, 0.58, 0.585, 0.58, 0.55, 0.56, 0.54, 0.56, 0.585, 0.565, 0.575, 0.6, 0.565, 0.57], finalacc: 0.625, alpha: [0.39090994 0.08031757 0.13159504 0.07827154 0.07293995 0.08273615
 0.07845815 0.08477165]
2022/09/01 11:50:54 -------update alpha finished------
2022/09/01 11:50:54 The epoch_out: 18, epoch_in: 9 of training alpha finished, alpha: [0.33925625 0.0810611  0.09942075 0.09616479 0.09552812 0.08997847
 0.09517295 0.10341756]
2022/09/01 11:50:57 epoch_out: 19, epoch_in: 0, loss: 0.9222662448883057
2022/09/01 11:51:00 epoch_out: 19, epoch_in: 1, loss: 0.34076743125915526
2022/09/01 11:51:03 epoch_out: 19, epoch_in: 2, loss: 0.1073294684290886
2022/09/01 11:51:05 epoch_out: 19, epoch_in: 3, loss: 0.10004841238260269
2022/09/01 11:51:08 epoch_out: 19, epoch_in: 4, loss: 0.020113593339920043
2022/09/01 11:51:11 epoch_out: 19, epoch_in: 5, loss: 0.012084020674228669
2022/09/01 11:51:14 epoch_out: 19, epoch_in: 6, loss: -0.06471460163593293
2022/09/01 11:51:16 epoch_out: 19, epoch_in: 7, loss: -0.06411629915237427
2022/09/01 11:51:19 epoch_out: 19, epoch_in: 8, loss: -0.10914558619260788
2022/09/01 11:51:22 epoch_out: 19, epoch_in: 9, loss: -0.1324895441532135
2022/09/01 11:51:22 The epoch_out: 19, epoch_in: 9 of training F and G finished, losslist: [0.9222662448883057, 0.34076743125915526, 0.1073294684290886, 0.10004841238260269, 0.020113593339920043, 0.012084020674228669, -0.06471460163593293, -0.06411629915237427, -0.10914558619260788, -0.1324895441532135], acclist: [0, 0.57, 0.52, 0.52, 0.51, 0.475, 0.5, 0.505, 0.485, 0.525, 0.5, 0.465, 0.505, 0.485, 0.5, 0.5, 0.495, 0.485, 0.49, 0.48, 0.51, 0.495, 0.505, 0.5, 0.485, 0.505, 0.505, 0.505, 0.495, 0.505, 0.445, 0.485, 0.48, 0.475, 0.485, 0.505, 0.485, 0.505, 0.47, 0.505, 0.48, 0.5, 0.49, 0.485, 0.525, 0.505, 0.46, 0.45, 0.485, 0.495, 0.5, 0.515, 0.5, 0.47, 0.505, 0.515, 0.52, 0.505, 0.515, 0.485, 0.51, 0.5, 0.49, 0.505, 0.49, 0.525, 0.49, 0.47, 0.535, 0.52, 0.5, 0.505, 0.52, 0.51, 0.515, 0.515, 0.5, 0.515, 0.51, 0.495, 0.53, 0.51, 0.51, 0.515, 0.505, 0.525, 0.51, 0.525, 0.5, 0.53, 0.545, 0.525, 0.5, 0.5, 0.515, 0.535, 0.53, 0.51, 0.495, 0.505, 0.52], finalacc: 0.57, alpha: [0.33925625 0.0810611  0.09942075 0.09616479 0.09552812 0.08997847
 0.09517295 0.10341756]
2022/09/01 11:51:22 -------update alpha finished------
2022/09/01 11:51:22 The epoch_out: 19, epoch_in: 9 of training alpha finished, alpha: [0.28402413 0.11743937 0.10573242 0.09534527 0.1093469  0.09578839
 0.10005732 0.0922662 ]
2022/09/01 11:51:22 training time: 578.2516930103302
