2022/09/01 11:32:10 available device: cuda:0
2022/09/01 11:32:10 batch_size: 50
2022/09/01 11:32:20 epoch_out: 0, epoch_in: 0, loss: 1.2565648809075356
2022/09/01 11:32:25 epoch_out: 0, epoch_in: 1, loss: 0.25162733569741247
2022/09/01 11:32:29 epoch_out: 0, epoch_in: 2, loss: 0.022721629589796066
2022/09/01 11:32:34 epoch_out: 0, epoch_in: 3, loss: -0.25606037899851797
2022/09/01 11:32:38 epoch_out: 0, epoch_in: 4, loss: -0.38294555991888046
2022/09/01 11:32:43 epoch_out: 0, epoch_in: 5, loss: -0.637296199798584
2022/09/01 11:32:47 epoch_out: 0, epoch_in: 6, loss: -0.9288171023130417
2022/09/01 11:32:52 epoch_out: 0, epoch_in: 7, loss: -0.9468630209565163
2022/09/01 11:32:56 epoch_out: 0, epoch_in: 8, loss: -1.3541439056396485
2022/09/01 11:33:01 epoch_out: 0, epoch_in: 9, loss: -1.5250282019376755
2022/09/01 11:33:01 The epoch_out: 0, epoch_in: 9 of training F and G finished, losslist: [1.2565648809075356, 0.25162733569741247, 0.022721629589796066, -0.25606037899851797, -0.38294555991888046, -0.637296199798584, -0.9288171023130417, -0.9468630209565163, -1.3541439056396485, -1.5250282019376755], acclist: [0, 0.505, 0.455, 0.465, 0.45, 0.415, 0.425, 0.44, 0.43, 0.425, 0.42, 0.445, 0.425, 0.405, 0.435, 0.43, 0.46, 0.455, 0.41, 0.455, 0.42, 0.43, 0.425, 0.42, 0.43, 0.43, 0.435, 0.405, 0.445, 0.44, 0.42, 0.43, 0.44, 0.415, 0.44, 0.445, 0.465, 0.44, 0.415, 0.43, 0.465, 0.445, 0.435, 0.43, 0.405, 0.41, 0.44, 0.43, 0.41, 0.425, 0.42, 0.41, 0.415, 0.425, 0.465, 0.465, 0.455, 0.45, 0.445, 0.435, 0.42, 0.445, 0.43, 0.44, 0.42, 0.435, 0.435, 0.45, 0.455, 0.445, 0.43, 0.445, 0.445, 0.45, 0.44, 0.42, 0.45, 0.435, 0.45, 0.425, 0.4, 0.43, 0.41, 0.415, 0.42, 0.465, 0.45, 0.435, 0.43, 0.455, 0.44, 0.425, 0.415, 0.445, 0.47, 0.47, 0.43, 0.425, 0.44, 0.445, 0.46, 0.46, 0.45, 0.425, 0.43, 0.43, 0.41, 0.46, 0.41, 0.45, 0.44, 0.44, 0.455, 0.445, 0.43, 0.42, 0.455, 0.46, 0.44, 0.495, 0.475, 0.46, 0.48, 0.45, 0.46, 0.455, 0.445, 0.465, 0.48, 0.475, 0.46, 0.47, 0.46, 0.46, 0.45, 0.46, 0.46, 0.445, 0.44, 0.465, 0.455, 0.455, 0.455, 0.435, 0.445, 0.465, 0.455, 0.45, 0.47, 0.455, 0.48, 0.47, 0.465, 0.455, 0.48, 0.47, 0.44, 0.455, 0.475, 0.42, 0.48, 0.44, 0.465, 0.46, 0.45, 0.465, 0.48, 0.475, 0.465, 0.455, 0.475, 0.45, 0.455, 0.48, 0.48, 0.475, 0.48, 0.495, 0.465, 0.48, 0.485, 0.475, 0.445, 0.45, 0.49, 0.47, 0.505, 0.47, 0.495, 0.46, 0.46, 0.465, 0.48, 0.495, 0.44, 0.465, 0.495, 0.455, 0.47, 0.49, 0.46], finalacc: 0.505, alpha: tensor([0.1870, 0.8560, 0.7707, 0.7877, 0.3731, 0.3842, 0.2404, 0.5777])
2022/09/01 11:33:02 -------update alpha finished------
2022/09/01 11:33:02 The epoch_out: 0, epoch_in: 9 of training alpha finished, alpha: [0.32435458 0.10751915 0.08731375 0.10045974 0.09772466 0.09400836
 0.0934259  0.09519385]
2022/09/01 11:33:07 epoch_out: 1, epoch_in: 0, loss: 1.4882671326398849
2022/09/01 11:33:11 epoch_out: 1, epoch_in: 1, loss: 0.38669330403208735
2022/09/01 11:33:16 epoch_out: 1, epoch_in: 2, loss: 0.25275603160262106
2022/09/01 11:33:21 epoch_out: 1, epoch_in: 3, loss: 0.1944647915661335
2022/09/01 11:33:25 epoch_out: 1, epoch_in: 4, loss: 0.10728816092014312
2022/09/01 11:33:30 epoch_out: 1, epoch_in: 5, loss: 0.10473181679844856
2022/09/01 11:33:35 epoch_out: 1, epoch_in: 6, loss: 0.026573074609041215
2022/09/01 11:33:39 epoch_out: 1, epoch_in: 7, loss: 0.002921811491250992
2022/09/01 11:33:44 epoch_out: 1, epoch_in: 8, loss: -0.02873446196317673
2022/09/01 11:33:48 epoch_out: 1, epoch_in: 9, loss: -0.0666902206838131
2022/09/01 11:33:48 The epoch_out: 1, epoch_in: 9 of training F and G finished, losslist: [1.4882671326398849, 0.38669330403208735, 0.25275603160262106, 0.1944647915661335, 0.10728816092014312, 0.10473181679844856, 0.026573074609041215, 0.002921811491250992, -0.02873446196317673, -0.0666902206838131], acclist: [0, 0.51, 0.505, 0.495, 0.495, 0.51, 0.435, 0.455, 0.47, 0.475, 0.485, 0.45, 0.46, 0.47, 0.475, 0.47, 0.465, 0.49, 0.455, 0.455, 0.475, 0.445, 0.465, 0.475, 0.475, 0.495, 0.465, 0.485, 0.475, 0.48, 0.42, 0.435, 0.475, 0.47, 0.455, 0.47, 0.485, 0.48, 0.465, 0.46, 0.455, 0.43, 0.45, 0.495, 0.47, 0.485, 0.505, 0.495, 0.47, 0.455, 0.445, 0.475, 0.445, 0.43, 0.45, 0.48, 0.465, 0.495, 0.465, 0.45, 0.49, 0.465, 0.485, 0.475, 0.445, 0.465, 0.465, 0.48, 0.46, 0.46, 0.475, 0.49, 0.505, 0.49, 0.455, 0.48, 0.485, 0.465, 0.48, 0.48, 0.475, 0.465, 0.49, 0.48, 0.475, 0.495, 0.46, 0.44, 0.47, 0.475, 0.455, 0.465, 0.465, 0.47, 0.47, 0.495, 0.465, 0.47, 0.465, 0.495, 0.47, 0.47, 0.44, 0.475, 0.47, 0.465, 0.465, 0.48, 0.47, 0.5, 0.46, 0.475, 0.46, 0.465, 0.43, 0.425, 0.475, 0.455, 0.485, 0.495, 0.49, 0.53, 0.525, 0.485, 0.49, 0.49, 0.46, 0.475, 0.465, 0.445, 0.45, 0.48, 0.455, 0.44, 0.45, 0.475, 0.495, 0.48, 0.45, 0.465, 0.485, 0.47, 0.48, 0.5, 0.48, 0.505, 0.48, 0.46, 0.475, 0.46, 0.485, 0.47, 0.48, 0.455, 0.5, 0.445, 0.48, 0.435, 0.46, 0.48, 0.485, 0.475, 0.46, 0.44, 0.43, 0.465, 0.465, 0.455, 0.475, 0.475, 0.51, 0.475, 0.46, 0.495, 0.465, 0.48, 0.445, 0.44, 0.49, 0.48, 0.52, 0.5, 0.445, 0.47, 0.49, 0.47, 0.44, 0.46, 0.47, 0.475, 0.495, 0.49, 0.475, 0.485, 0.44, 0.48, 0.49, 0.495, 0.49, 0.46, 0.455], finalacc: 0.53, alpha: [0.32435458 0.10751915 0.08731375 0.10045974 0.09772466 0.09400836
 0.0934259  0.09519385]
2022/09/01 11:33:49 -------update alpha finished------
2022/09/01 11:33:49 The epoch_out: 1, epoch_in: 9 of training alpha finished, alpha: [0.30137405 0.09789026 0.08244954 0.09406538 0.11119026 0.09818797
 0.09853561 0.11630694]
2022/09/01 11:33:54 epoch_out: 2, epoch_in: 0, loss: 1.23737730383873
2022/09/01 11:33:58 epoch_out: 2, epoch_in: 1, loss: 0.5191705599427223
2022/09/01 11:34:03 epoch_out: 2, epoch_in: 2, loss: 0.32697378993034365
2022/09/01 11:34:07 epoch_out: 2, epoch_in: 3, loss: 0.234554785490036
2022/09/01 11:34:12 epoch_out: 2, epoch_in: 4, loss: 0.13571983128786086
2022/09/01 11:34:16 epoch_out: 2, epoch_in: 5, loss: 0.08791150897741318
2022/09/01 11:34:21 epoch_out: 2, epoch_in: 6, loss: 0.05398775599896908
2022/09/01 11:34:25 epoch_out: 2, epoch_in: 7, loss: 0.020389920473098753
2022/09/01 11:34:30 epoch_out: 2, epoch_in: 8, loss: -0.020520907640457154
2022/09/01 11:34:34 epoch_out: 2, epoch_in: 9, loss: -0.030295755714178085
2022/09/01 11:34:34 The epoch_out: 2, epoch_in: 9 of training F and G finished, losslist: [1.23737730383873, 0.5191705599427223, 0.32697378993034365, 0.234554785490036, 0.13571983128786086, 0.08791150897741318, 0.05398775599896908, 0.020389920473098753, -0.020520907640457154, -0.030295755714178085], acclist: [0, 0.53, 0.46, 0.47, 0.455, 0.48, 0.505, 0.515, 0.485, 0.48, 0.485, 0.515, 0.485, 0.5, 0.48, 0.51, 0.51, 0.47, 0.515, 0.505, 0.505, 0.51, 0.52, 0.48, 0.485, 0.52, 0.495, 0.5, 0.475, 0.5, 0.515, 0.49, 0.51, 0.51, 0.47, 0.46, 0.46, 0.51, 0.53, 0.53, 0.495, 0.555, 0.535, 0.505, 0.48, 0.48, 0.515, 0.505, 0.495, 0.54, 0.525, 0.48, 0.5, 0.485, 0.49, 0.495, 0.48, 0.51, 0.525, 0.5, 0.495, 0.485, 0.495, 0.5, 0.47, 0.54, 0.525, 0.485, 0.51, 0.475, 0.5, 0.52, 0.53, 0.51, 0.545, 0.505, 0.51, 0.505, 0.485, 0.515, 0.5, 0.495, 0.495, 0.46, 0.475, 0.505, 0.48, 0.515, 0.485, 0.49, 0.505, 0.53, 0.49, 0.525, 0.525, 0.52, 0.52, 0.545, 0.48, 0.53, 0.475, 0.515, 0.52, 0.515, 0.52, 0.51, 0.49, 0.485, 0.535, 0.545, 0.53, 0.505, 0.52, 0.53, 0.51, 0.535, 0.515, 0.5, 0.55, 0.51, 0.535, 0.55, 0.54, 0.51, 0.495, 0.53, 0.52, 0.55, 0.56, 0.555, 0.48, 0.49, 0.495, 0.495, 0.485, 0.505, 0.51, 0.535, 0.51, 0.56, 0.52, 0.545, 0.525, 0.55, 0.525, 0.56, 0.55, 0.49, 0.525, 0.49, 0.515, 0.52, 0.53, 0.5, 0.5, 0.52, 0.505, 0.5, 0.53, 0.53, 0.54, 0.525, 0.535, 0.515, 0.54, 0.515, 0.55, 0.565, 0.545, 0.5, 0.52, 0.48, 0.55, 0.53, 0.56, 0.545, 0.535, 0.535, 0.58, 0.525, 0.51, 0.485, 0.495, 0.53, 0.52, 0.56, 0.505, 0.56, 0.535, 0.53, 0.56, 0.53, 0.55, 0.545, 0.525, 0.545, 0.56, 0.52, 0.51, 0.495, 0.515], finalacc: 0.58, alpha: [0.30137405 0.09789026 0.08244954 0.09406538 0.11119026 0.09818797
 0.09853561 0.11630694]
2022/09/01 11:34:35 -------update alpha finished------
2022/09/01 11:34:35 The epoch_out: 2, epoch_in: 9 of training alpha finished, alpha: [0.27691224 0.12193138 0.0971637  0.09892917 0.10616869 0.11628013
 0.07974641 0.10286828]
2022/09/01 11:34:40 epoch_out: 3, epoch_in: 0, loss: 2.2432531476020814
2022/09/01 11:34:44 epoch_out: 3, epoch_in: 1, loss: 0.7960065811872482
2022/09/01 11:34:49 epoch_out: 3, epoch_in: 2, loss: 0.5194883190095425
2022/09/01 11:34:53 epoch_out: 3, epoch_in: 3, loss: 0.31816202104091645
2022/09/01 11:34:58 epoch_out: 3, epoch_in: 4, loss: 0.2260237768292427
2022/09/01 11:35:02 epoch_out: 3, epoch_in: 5, loss: 0.13751086741685867
2022/09/01 11:35:07 epoch_out: 3, epoch_in: 6, loss: 0.10298663824796676
2022/09/01 11:35:11 epoch_out: 3, epoch_in: 7, loss: 0.06798201128840446
2022/09/01 11:35:16 epoch_out: 3, epoch_in: 8, loss: 0.024979711696505546
2022/09/01 11:35:20 epoch_out: 3, epoch_in: 9, loss: 0.0068903140723705295
2022/09/01 11:35:20 The epoch_out: 3, epoch_in: 9 of training F and G finished, losslist: [2.2432531476020814, 0.7960065811872482, 0.5194883190095425, 0.31816202104091645, 0.2260237768292427, 0.13751086741685867, 0.10298663824796676, 0.06798201128840446, 0.024979711696505546, 0.0068903140723705295], acclist: [0, 0.47, 0.505, 0.505, 0.495, 0.55, 0.5, 0.515, 0.55, 0.52, 0.495, 0.505, 0.505, 0.54, 0.53, 0.49, 0.495, 0.485, 0.47, 0.49, 0.48, 0.475, 0.475, 0.475, 0.48, 0.495, 0.535, 0.51, 0.52, 0.49, 0.5, 0.46, 0.515, 0.51, 0.52, 0.515, 0.515, 0.52, 0.52, 0.525, 0.5, 0.535, 0.49, 0.505, 0.5, 0.51, 0.49, 0.52, 0.51, 0.455, 0.485, 0.5, 0.495, 0.52, 0.51, 0.52, 0.5, 0.515, 0.515, 0.515, 0.475, 0.51, 0.53, 0.505, 0.52, 0.535, 0.49, 0.48, 0.5, 0.51, 0.515, 0.54, 0.505, 0.525, 0.535, 0.5, 0.495, 0.475, 0.49, 0.515, 0.475, 0.545, 0.51, 0.54, 0.53, 0.555, 0.54, 0.52, 0.54, 0.525, 0.505, 0.53, 0.48, 0.51, 0.52, 0.51, 0.52, 0.515, 0.5, 0.52, 0.5, 0.49, 0.5, 0.53, 0.49, 0.505, 0.48, 0.505, 0.505, 0.53, 0.49, 0.515, 0.535, 0.515, 0.555, 0.525, 0.55, 0.53, 0.505, 0.5, 0.505, 0.525, 0.5, 0.535, 0.505, 0.505, 0.49, 0.535, 0.525, 0.51, 0.525, 0.52, 0.51, 0.52, 0.49, 0.47, 0.505, 0.49, 0.52, 0.5, 0.53, 0.52, 0.505, 0.52, 0.53, 0.5, 0.455, 0.525, 0.525, 0.485, 0.515, 0.495, 0.495, 0.515, 0.51, 0.49, 0.53, 0.495, 0.515, 0.49, 0.505, 0.515, 0.51, 0.535, 0.51, 0.465, 0.515, 0.47, 0.515, 0.535, 0.52, 0.52, 0.545, 0.53, 0.49, 0.525, 0.515, 0.525, 0.505, 0.505, 0.52, 0.5, 0.505, 0.51, 0.52, 0.505, 0.535, 0.505, 0.5, 0.51, 0.5, 0.545, 0.545, 0.475, 0.49, 0.515, 0.505, 0.525, 0.535, 0.53, 0.485], finalacc: 0.555, alpha: [0.27691224 0.12193138 0.0971637  0.09892917 0.10616869 0.11628013
 0.07974641 0.10286828]
2022/09/01 11:35:21 -------update alpha finished------
2022/09/01 11:35:21 The epoch_out: 3, epoch_in: 9 of training alpha finished, alpha: [0.25787355 0.10916562 0.11216991 0.10820422 0.10840957 0.09301548
 0.10423979 0.10692185]
2022/09/01 11:35:26 epoch_out: 4, epoch_in: 0, loss: 1.6739254266023635
2022/09/01 11:35:30 epoch_out: 4, epoch_in: 1, loss: 0.41632413789629935
2022/09/01 11:35:35 epoch_out: 4, epoch_in: 2, loss: 0.3176831863820553
2022/09/01 11:35:39 epoch_out: 4, epoch_in: 3, loss: 0.17649102844297887
2022/09/01 11:35:44 epoch_out: 4, epoch_in: 4, loss: 0.1345808856189251
2022/09/01 11:35:48 epoch_out: 4, epoch_in: 5, loss: 0.06813973970711232
2022/09/01 11:35:53 epoch_out: 4, epoch_in: 6, loss: 0.09931012783199548
2022/09/01 11:35:57 epoch_out: 4, epoch_in: 7, loss: 0.027897245809435846
2022/09/01 11:36:02 epoch_out: 4, epoch_in: 8, loss: 0.01592521071434021
2022/09/01 11:36:06 epoch_out: 4, epoch_in: 9, loss: -0.0005583953112363816
2022/09/01 11:36:06 The epoch_out: 4, epoch_in: 9 of training F and G finished, losslist: [1.6739254266023635, 0.41632413789629935, 0.3176831863820553, 0.17649102844297887, 0.1345808856189251, 0.06813973970711232, 0.09931012783199548, 0.027897245809435846, 0.01592521071434021, -0.0005583953112363816], acclist: [0, 0.535, 0.56, 0.55, 0.535, 0.49, 0.52, 0.51, 0.515, 0.515, 0.525, 0.5, 0.525, 0.505, 0.505, 0.51, 0.495, 0.48, 0.515, 0.495, 0.495, 0.485, 0.485, 0.475, 0.46, 0.495, 0.495, 0.51, 0.51, 0.535, 0.515, 0.505, 0.515, 0.515, 0.53, 0.495, 0.51, 0.5, 0.525, 0.56, 0.495, 0.515, 0.545, 0.475, 0.495, 0.49, 0.525, 0.515, 0.53, 0.485, 0.495, 0.535, 0.535, 0.51, 0.495, 0.525, 0.49, 0.515, 0.49, 0.51, 0.5, 0.49, 0.545, 0.515, 0.535, 0.545, 0.495, 0.52, 0.525, 0.505, 0.51, 0.505, 0.535, 0.535, 0.525, 0.5, 0.51, 0.505, 0.53, 0.49, 0.505, 0.51, 0.51, 0.515, 0.485, 0.525, 0.52, 0.485, 0.49, 0.49, 0.45, 0.49, 0.505, 0.5, 0.51, 0.52, 0.515, 0.535, 0.5, 0.545, 0.52, 0.525, 0.515, 0.525, 0.505, 0.52, 0.51, 0.51, 0.5, 0.535, 0.51, 0.525, 0.555, 0.525, 0.535, 0.535, 0.515, 0.53, 0.5, 0.46, 0.505, 0.495, 0.49, 0.5, 0.5, 0.515, 0.54, 0.51, 0.515, 0.525, 0.49, 0.535, 0.515, 0.5, 0.525, 0.56, 0.52, 0.56, 0.525, 0.535, 0.5, 0.535, 0.49, 0.51, 0.52, 0.515, 0.56, 0.54, 0.56, 0.51, 0.51, 0.5, 0.51, 0.535, 0.525, 0.535, 0.54, 0.545, 0.51, 0.505, 0.545, 0.51, 0.545, 0.495, 0.48, 0.505, 0.535, 0.555, 0.56, 0.535, 0.52, 0.54, 0.515, 0.545, 0.5, 0.505, 0.55, 0.515, 0.5, 0.515, 0.51, 0.525, 0.535, 0.505, 0.5, 0.485, 0.52, 0.51, 0.495, 0.535, 0.545, 0.56, 0.56, 0.525, 0.55, 0.53, 0.525, 0.525, 0.56, 0.575, 0.525], finalacc: 0.575, alpha: [0.25787355 0.10916562 0.11216991 0.10820422 0.10840957 0.09301548
 0.10423979 0.10692185]
2022/09/01 11:36:07 -------update alpha finished------
2022/09/01 11:36:07 The epoch_out: 4, epoch_in: 9 of training alpha finished, alpha: [0.22855208 0.12046322 0.1004182  0.08458446 0.12095465 0.11557839
 0.11830162 0.11114738]
2022/09/01 11:36:12 epoch_out: 5, epoch_in: 0, loss: 1.551122897863388
2022/09/01 11:36:16 epoch_out: 5, epoch_in: 1, loss: 0.5475964739918708
2022/09/01 11:36:21 epoch_out: 5, epoch_in: 2, loss: 0.28042424470186234
2022/09/01 11:36:25 epoch_out: 5, epoch_in: 3, loss: 0.23891105502843857
2022/09/01 11:36:30 epoch_out: 5, epoch_in: 4, loss: 0.13649590089917182
2022/09/01 11:36:34 epoch_out: 5, epoch_in: 5, loss: 0.10559703931212425
2022/09/01 11:36:39 epoch_out: 5, epoch_in: 6, loss: 0.05700236856937409
2022/09/01 11:36:43 epoch_out: 5, epoch_in: 7, loss: 0.06311940848827362
2022/09/01 11:36:48 epoch_out: 5, epoch_in: 8, loss: 0.024110634997487067
2022/09/01 11:36:52 epoch_out: 5, epoch_in: 9, loss: 0.009106422960758209
2022/09/01 11:36:52 The epoch_out: 5, epoch_in: 9 of training F and G finished, losslist: [1.551122897863388, 0.5475964739918708, 0.28042424470186234, 0.23891105502843857, 0.13649590089917182, 0.10559703931212425, 0.05700236856937409, 0.06311940848827362, 0.024110634997487067, 0.009106422960758209], acclist: [0, 0.57, 0.55, 0.55, 0.555, 0.59, 0.51, 0.54, 0.565, 0.52, 0.535, 0.54, 0.53, 0.545, 0.545, 0.58, 0.54, 0.53, 0.56, 0.56, 0.56, 0.565, 0.53, 0.59, 0.565, 0.535, 0.59, 0.555, 0.54, 0.535, 0.515, 0.525, 0.55, 0.555, 0.56, 0.535, 0.545, 0.55, 0.52, 0.545, 0.535, 0.56, 0.565, 0.565, 0.535, 0.51, 0.545, 0.525, 0.53, 0.56, 0.54, 0.525, 0.515, 0.54, 0.515, 0.55, 0.53, 0.52, 0.53, 0.53, 0.545, 0.555, 0.555, 0.545, 0.545, 0.54, 0.54, 0.53, 0.55, 0.535, 0.55, 0.54, 0.545, 0.545, 0.54, 0.54, 0.51, 0.545, 0.57, 0.535, 0.57, 0.55, 0.555, 0.575, 0.55, 0.57, 0.545, 0.53, 0.555, 0.52, 0.525, 0.555, 0.56, 0.545, 0.545, 0.555, 0.555, 0.585, 0.585, 0.53, 0.515, 0.56, 0.57, 0.56, 0.535, 0.56, 0.54, 0.57, 0.575, 0.53, 0.585, 0.56, 0.575, 0.585, 0.555, 0.55, 0.525, 0.54, 0.55, 0.52, 0.535, 0.555, 0.56, 0.535, 0.58, 0.56, 0.545, 0.57, 0.565, 0.545, 0.57, 0.565, 0.52, 0.55, 0.515, 0.56, 0.54, 0.54, 0.57, 0.535, 0.545, 0.5, 0.525, 0.535, 0.575, 0.56, 0.59, 0.56, 0.54, 0.545, 0.555, 0.545, 0.55, 0.565, 0.58, 0.56, 0.55, 0.57, 0.575, 0.55, 0.535, 0.535, 0.565, 0.565, 0.57, 0.525, 0.55, 0.56, 0.56, 0.58, 0.555, 0.56, 0.555, 0.525, 0.545, 0.55, 0.55, 0.55, 0.55, 0.57, 0.565, 0.585, 0.545, 0.54, 0.58, 0.54, 0.54, 0.56, 0.545, 0.52, 0.555, 0.515, 0.555, 0.565, 0.545, 0.54, 0.575, 0.565, 0.56, 0.555, 0.545], finalacc: 0.59, alpha: [0.22855208 0.12046322 0.1004182  0.08458446 0.12095465 0.11557839
 0.11830162 0.11114738]
2022/09/01 11:36:53 -------update alpha finished------
2022/09/01 11:36:53 The epoch_out: 5, epoch_in: 9 of training alpha finished, alpha: [0.34951161 0.0799745  0.08968175 0.07960616 0.10797024 0.10579496
 0.1012919  0.08616888]
2022/09/01 11:36:58 epoch_out: 6, epoch_in: 0, loss: 0.6083474077284337
2022/09/01 11:37:02 epoch_out: 6, epoch_in: 1, loss: 0.1026861310005188
2022/09/01 11:37:07 epoch_out: 6, epoch_in: 2, loss: 0.007418479025363922
2022/09/01 11:37:11 epoch_out: 6, epoch_in: 3, loss: -0.05668591484427452
2022/09/01 11:37:16 epoch_out: 6, epoch_in: 4, loss: -0.09370701685547829
2022/09/01 11:37:20 epoch_out: 6, epoch_in: 5, loss: -0.12825297564268112
2022/09/01 11:37:25 epoch_out: 6, epoch_in: 6, loss: -0.1408847261220217
2022/09/01 11:37:29 epoch_out: 6, epoch_in: 7, loss: -0.20871150940656663
2022/09/01 11:37:34 epoch_out: 6, epoch_in: 8, loss: -0.234709469974041
2022/09/01 11:37:39 epoch_out: 6, epoch_in: 9, loss: -0.24643673300743102
2022/09/01 11:37:39 The epoch_out: 6, epoch_in: 9 of training F and G finished, losslist: [0.6083474077284337, 0.1026861310005188, 0.007418479025363922, -0.05668591484427452, -0.09370701685547829, -0.12825297564268112, -0.1408847261220217, -0.20871150940656663, -0.234709469974041, -0.24643673300743102], acclist: [0, 0.44, 0.44, 0.44, 0.445, 0.49, 0.455, 0.45, 0.445, 0.43, 0.465, 0.455, 0.48, 0.495, 0.48, 0.415, 0.48, 0.44, 0.46, 0.46, 0.435, 0.42, 0.415, 0.45, 0.46, 0.49, 0.425, 0.475, 0.465, 0.47, 0.49, 0.45, 0.47, 0.45, 0.485, 0.485, 0.47, 0.45, 0.435, 0.475, 0.45, 0.445, 0.455, 0.45, 0.485, 0.465, 0.49, 0.49, 0.485, 0.46, 0.445, 0.455, 0.46, 0.425, 0.44, 0.47, 0.445, 0.47, 0.49, 0.45, 0.47, 0.45, 0.46, 0.49, 0.49, 0.48, 0.48, 0.485, 0.465, 0.49, 0.47, 0.47, 0.45, 0.475, 0.49, 0.46, 0.48, 0.445, 0.44, 0.42, 0.415, 0.44, 0.485, 0.45, 0.46, 0.455, 0.43, 0.465, 0.46, 0.465, 0.455, 0.475, 0.525, 0.44, 0.435, 0.47, 0.47, 0.45, 0.485, 0.485, 0.485, 0.445, 0.465, 0.465, 0.46, 0.47, 0.48, 0.515, 0.465, 0.495, 0.495, 0.47, 0.47, 0.445, 0.465, 0.485, 0.475, 0.475, 0.465, 0.485, 0.485, 0.485, 0.435, 0.455, 0.445, 0.475, 0.48, 0.465, 0.46, 0.46, 0.47, 0.485, 0.48, 0.465, 0.465, 0.485, 0.48, 0.475, 0.485, 0.505, 0.455, 0.49, 0.465, 0.5, 0.465, 0.475, 0.465, 0.495, 0.485, 0.5, 0.51, 0.495, 0.46, 0.46, 0.475, 0.49, 0.47, 0.475, 0.48, 0.445, 0.47, 0.51, 0.515, 0.505, 0.505, 0.485, 0.495, 0.485, 0.47, 0.485, 0.505, 0.465, 0.51, 0.46, 0.5, 0.495, 0.49, 0.47, 0.465, 0.475, 0.455, 0.49, 0.5, 0.505, 0.495, 0.475, 0.475, 0.46, 0.47, 0.495, 0.495, 0.48, 0.485, 0.5, 0.495, 0.475, 0.52, 0.48, 0.5, 0.475, 0.495], finalacc: 0.525, alpha: [0.34951161 0.0799745  0.08968175 0.07960616 0.10797024 0.10579496
 0.1012919  0.08616888]
2022/09/01 11:37:39 -------update alpha finished------
2022/09/01 11:37:39 The epoch_out: 6, epoch_in: 9 of training alpha finished, alpha: [0.28824359 0.09542996 0.09578354 0.13320772 0.09717875 0.11565567
 0.09127391 0.08322685]
2022/09/01 11:37:44 epoch_out: 7, epoch_in: 0, loss: 1.3012331008911133
2022/09/01 11:37:49 epoch_out: 7, epoch_in: 1, loss: 0.3211785327643156
2022/09/01 11:37:53 epoch_out: 7, epoch_in: 2, loss: 0.12313681840896606
2022/09/01 11:37:58 epoch_out: 7, epoch_in: 3, loss: 0.019433580711483954
2022/09/01 11:38:02 epoch_out: 7, epoch_in: 4, loss: 0.0051594220101833345
2022/09/01 11:38:07 epoch_out: 7, epoch_in: 5, loss: -0.0303218562155962
2022/09/01 11:38:11 epoch_out: 7, epoch_in: 6, loss: -0.028279229998588562
2022/09/01 11:38:16 epoch_out: 7, epoch_in: 7, loss: -0.05159122161567211
2022/09/01 11:38:20 epoch_out: 7, epoch_in: 8, loss: -0.06256051324307918
2022/09/01 11:38:25 epoch_out: 7, epoch_in: 9, loss: -0.08957022614777088
2022/09/01 11:38:25 The epoch_out: 7, epoch_in: 9 of training F and G finished, losslist: [1.3012331008911133, 0.3211785327643156, 0.12313681840896606, 0.019433580711483954, 0.0051594220101833345, -0.0303218562155962, -0.028279229998588562, -0.05159122161567211, -0.06256051324307918, -0.08957022614777088], acclist: [0, 0.46, 0.49, 0.475, 0.485, 0.505, 0.495, 0.52, 0.485, 0.51, 0.51, 0.505, 0.53, 0.51, 0.505, 0.55, 0.55, 0.565, 0.535, 0.525, 0.525, 0.53, 0.525, 0.53, 0.54, 0.54, 0.485, 0.515, 0.515, 0.51, 0.515, 0.49, 0.51, 0.515, 0.535, 0.52, 0.5, 0.505, 0.55, 0.53, 0.52, 0.525, 0.545, 0.52, 0.535, 0.53, 0.52, 0.49, 0.525, 0.55, 0.52, 0.505, 0.53, 0.535, 0.495, 0.49, 0.52, 0.515, 0.515, 0.535, 0.535, 0.545, 0.515, 0.535, 0.55, 0.525, 0.53, 0.535, 0.51, 0.515, 0.515, 0.545, 0.515, 0.535, 0.525, 0.515, 0.54, 0.495, 0.51, 0.515, 0.525, 0.525, 0.515, 0.515, 0.545, 0.545, 0.555, 0.515, 0.51, 0.52, 0.55, 0.55, 0.5, 0.54, 0.53, 0.535, 0.53, 0.515, 0.53, 0.545, 0.56, 0.56, 0.51, 0.525, 0.555, 0.535, 0.555, 0.53, 0.545, 0.5, 0.515, 0.535, 0.525, 0.505, 0.53, 0.52, 0.535, 0.545, 0.53, 0.54, 0.525, 0.545, 0.54, 0.545, 0.55, 0.53, 0.555, 0.52, 0.54, 0.535, 0.565, 0.555, 0.555, 0.54, 0.545, 0.54, 0.505, 0.535, 0.485, 0.51, 0.555, 0.52, 0.52, 0.565, 0.56, 0.55, 0.54, 0.53, 0.54, 0.545, 0.535, 0.525, 0.555, 0.585, 0.535, 0.53, 0.55, 0.575, 0.54, 0.545, 0.535, 0.54, 0.56, 0.55, 0.535, 0.53, 0.515, 0.525, 0.52, 0.56, 0.535, 0.575, 0.53, 0.545, 0.545, 0.535, 0.55, 0.575, 0.54, 0.565, 0.545, 0.555, 0.575, 0.58, 0.55, 0.545, 0.55, 0.56, 0.53, 0.54, 0.555, 0.565, 0.545, 0.53, 0.54, 0.56, 0.595, 0.565, 0.555, 0.53, 0.545], finalacc: 0.595, alpha: [0.28824359 0.09542996 0.09578354 0.13320772 0.09717875 0.11565567
 0.09127391 0.08322685]
2022/09/01 11:38:25 -------update alpha finished------
2022/09/01 11:38:25 The epoch_out: 7, epoch_in: 9 of training alpha finished, alpha: [0.21822365 0.10181797 0.11115121 0.1074244  0.11296301 0.11827645
 0.10619752 0.1239458 ]
2022/09/01 11:38:30 epoch_out: 8, epoch_in: 0, loss: 1.7106451779603957
2022/09/01 11:38:35 epoch_out: 8, epoch_in: 1, loss: 0.3513271652162075
2022/09/01 11:38:39 epoch_out: 8, epoch_in: 2, loss: 0.27804307751357554
2022/09/01 11:38:44 epoch_out: 8, epoch_in: 3, loss: 0.14475842006504536
2022/09/01 11:38:48 epoch_out: 8, epoch_in: 4, loss: 0.07166530750691891
2022/09/01 11:38:53 epoch_out: 8, epoch_in: 5, loss: 0.0644441919401288
2022/09/01 11:38:57 epoch_out: 8, epoch_in: 6, loss: 0.02406443879008293
2022/09/01 11:39:02 epoch_out: 8, epoch_in: 7, loss: 0.014931918866932393
2022/09/01 11:39:06 epoch_out: 8, epoch_in: 8, loss: -0.028693316131830217
2022/09/01 11:39:11 epoch_out: 8, epoch_in: 9, loss: -0.03230669610202312
2022/09/01 11:39:11 The epoch_out: 8, epoch_in: 9 of training F and G finished, losslist: [1.7106451779603957, 0.3513271652162075, 0.27804307751357554, 0.14475842006504536, 0.07166530750691891, 0.0644441919401288, 0.02406443879008293, 0.014931918866932393, -0.028693316131830217, -0.03230669610202312], acclist: [0, 0.52, 0.57, 0.57, 0.56, 0.53, 0.515, 0.465, 0.47, 0.455, 0.505, 0.48, 0.505, 0.49, 0.48, 0.49, 0.515, 0.5, 0.505, 0.505, 0.495, 0.485, 0.475, 0.515, 0.495, 0.49, 0.48, 0.51, 0.515, 0.495, 0.48, 0.515, 0.495, 0.485, 0.515, 0.465, 0.48, 0.51, 0.5, 0.47, 0.515, 0.48, 0.48, 0.45, 0.505, 0.505, 0.505, 0.495, 0.485, 0.51, 0.5, 0.5, 0.47, 0.505, 0.51, 0.5, 0.48, 0.495, 0.485, 0.5, 0.485, 0.47, 0.505, 0.485, 0.515, 0.505, 0.495, 0.495, 0.53, 0.495, 0.52, 0.525, 0.51, 0.5, 0.5, 0.525, 0.495, 0.51, 0.5, 0.515, 0.5, 0.475, 0.475, 0.485, 0.49, 0.53, 0.51, 0.475, 0.475, 0.495, 0.475, 0.51, 0.465, 0.47, 0.485, 0.515, 0.535, 0.535, 0.52, 0.5, 0.51, 0.495, 0.53, 0.55, 0.505, 0.485, 0.5, 0.51, 0.505, 0.475, 0.47, 0.49, 0.475, 0.49, 0.5, 0.485, 0.485, 0.5, 0.48, 0.52, 0.5, 0.515, 0.48, 0.49, 0.51, 0.52, 0.505, 0.495, 0.475, 0.51, 0.5, 0.485, 0.52, 0.515, 0.515, 0.5, 0.515, 0.515, 0.51, 0.495, 0.5, 0.495, 0.505, 0.5, 0.515, 0.525, 0.52, 0.505, 0.51, 0.505, 0.53, 0.53, 0.52, 0.495, 0.5, 0.485, 0.475, 0.48, 0.455, 0.495, 0.485, 0.535, 0.5, 0.49, 0.475, 0.495, 0.485, 0.495, 0.515, 0.495, 0.5, 0.525, 0.525, 0.52, 0.48, 0.52, 0.515, 0.515, 0.51, 0.5, 0.505, 0.505, 0.47, 0.465, 0.485, 0.51, 0.495, 0.485, 0.505, 0.5, 0.49, 0.475, 0.53, 0.515, 0.485, 0.475, 0.505, 0.51, 0.49, 0.485, 0.53], finalacc: 0.57, alpha: [0.21822365 0.10181797 0.11115121 0.1074244  0.11296301 0.11827645
 0.10619752 0.1239458 ]
2022/09/01 11:39:11 -------update alpha finished------
2022/09/01 11:39:11 The epoch_out: 8, epoch_in: 9 of training alpha finished, alpha: [0.4337006  0.09183639 0.10327246 0.07697666 0.05948922 0.07471937
 0.06039565 0.09960966]
2022/09/01 11:39:16 epoch_out: 9, epoch_in: 0, loss: 0.6761836186051369
2022/09/01 11:39:21 epoch_out: 9, epoch_in: 1, loss: 0.031076371669769287
2022/09/01 11:39:25 epoch_out: 9, epoch_in: 2, loss: -0.028197187930345535
2022/09/01 11:39:30 epoch_out: 9, epoch_in: 3, loss: -0.0834520623087883
2022/09/01 11:39:34 epoch_out: 9, epoch_in: 4, loss: -0.1608673706650734
2022/09/01 11:39:39 epoch_out: 9, epoch_in: 5, loss: -0.17873996123671532
2022/09/01 11:39:43 epoch_out: 9, epoch_in: 6, loss: -0.18674368783831596
2022/09/01 11:39:48 epoch_out: 9, epoch_in: 7, loss: -0.22238364219665527
2022/09/01 11:39:52 epoch_out: 9, epoch_in: 8, loss: -0.24245482161641121
2022/09/01 11:39:57 epoch_out: 9, epoch_in: 9, loss: -0.2798386916518211
2022/09/01 11:39:57 The epoch_out: 9, epoch_in: 9 of training F and G finished, losslist: [0.6761836186051369, 0.031076371669769287, -0.028197187930345535, -0.0834520623087883, -0.1608673706650734, -0.17873996123671532, -0.18674368783831596, -0.22238364219665527, -0.24245482161641121, -0.2798386916518211], acclist: [0, 0.49, 0.455, 0.465, 0.51, 0.455, 0.455, 0.48, 0.45, 0.47, 0.475, 0.47, 0.47, 0.48, 0.45, 0.425, 0.46, 0.465, 0.47, 0.445, 0.495, 0.435, 0.455, 0.43, 0.475, 0.43, 0.46, 0.44, 0.47, 0.47, 0.485, 0.46, 0.475, 0.45, 0.46, 0.48, 0.43, 0.48, 0.435, 0.46, 0.45, 0.455, 0.41, 0.435, 0.445, 0.445, 0.475, 0.445, 0.45, 0.45, 0.47, 0.445, 0.445, 0.45, 0.44, 0.47, 0.44, 0.445, 0.455, 0.455, 0.485, 0.46, 0.435, 0.45, 0.445, 0.45, 0.475, 0.46, 0.465, 0.475, 0.45, 0.465, 0.455, 0.47, 0.445, 0.47, 0.45, 0.485, 0.485, 0.46, 0.46, 0.45, 0.46, 0.485, 0.46, 0.455, 0.45, 0.465, 0.47, 0.44, 0.455, 0.445, 0.44, 0.455, 0.45, 0.45, 0.465, 0.47, 0.465, 0.455, 0.48, 0.465, 0.48, 0.415, 0.445, 0.455, 0.46, 0.5, 0.48, 0.475, 0.425, 0.475, 0.48, 0.455, 0.45, 0.45, 0.45, 0.465, 0.46, 0.435, 0.445, 0.44, 0.475, 0.48, 0.445, 0.42, 0.43, 0.44, 0.455, 0.46, 0.46, 0.47, 0.45, 0.44, 0.46, 0.47, 0.475, 0.465, 0.445, 0.425, 0.47, 0.455, 0.46, 0.42, 0.45, 0.45, 0.44, 0.45, 0.46, 0.475, 0.455, 0.455, 0.445, 0.465, 0.49, 0.495, 0.51, 0.475, 0.45, 0.46, 0.465, 0.465, 0.47, 0.45, 0.46, 0.47, 0.445, 0.455, 0.475, 0.46, 0.465, 0.465, 0.47, 0.465, 0.465, 0.45, 0.45, 0.47, 0.445, 0.46, 0.47, 0.46, 0.485, 0.49, 0.445, 0.445, 0.46, 0.46, 0.5, 0.465, 0.455, 0.44, 0.475, 0.435, 0.435, 0.44, 0.45, 0.46, 0.46, 0.435, 0.455], finalacc: 0.51, alpha: [0.4337006  0.09183639 0.10327246 0.07697666 0.05948922 0.07471937
 0.06039565 0.09960966]
2022/09/01 11:39:57 -------update alpha finished------
2022/09/01 11:39:57 The epoch_out: 9, epoch_in: 9 of training alpha finished, alpha: [0.51226973 0.08316082 0.06168986 0.05784863 0.04403252 0.09210888
 0.06179548 0.08709409]
2022/09/01 11:40:02 epoch_out: 10, epoch_in: 0, loss: 1.1154341742396354
2022/09/01 11:40:07 epoch_out: 10, epoch_in: 1, loss: 0.20276846885681152
2022/09/01 11:40:11 epoch_out: 10, epoch_in: 2, loss: 0.02393212467432022
2022/09/01 11:40:16 epoch_out: 10, epoch_in: 3, loss: -0.032205744087696074
2022/09/01 11:40:20 epoch_out: 10, epoch_in: 4, loss: -0.08178557306528092
2022/09/01 11:40:25 epoch_out: 10, epoch_in: 5, loss: -0.07260391712188721
2022/09/01 11:40:30 epoch_out: 10, epoch_in: 6, loss: -0.13127115592360497
2022/09/01 11:40:34 epoch_out: 10, epoch_in: 7, loss: -0.17160861417651177
2022/09/01 11:40:39 epoch_out: 10, epoch_in: 8, loss: -0.1474391058087349
2022/09/01 11:40:43 epoch_out: 10, epoch_in: 9, loss: -0.18807802349328995
2022/09/01 11:40:43 The epoch_out: 10, epoch_in: 9 of training F and G finished, losslist: [1.1154341742396354, 0.20276846885681152, 0.02393212467432022, -0.032205744087696074, -0.08178557306528092, -0.07260391712188721, -0.13127115592360497, -0.17160861417651177, -0.1474391058087349, -0.18807802349328995], acclist: [0, 0.56, 0.515, 0.455, 0.455, 0.47, 0.455, 0.44, 0.445, 0.47, 0.485, 0.455, 0.455, 0.485, 0.465, 0.49, 0.485, 0.485, 0.47, 0.485, 0.475, 0.455, 0.46, 0.495, 0.49, 0.455, 0.46, 0.51, 0.48, 0.475, 0.495, 0.48, 0.46, 0.46, 0.465, 0.505, 0.465, 0.495, 0.485, 0.445, 0.465, 0.45, 0.48, 0.47, 0.48, 0.48, 0.46, 0.505, 0.485, 0.505, 0.485, 0.475, 0.49, 0.48, 0.475, 0.465, 0.46, 0.47, 0.465, 0.485, 0.475, 0.505, 0.48, 0.51, 0.495, 0.455, 0.41, 0.475, 0.44, 0.48, 0.49, 0.475, 0.5, 0.475, 0.485, 0.505, 0.485, 0.475, 0.48, 0.495, 0.49, 0.49, 0.475, 0.475, 0.45, 0.485, 0.49, 0.51, 0.49, 0.5, 0.495, 0.52, 0.51, 0.485, 0.51, 0.485, 0.48, 0.5, 0.465, 0.46, 0.47, 0.445, 0.47, 0.47, 0.49, 0.5, 0.5, 0.5, 0.51, 0.48, 0.47, 0.465, 0.5, 0.505, 0.51, 0.465, 0.455, 0.495, 0.525, 0.475, 0.505, 0.51, 0.515, 0.48, 0.465, 0.53, 0.53, 0.515, 0.51, 0.505, 0.47, 0.475, 0.51, 0.495, 0.495, 0.46, 0.46, 0.51, 0.465, 0.49, 0.505, 0.495, 0.46, 0.51, 0.48, 0.47, 0.475, 0.5, 0.47, 0.48, 0.47, 0.445, 0.475, 0.505, 0.5, 0.49, 0.485, 0.475, 0.5, 0.515, 0.495, 0.495, 0.475, 0.475, 0.495, 0.495, 0.485, 0.505, 0.48, 0.495, 0.485, 0.445, 0.485, 0.485, 0.5, 0.495, 0.485, 0.5, 0.48, 0.47, 0.465, 0.52, 0.52, 0.505, 0.51, 0.47, 0.445, 0.455, 0.465, 0.495, 0.495, 0.44, 0.465, 0.485, 0.465, 0.46, 0.48, 0.45, 0.475, 0.48, 0.485], finalacc: 0.56, alpha: [0.51226973 0.08316082 0.06168986 0.05784863 0.04403252 0.09210888
 0.06179548 0.08709409]
2022/09/01 11:40:44 -------update alpha finished------
2022/09/01 11:40:44 The epoch_out: 10, epoch_in: 9 of training alpha finished, alpha: [0.21867691 0.11182582 0.11461919 0.11346319 0.12605395 0.10605171
 0.10645853 0.1028507 ]
2022/09/01 11:40:49 epoch_out: 11, epoch_in: 0, loss: 1.3377772018313407
2022/09/01 11:40:53 epoch_out: 11, epoch_in: 1, loss: 0.31075269505381586
2022/09/01 11:40:58 epoch_out: 11, epoch_in: 2, loss: 0.17361606657505035
2022/09/01 11:41:02 epoch_out: 11, epoch_in: 3, loss: 0.09189709015190602
2022/09/01 11:41:07 epoch_out: 11, epoch_in: 4, loss: 0.06650118492543697
2022/09/01 11:41:11 epoch_out: 11, epoch_in: 5, loss: 0.04896627590060234
2022/09/01 11:41:16 epoch_out: 11, epoch_in: 6, loss: -0.030185261741280556
2022/09/01 11:41:20 epoch_out: 11, epoch_in: 7, loss: -0.06234290860593319
2022/09/01 11:41:25 epoch_out: 11, epoch_in: 8, loss: -0.0693449217826128
2022/09/01 11:41:30 epoch_out: 11, epoch_in: 9, loss: -0.09496373720467091
2022/09/01 11:41:30 The epoch_out: 11, epoch_in: 9 of training F and G finished, losslist: [1.3377772018313407, 0.31075269505381586, 0.17361606657505035, 0.09189709015190602, 0.06650118492543697, 0.04896627590060234, -0.030185261741280556, -0.06234290860593319, -0.0693449217826128, -0.09496373720467091], acclist: [0, 0.53, 0.46, 0.465, 0.515, 0.475, 0.485, 0.51, 0.52, 0.5, 0.49, 0.495, 0.48, 0.465, 0.475, 0.495, 0.475, 0.495, 0.51, 0.51, 0.5, 0.515, 0.51, 0.53, 0.5, 0.5, 0.48, 0.45, 0.5, 0.53, 0.515, 0.505, 0.5, 0.485, 0.505, 0.46, 0.495, 0.495, 0.495, 0.525, 0.535, 0.495, 0.515, 0.49, 0.495, 0.49, 0.515, 0.49, 0.485, 0.525, 0.475, 0.505, 0.495, 0.5, 0.47, 0.485, 0.5, 0.495, 0.485, 0.5, 0.52, 0.525, 0.515, 0.505, 0.49, 0.495, 0.515, 0.485, 0.48, 0.495, 0.51, 0.52, 0.51, 0.5, 0.5, 0.475, 0.495, 0.49, 0.525, 0.53, 0.52, 0.5, 0.525, 0.545, 0.51, 0.5, 0.505, 0.505, 0.495, 0.525, 0.525, 0.555, 0.53, 0.495, 0.48, 0.48, 0.525, 0.55, 0.5, 0.495, 0.455, 0.495, 0.515, 0.51, 0.54, 0.52, 0.51, 0.545, 0.525, 0.53, 0.47, 0.47, 0.52, 0.525, 0.5, 0.495, 0.5, 0.48, 0.525, 0.495, 0.51, 0.535, 0.535, 0.485, 0.525, 0.53, 0.52, 0.525, 0.515, 0.5, 0.51, 0.535, 0.55, 0.525, 0.515, 0.51, 0.54, 0.495, 0.51, 0.525, 0.52, 0.52, 0.55, 0.5, 0.52, 0.54, 0.48, 0.525, 0.515, 0.51, 0.545, 0.495, 0.535, 0.52, 0.535, 0.5, 0.51, 0.505, 0.5, 0.5, 0.52, 0.49, 0.52, 0.52, 0.55, 0.535, 0.52, 0.515, 0.535, 0.52, 0.52, 0.555, 0.51, 0.535, 0.525, 0.56, 0.53, 0.5, 0.535, 0.57, 0.525, 0.55, 0.535, 0.495, 0.485, 0.525, 0.52, 0.53, 0.55, 0.555, 0.535, 0.55, 0.55, 0.54, 0.515, 0.53, 0.53, 0.5, 0.515, 0.545, 0.545], finalacc: 0.57, alpha: [0.21867691 0.11182582 0.11461919 0.11346319 0.12605395 0.10605171
 0.10645853 0.1028507 ]
2022/09/01 11:41:30 -------update alpha finished------
2022/09/01 11:41:30 The epoch_out: 11, epoch_in: 9 of training alpha finished, alpha: [0.28450696 0.09692415 0.10741532 0.10522244 0.0957747  0.09796015
 0.10271511 0.10948118]
2022/09/01 11:41:35 epoch_out: 12, epoch_in: 0, loss: 0.794438324868679
2022/09/01 11:41:39 epoch_out: 12, epoch_in: 1, loss: 0.15537212640047074
2022/09/01 11:41:44 epoch_out: 12, epoch_in: 2, loss: 0.06947673708200455
2022/09/01 11:41:49 epoch_out: 12, epoch_in: 3, loss: -0.0047991439700126644
2022/09/01 11:41:54 epoch_out: 12, epoch_in: 4, loss: -0.02866392955183983
2022/09/01 11:41:58 epoch_out: 12, epoch_in: 5, loss: -0.04782816432416439
2022/09/01 11:42:03 epoch_out: 12, epoch_in: 6, loss: -0.07983154952526092
2022/09/01 11:42:08 epoch_out: 12, epoch_in: 7, loss: -0.12555958554148675
2022/09/01 11:42:12 epoch_out: 12, epoch_in: 8, loss: -0.1410383690148592
2022/09/01 11:42:17 epoch_out: 12, epoch_in: 9, loss: -0.16291734762489796
2022/09/01 11:42:17 The epoch_out: 12, epoch_in: 9 of training F and G finished, losslist: [0.794438324868679, 0.15537212640047074, 0.06947673708200455, -0.0047991439700126644, -0.02866392955183983, -0.04782816432416439, -0.07983154952526092, -0.12555958554148675, -0.1410383690148592, -0.16291734762489796], acclist: [0, 0.495, 0.52, 0.48, 0.5, 0.495, 0.505, 0.475, 0.48, 0.51, 0.495, 0.485, 0.5, 0.48, 0.48, 0.495, 0.495, 0.5, 0.515, 0.505, 0.5, 0.465, 0.51, 0.47, 0.48, 0.425, 0.51, 0.49, 0.5, 0.455, 0.455, 0.49, 0.46, 0.51, 0.535, 0.49, 0.5, 0.49, 0.47, 0.515, 0.47, 0.49, 0.525, 0.495, 0.5, 0.5, 0.49, 0.5, 0.505, 0.525, 0.48, 0.505, 0.525, 0.505, 0.475, 0.47, 0.485, 0.46, 0.515, 0.515, 0.485, 0.505, 0.495, 0.475, 0.485, 0.485, 0.475, 0.5, 0.495, 0.5, 0.495, 0.5, 0.485, 0.51, 0.49, 0.52, 0.48, 0.505, 0.51, 0.475, 0.475, 0.505, 0.5, 0.475, 0.45, 0.505, 0.51, 0.49, 0.465, 0.515, 0.505, 0.515, 0.475, 0.48, 0.515, 0.5, 0.52, 0.495, 0.485, 0.48, 0.455, 0.49, 0.49, 0.495, 0.465, 0.485, 0.46, 0.505, 0.515, 0.51, 0.495, 0.465, 0.52, 0.49, 0.52, 0.515, 0.485, 0.54, 0.52, 0.53, 0.505, 0.54, 0.505, 0.51, 0.49, 0.505, 0.505, 0.525, 0.545, 0.53, 0.495, 0.49, 0.475, 0.515, 0.505, 0.49, 0.495, 0.51, 0.505, 0.505, 0.51, 0.5, 0.515, 0.485, 0.5, 0.51, 0.46, 0.49, 0.47, 0.52, 0.515, 0.505, 0.52, 0.53, 0.48, 0.535, 0.515, 0.51, 0.525, 0.495, 0.52, 0.5, 0.485, 0.485, 0.525, 0.495, 0.5, 0.5, 0.51, 0.495, 0.545, 0.535, 0.57, 0.515, 0.475, 0.495, 0.515, 0.49, 0.515, 0.505, 0.48, 0.525, 0.475, 0.495, 0.535, 0.49, 0.46, 0.51, 0.495, 0.49, 0.49, 0.485, 0.495, 0.49, 0.505, 0.51, 0.495, 0.525, 0.51, 0.495, 0.52], finalacc: 0.57, alpha: [0.28450696 0.09692415 0.10741532 0.10522244 0.0957747  0.09796015
 0.10271511 0.10948118]
2022/09/01 11:42:17 -------update alpha finished------
2022/09/01 11:42:17 The epoch_out: 12, epoch_in: 9 of training alpha finished, alpha: [0.34622638 0.08070166 0.09206619 0.09506459 0.10509795 0.09637571
 0.09739348 0.08707403]
2022/09/01 11:42:22 epoch_out: 13, epoch_in: 0, loss: 0.9101282946765423
2022/09/01 11:42:27 epoch_out: 13, epoch_in: 1, loss: 0.1667824424803257
2022/09/01 11:42:31 epoch_out: 13, epoch_in: 2, loss: 0.05565595552325249
2022/09/01 11:42:36 epoch_out: 13, epoch_in: 3, loss: 0.00029825232923030853
2022/09/01 11:42:40 epoch_out: 13, epoch_in: 4, loss: -0.06186478510499001
2022/09/01 11:42:45 epoch_out: 13, epoch_in: 5, loss: -0.07136217914521695
2022/09/01 11:42:49 epoch_out: 13, epoch_in: 6, loss: -0.1035919651389122
2022/09/01 11:42:54 epoch_out: 13, epoch_in: 7, loss: -0.14017970561981202
2022/09/01 11:42:58 epoch_out: 13, epoch_in: 8, loss: -0.14871562644839287
2022/09/01 11:43:03 epoch_out: 13, epoch_in: 9, loss: -0.17077151760458947
2022/09/01 11:43:03 The epoch_out: 13, epoch_in: 9 of training F and G finished, losslist: [0.9101282946765423, 0.1667824424803257, 0.05565595552325249, 0.00029825232923030853, -0.06186478510499001, -0.07136217914521695, -0.1035919651389122, -0.14017970561981202, -0.14871562644839287, -0.17077151760458947], acclist: [0, 0.42, 0.43, 0.455, 0.555, 0.555, 0.55, 0.55, 0.53, 0.545, 0.55, 0.56, 0.565, 0.54, 0.545, 0.55, 0.54, 0.56, 0.575, 0.545, 0.565, 0.555, 0.57, 0.52, 0.565, 0.55, 0.51, 0.565, 0.565, 0.55, 0.55, 0.56, 0.555, 0.59, 0.56, 0.585, 0.57, 0.55, 0.56, 0.57, 0.58, 0.56, 0.535, 0.555, 0.585, 0.54, 0.54, 0.535, 0.565, 0.56, 0.53, 0.54, 0.56, 0.545, 0.52, 0.545, 0.55, 0.555, 0.575, 0.545, 0.54, 0.535, 0.565, 0.55, 0.52, 0.565, 0.555, 0.57, 0.55, 0.58, 0.585, 0.55, 0.56, 0.55, 0.555, 0.535, 0.54, 0.565, 0.55, 0.525, 0.53, 0.56, 0.575, 0.565, 0.555, 0.54, 0.535, 0.53, 0.555, 0.585, 0.545, 0.555, 0.57, 0.55, 0.57, 0.57, 0.575, 0.575, 0.55, 0.535, 0.55, 0.57, 0.545, 0.535, 0.57, 0.57, 0.585, 0.53, 0.515, 0.52, 0.575, 0.565, 0.56, 0.56, 0.56, 0.535, 0.545, 0.55, 0.54, 0.56, 0.61, 0.55, 0.57, 0.54, 0.56, 0.57, 0.55, 0.555, 0.565, 0.575, 0.555, 0.53, 0.55, 0.57, 0.545, 0.56, 0.57, 0.565, 0.505, 0.535, 0.54, 0.575, 0.54, 0.545, 0.545, 0.53, 0.535, 0.535, 0.545, 0.56, 0.56, 0.58, 0.54, 0.54, 0.535, 0.555, 0.555, 0.56, 0.585, 0.56, 0.575, 0.555, 0.57, 0.56, 0.53, 0.565, 0.54, 0.545, 0.55, 0.575, 0.535, 0.55, 0.54, 0.555, 0.54, 0.575, 0.575, 0.555, 0.575, 0.595, 0.555, 0.535, 0.56, 0.56, 0.58, 0.545, 0.55, 0.535, 0.575, 0.57, 0.535, 0.545, 0.555, 0.535, 0.585, 0.575, 0.58, 0.555, 0.555, 0.55, 0.535], finalacc: 0.61, alpha: [0.34622638 0.08070166 0.09206619 0.09506459 0.10509795 0.09637571
 0.09739348 0.08707403]
2022/09/01 11:43:03 -------update alpha finished------
2022/09/01 11:43:03 The epoch_out: 13, epoch_in: 9 of training alpha finished, alpha: [0.3839749  0.09366134 0.07789477 0.08311948 0.08979168 0.0885945
 0.08483314 0.09813017]
2022/09/01 11:43:08 epoch_out: 14, epoch_in: 0, loss: 1.4034623891115188
2022/09/01 11:43:13 epoch_out: 14, epoch_in: 1, loss: 0.33765616193413733
2022/09/01 11:43:17 epoch_out: 14, epoch_in: 2, loss: 0.12405226826667785
2022/09/01 11:43:22 epoch_out: 14, epoch_in: 3, loss: 0.04785257279872894
2022/09/01 11:43:26 epoch_out: 14, epoch_in: 4, loss: -0.023709727078676225
2022/09/01 11:43:31 epoch_out: 14, epoch_in: 5, loss: -0.07242354303598404
2022/09/01 11:43:36 epoch_out: 14, epoch_in: 6, loss: -0.1530215784907341
2022/09/01 11:43:40 epoch_out: 14, epoch_in: 7, loss: -0.1681609146296978
2022/09/01 11:43:45 epoch_out: 14, epoch_in: 8, loss: -0.16859622895717621
2022/09/01 11:43:49 epoch_out: 14, epoch_in: 9, loss: -0.20923184752464294
2022/09/01 11:43:49 The epoch_out: 14, epoch_in: 9 of training F and G finished, losslist: [1.4034623891115188, 0.33765616193413733, 0.12405226826667785, 0.04785257279872894, -0.023709727078676225, -0.07242354303598404, -0.1530215784907341, -0.1681609146296978, -0.16859622895717621, -0.20923184752464294], acclist: [0, 0.49, 0.49, 0.475, 0.53, 0.48, 0.45, 0.435, 0.44, 0.45, 0.48, 0.485, 0.455, 0.47, 0.465, 0.445, 0.445, 0.45, 0.475, 0.485, 0.475, 0.475, 0.47, 0.485, 0.465, 0.49, 0.445, 0.455, 0.485, 0.46, 0.465, 0.46, 0.49, 0.465, 0.47, 0.47, 0.455, 0.455, 0.45, 0.445, 0.46, 0.47, 0.49, 0.46, 0.425, 0.45, 0.44, 0.465, 0.45, 0.46, 0.495, 0.48, 0.475, 0.47, 0.46, 0.455, 0.49, 0.475, 0.45, 0.46, 0.48, 0.475, 0.465, 0.46, 0.48, 0.485, 0.475, 0.46, 0.48, 0.47, 0.45, 0.475, 0.455, 0.48, 0.465, 0.46, 0.47, 0.47, 0.485, 0.475, 0.48, 0.475, 0.47, 0.49, 0.445, 0.46, 0.45, 0.485, 0.46, 0.505, 0.485, 0.495, 0.475, 0.48, 0.48, 0.49, 0.495, 0.485, 0.47, 0.495, 0.475, 0.48, 0.48, 0.48, 0.48, 0.475, 0.47, 0.5, 0.45, 0.49, 0.495, 0.47, 0.465, 0.45, 0.44, 0.505, 0.47, 0.47, 0.5, 0.5, 0.485, 0.48, 0.48, 0.48, 0.48, 0.475, 0.465, 0.48, 0.49, 0.485, 0.46, 0.485, 0.485, 0.485, 0.475, 0.485, 0.475, 0.505, 0.465, 0.51, 0.5, 0.49, 0.455, 0.47, 0.475, 0.46, 0.485, 0.465, 0.47, 0.455, 0.505, 0.525, 0.47, 0.52, 0.485, 0.49, 0.48, 0.5, 0.48, 0.475, 0.495, 0.5, 0.475, 0.47, 0.505, 0.5, 0.475, 0.485, 0.49, 0.45, 0.485, 0.485, 0.49, 0.475, 0.485, 0.495, 0.47, 0.49, 0.485, 0.495, 0.475, 0.435, 0.475, 0.48, 0.495, 0.46, 0.465, 0.455, 0.475, 0.47, 0.475, 0.485, 0.49, 0.5, 0.48, 0.475, 0.5, 0.485, 0.485, 0.48, 0.48], finalacc: 0.53, alpha: [0.3839749  0.09366134 0.07789477 0.08311948 0.08979168 0.0885945
 0.08483314 0.09813017]
2022/09/01 11:43:50 -------update alpha finished------
2022/09/01 11:43:50 The epoch_out: 14, epoch_in: 9 of training alpha finished, alpha: [0.57224443 0.05969356 0.07024148 0.05257785 0.05575047 0.06472278
 0.0960763  0.02869314]
2022/09/01 11:43:54 epoch_out: 15, epoch_in: 0, loss: 1.2939188480377197
2022/09/01 11:43:59 epoch_out: 15, epoch_in: 1, loss: 0.1853839561343193
2022/09/01 11:44:04 epoch_out: 15, epoch_in: 2, loss: 0.033612339198589324
2022/09/01 11:44:08 epoch_out: 15, epoch_in: 3, loss: -0.044974836707115176
2022/09/01 11:44:13 epoch_out: 15, epoch_in: 4, loss: -0.0630110964179039
2022/09/01 11:44:17 epoch_out: 15, epoch_in: 5, loss: -0.10361429452896118
2022/09/01 11:44:22 epoch_out: 15, epoch_in: 6, loss: -0.1532360151410103
2022/09/01 11:44:26 epoch_out: 15, epoch_in: 7, loss: -0.13789951503276826
2022/09/01 11:44:31 epoch_out: 15, epoch_in: 8, loss: -0.18437670916318893
2022/09/01 11:44:35 epoch_out: 15, epoch_in: 9, loss: -0.19245865494012832
2022/09/01 11:44:35 The epoch_out: 15, epoch_in: 9 of training F and G finished, losslist: [1.2939188480377197, 0.1853839561343193, 0.033612339198589324, -0.044974836707115176, -0.0630110964179039, -0.10361429452896118, -0.1532360151410103, -0.13789951503276826, -0.18437670916318893, -0.19245865494012832], acclist: [0, 0.52, 0.545, 0.52, 0.51, 0.52, 0.525, 0.545, 0.51, 0.47, 0.525, 0.505, 0.5, 0.53, 0.535, 0.53, 0.54, 0.525, 0.485, 0.535, 0.48, 0.525, 0.505, 0.5, 0.5, 0.51, 0.51, 0.505, 0.525, 0.505, 0.505, 0.535, 0.525, 0.51, 0.51, 0.545, 0.52, 0.505, 0.525, 0.52, 0.505, 0.525, 0.53, 0.515, 0.485, 0.5, 0.515, 0.51, 0.555, 0.535, 0.52, 0.505, 0.535, 0.535, 0.495, 0.52, 0.53, 0.55, 0.555, 0.5, 0.545, 0.48, 0.53, 0.525, 0.53, 0.545, 0.54, 0.54, 0.535, 0.53, 0.54, 0.51, 0.545, 0.53, 0.515, 0.53, 0.495, 0.5, 0.515, 0.515, 0.51, 0.495, 0.47, 0.505, 0.515, 0.535, 0.52, 0.535, 0.525, 0.525, 0.53, 0.505, 0.535, 0.53, 0.55, 0.545, 0.56, 0.525, 0.515, 0.525, 0.535, 0.545, 0.56, 0.505, 0.525, 0.54, 0.485, 0.515, 0.52, 0.5, 0.51, 0.53, 0.53, 0.545, 0.505, 0.51, 0.53, 0.52, 0.495, 0.525, 0.55, 0.51, 0.56, 0.55, 0.525, 0.51, 0.54, 0.56, 0.51, 0.53, 0.54, 0.515, 0.535, 0.51, 0.54, 0.565, 0.525, 0.54, 0.54, 0.5, 0.525, 0.51, 0.545, 0.535, 0.535, 0.51, 0.54, 0.525, 0.5, 0.535, 0.535, 0.54, 0.535, 0.54, 0.535, 0.53, 0.545, 0.525, 0.515, 0.53, 0.565, 0.54, 0.525, 0.495, 0.52, 0.535, 0.55, 0.525, 0.53, 0.545, 0.525, 0.535, 0.525, 0.55, 0.51, 0.525, 0.51, 0.51, 0.51, 0.53, 0.54, 0.515, 0.525, 0.55, 0.52, 0.52, 0.545, 0.545, 0.53, 0.52, 0.525, 0.545, 0.52, 0.515, 0.49, 0.54, 0.49, 0.54, 0.515, 0.48, 0.54], finalacc: 0.565, alpha: [0.57224443 0.05969356 0.07024148 0.05257785 0.05575047 0.06472278
 0.0960763  0.02869314]
2022/09/01 11:44:36 -------update alpha finished------
2022/09/01 11:44:36 The epoch_out: 15, epoch_in: 9 of training alpha finished, alpha: [0.21044359 0.11349297 0.11714764 0.12467533 0.12276696 0.1161123
 0.09218537 0.10317585]
2022/09/01 11:44:41 epoch_out: 16, epoch_in: 0, loss: 1.0207736924290658
2022/09/01 11:44:45 epoch_out: 16, epoch_in: 1, loss: 0.22382674925029278
2022/09/01 11:44:50 epoch_out: 16, epoch_in: 2, loss: 0.13480509147047998
2022/09/01 11:44:54 epoch_out: 16, epoch_in: 3, loss: 0.01736972779035568
2022/09/01 11:44:59 epoch_out: 16, epoch_in: 4, loss: -0.0001092422753572464
2022/09/01 11:45:03 epoch_out: 16, epoch_in: 5, loss: -0.027830906212329865
2022/09/01 11:45:08 epoch_out: 16, epoch_in: 6, loss: -0.06794781163334847
2022/09/01 11:45:12 epoch_out: 16, epoch_in: 7, loss: -0.1160233661532402
2022/09/01 11:45:17 epoch_out: 16, epoch_in: 8, loss: -0.15767368972301482
2022/09/01 11:45:22 epoch_out: 16, epoch_in: 9, loss: -0.22544653788208963
2022/09/01 11:45:22 The epoch_out: 16, epoch_in: 9 of training F and G finished, losslist: [1.0207736924290658, 0.22382674925029278, 0.13480509147047998, 0.01736972779035568, -0.0001092422753572464, -0.027830906212329865, -0.06794781163334847, -0.1160233661532402, -0.15767368972301482, -0.22544653788208963], acclist: [0, 0.56, 0.555, 0.495, 0.515, 0.505, 0.515, 0.52, 0.46, 0.48, 0.46, 0.495, 0.475, 0.465, 0.47, 0.49, 0.495, 0.525, 0.495, 0.49, 0.525, 0.47, 0.475, 0.49, 0.515, 0.475, 0.47, 0.5, 0.49, 0.485, 0.485, 0.485, 0.49, 0.48, 0.485, 0.485, 0.495, 0.49, 0.5, 0.505, 0.48, 0.46, 0.495, 0.52, 0.48, 0.485, 0.525, 0.485, 0.52, 0.495, 0.51, 0.52, 0.48, 0.455, 0.445, 0.49, 0.525, 0.52, 0.5, 0.485, 0.475, 0.465, 0.465, 0.46, 0.51, 0.53, 0.455, 0.495, 0.485, 0.475, 0.495, 0.48, 0.52, 0.52, 0.485, 0.47, 0.465, 0.48, 0.49, 0.53, 0.495, 0.51, 0.48, 0.465, 0.52, 0.54, 0.53, 0.48, 0.51, 0.495, 0.525, 0.485, 0.525, 0.505, 0.495, 0.49, 0.51, 0.48, 0.5, 0.505, 0.51, 0.525, 0.5, 0.49, 0.545, 0.525, 0.51, 0.5, 0.495, 0.52, 0.515, 0.515, 0.505, 0.5, 0.485, 0.475, 0.5, 0.55, 0.51, 0.49, 0.51, 0.5, 0.505, 0.53, 0.525, 0.53, 0.5, 0.5, 0.495, 0.49, 0.515, 0.49, 0.52, 0.49, 0.49, 0.485, 0.525, 0.52, 0.535, 0.535, 0.52, 0.525, 0.515, 0.495, 0.48, 0.5, 0.5, 0.49, 0.525, 0.54, 0.535, 0.495, 0.525, 0.495, 0.51, 0.505, 0.51, 0.5, 0.49, 0.515, 0.51, 0.505, 0.505, 0.51, 0.525, 0.505, 0.51, 0.515, 0.485, 0.49, 0.485, 0.515, 0.515, 0.51, 0.52, 0.51, 0.535, 0.505, 0.51, 0.525, 0.51, 0.475, 0.48, 0.49, 0.5, 0.52, 0.505, 0.51, 0.495, 0.505, 0.515, 0.51, 0.52, 0.52, 0.495, 0.525, 0.505, 0.55, 0.525, 0.525, 0.515], finalacc: 0.56, alpha: [0.21044359 0.11349297 0.11714764 0.12467533 0.12276696 0.1161123
 0.09218537 0.10317585]
2022/09/01 11:45:22 -------update alpha finished------
2022/09/01 11:45:22 The epoch_out: 16, epoch_in: 9 of training alpha finished, alpha: [0.41622514 0.08566684 0.08896875 0.10711848 0.08611937 0.05349388
 0.09132666 0.07108087]
2022/09/01 11:45:27 epoch_out: 17, epoch_in: 0, loss: 1.1445307910442353
2022/09/01 11:45:31 epoch_out: 17, epoch_in: 1, loss: 0.21656107902526855
2022/09/01 11:45:36 epoch_out: 17, epoch_in: 2, loss: 0.03494898155331612
2022/09/01 11:45:40 epoch_out: 17, epoch_in: 3, loss: -0.02479626387357712
2022/09/01 11:45:45 epoch_out: 17, epoch_in: 4, loss: -0.06375158503651619
2022/09/01 11:45:50 epoch_out: 17, epoch_in: 5, loss: -0.07956722155213355
2022/09/01 11:45:54 epoch_out: 17, epoch_in: 6, loss: -0.11138739362359047
2022/09/01 11:45:59 epoch_out: 17, epoch_in: 7, loss: -0.12412292137742043
2022/09/01 11:46:03 epoch_out: 17, epoch_in: 8, loss: -0.12880464419722557
2022/09/01 11:46:08 epoch_out: 17, epoch_in: 9, loss: -0.17913983911275863
2022/09/01 11:46:08 The epoch_out: 17, epoch_in: 9 of training F and G finished, losslist: [1.1445307910442353, 0.21656107902526855, 0.03494898155331612, -0.02479626387357712, -0.06375158503651619, -0.07956722155213355, -0.11138739362359047, -0.12412292137742043, -0.12880464419722557, -0.17913983911275863], acclist: [0, 0.57, 0.57, 0.55, 0.555, 0.53, 0.545, 0.535, 0.515, 0.555, 0.535, 0.495, 0.47, 0.48, 0.52, 0.53, 0.555, 0.52, 0.525, 0.49, 0.495, 0.505, 0.485, 0.515, 0.5, 0.52, 0.485, 0.505, 0.525, 0.52, 0.53, 0.56, 0.5, 0.51, 0.52, 0.52, 0.52, 0.49, 0.495, 0.475, 0.5, 0.53, 0.49, 0.505, 0.51, 0.51, 0.48, 0.48, 0.455, 0.495, 0.5, 0.525, 0.53, 0.535, 0.535, 0.495, 0.505, 0.51, 0.535, 0.525, 0.515, 0.51, 0.53, 0.55, 0.535, 0.515, 0.55, 0.53, 0.445, 0.47, 0.49, 0.485, 0.515, 0.495, 0.515, 0.51, 0.545, 0.535, 0.51, 0.525, 0.51, 0.52, 0.515, 0.505, 0.495, 0.525, 0.525, 0.53, 0.525, 0.53, 0.47, 0.5, 0.51, 0.535, 0.555, 0.48, 0.49, 0.515, 0.505, 0.545, 0.54, 0.545, 0.525, 0.545, 0.505, 0.5, 0.485, 0.54, 0.51, 0.485, 0.51, 0.52, 0.505, 0.52, 0.545, 0.52, 0.5, 0.51, 0.565, 0.565, 0.49, 0.52, 0.515, 0.51, 0.485, 0.505, 0.53, 0.53, 0.54, 0.5, 0.495, 0.51, 0.49, 0.53, 0.545, 0.53, 0.515, 0.54, 0.52, 0.53, 0.515, 0.515, 0.51, 0.535, 0.52, 0.485, 0.505, 0.525, 0.52, 0.525, 0.51, 0.51, 0.525, 0.505, 0.52, 0.525, 0.505, 0.52, 0.515, 0.525, 0.51, 0.54, 0.49, 0.53, 0.515, 0.52, 0.5, 0.52, 0.53, 0.5, 0.545, 0.545, 0.525, 0.52, 0.53, 0.495, 0.515, 0.55, 0.545, 0.505, 0.495, 0.535, 0.545, 0.49, 0.515, 0.53, 0.525, 0.535, 0.53, 0.52, 0.51, 0.525, 0.53, 0.56, 0.53, 0.51, 0.495, 0.515, 0.53, 0.515, 0.52], finalacc: 0.57, alpha: [0.41622514 0.08566684 0.08896875 0.10711848 0.08611937 0.05349388
 0.09132666 0.07108087]
2022/09/01 11:46:08 -------update alpha finished------
2022/09/01 11:46:08 The epoch_out: 17, epoch_in: 9 of training alpha finished, alpha: [0.22570572 0.10854949 0.10114029 0.11067627 0.11649936 0.11396809
 0.11319083 0.11026995]
2022/09/01 11:46:13 epoch_out: 18, epoch_in: 0, loss: 0.9156943984329701
2022/09/01 11:46:18 epoch_out: 18, epoch_in: 1, loss: 0.1765815604478121
2022/09/01 11:46:22 epoch_out: 18, epoch_in: 2, loss: 0.06263663880527019
2022/09/01 11:46:27 epoch_out: 18, epoch_in: 3, loss: 0.0058704778552055355
2022/09/01 11:46:31 epoch_out: 18, epoch_in: 4, loss: -0.01052156202495098
2022/09/01 11:46:36 epoch_out: 18, epoch_in: 5, loss: -0.06906099058687687
2022/09/01 11:46:40 epoch_out: 18, epoch_in: 6, loss: -0.09425430670380593
2022/09/01 11:46:45 epoch_out: 18, epoch_in: 7, loss: -0.12698146775364877
2022/09/01 11:46:50 epoch_out: 18, epoch_in: 8, loss: -0.18047898411750793
2022/09/01 11:46:54 epoch_out: 18, epoch_in: 9, loss: -0.22165529169142245
2022/09/01 11:46:54 The epoch_out: 18, epoch_in: 9 of training F and G finished, losslist: [0.9156943984329701, 0.1765815604478121, 0.06263663880527019, 0.0058704778552055355, -0.01052156202495098, -0.06906099058687687, -0.09425430670380593, -0.12698146775364877, -0.18047898411750793, -0.22165529169142245], acclist: [0, 0.425, 0.41, 0.415, 0.47, 0.49, 0.49, 0.475, 0.475, 0.49, 0.495, 0.465, 0.5, 0.505, 0.5, 0.515, 0.5, 0.515, 0.505, 0.49, 0.51, 0.525, 0.5, 0.515, 0.48, 0.51, 0.485, 0.52, 0.53, 0.505, 0.54, 0.475, 0.505, 0.51, 0.515, 0.505, 0.495, 0.5, 0.495, 0.53, 0.5, 0.52, 0.52, 0.48, 0.51, 0.47, 0.47, 0.505, 0.49, 0.5, 0.515, 0.515, 0.48, 0.485, 0.505, 0.5, 0.49, 0.49, 0.465, 0.49, 0.51, 0.475, 0.485, 0.495, 0.505, 0.5, 0.48, 0.525, 0.52, 0.55, 0.49, 0.515, 0.52, 0.495, 0.47, 0.5, 0.52, 0.51, 0.51, 0.49, 0.505, 0.5, 0.51, 0.52, 0.5, 0.51, 0.495, 0.485, 0.5, 0.52, 0.54, 0.515, 0.54, 0.48, 0.515, 0.475, 0.53, 0.515, 0.495, 0.45, 0.49, 0.505, 0.5, 0.485, 0.475, 0.52, 0.49, 0.495, 0.505, 0.505, 0.49, 0.505, 0.495, 0.48, 0.525, 0.515, 0.52, 0.52, 0.495, 0.49, 0.525, 0.545, 0.515, 0.54, 0.515, 0.5, 0.505, 0.49, 0.475, 0.495, 0.485, 0.49, 0.51, 0.505, 0.505, 0.535, 0.51, 0.52, 0.48, 0.5, 0.495, 0.515, 0.51, 0.55, 0.505, 0.53, 0.515, 0.52, 0.48, 0.515, 0.515, 0.5, 0.51, 0.515, 0.515, 0.5, 0.48, 0.485, 0.47, 0.48, 0.5, 0.515, 0.505, 0.52, 0.505, 0.535, 0.525, 0.5, 0.53, 0.53, 0.49, 0.515, 0.51, 0.535, 0.515, 0.505, 0.535, 0.52, 0.53, 0.52, 0.54, 0.555, 0.545, 0.505, 0.51, 0.52, 0.55, 0.52, 0.52, 0.51, 0.51, 0.48, 0.54, 0.515, 0.5, 0.495, 0.52, 0.525, 0.53, 0.54, 0.54], finalacc: 0.555, alpha: [0.22570572 0.10854949 0.10114029 0.11067627 0.11649936 0.11396809
 0.11319083 0.11026995]
2022/09/01 11:46:55 -------update alpha finished------
2022/09/01 11:46:55 The epoch_out: 18, epoch_in: 9 of training alpha finished, alpha: [0.32198503 0.10154315 0.09752377 0.09165092 0.10611265 0.05353784
 0.12122207 0.10642457]
2022/09/01 11:46:59 epoch_out: 19, epoch_in: 0, loss: 0.7851548284292221
2022/09/01 11:47:04 epoch_out: 19, epoch_in: 1, loss: 0.11208672374486923
2022/09/01 11:47:09 epoch_out: 19, epoch_in: 2, loss: 0.03522063046693802
2022/09/01 11:47:13 epoch_out: 19, epoch_in: 3, loss: 0.001733093336224556
2022/09/01 11:47:18 epoch_out: 19, epoch_in: 4, loss: -0.04049012213945389
2022/09/01 11:47:22 epoch_out: 19, epoch_in: 5, loss: -0.11209434606134891
2022/09/01 11:47:27 epoch_out: 19, epoch_in: 6, loss: -0.12224307283759117
2022/09/01 11:47:31 epoch_out: 19, epoch_in: 7, loss: -0.16590104326605798
2022/09/01 11:47:36 epoch_out: 19, epoch_in: 8, loss: -0.1873598054051399
2022/09/01 11:47:40 epoch_out: 19, epoch_in: 9, loss: -0.2114321433007717
2022/09/01 11:47:40 The epoch_out: 19, epoch_in: 9 of training F and G finished, losslist: [0.7851548284292221, 0.11208672374486923, 0.03522063046693802, 0.001733093336224556, -0.04049012213945389, -0.11209434606134891, -0.12224307283759117, -0.16590104326605798, -0.1873598054051399, -0.2114321433007717], acclist: [0, 0.5, 0.535, 0.515, 0.49, 0.515, 0.54, 0.525, 0.5, 0.51, 0.56, 0.58, 0.535, 0.55, 0.525, 0.545, 0.53, 0.545, 0.525, 0.52, 0.535, 0.545, 0.545, 0.535, 0.51, 0.51, 0.52, 0.53, 0.53, 0.55, 0.525, 0.55, 0.515, 0.53, 0.52, 0.53, 0.545, 0.51, 0.51, 0.54, 0.54, 0.535, 0.515, 0.51, 0.515, 0.545, 0.53, 0.515, 0.53, 0.52, 0.515, 0.52, 0.53, 0.52, 0.54, 0.56, 0.53, 0.55, 0.52, 0.525, 0.535, 0.515, 0.565, 0.505, 0.535, 0.55, 0.555, 0.54, 0.54, 0.55, 0.525, 0.535, 0.55, 0.54, 0.555, 0.54, 0.52, 0.525, 0.55, 0.54, 0.525, 0.51, 0.525, 0.545, 0.545, 0.52, 0.54, 0.54, 0.54, 0.535, 0.555, 0.52, 0.515, 0.53, 0.51, 0.525, 0.52, 0.545, 0.54, 0.525, 0.525, 0.545, 0.51, 0.52, 0.535, 0.51, 0.515, 0.525, 0.53, 0.545, 0.56, 0.53, 0.53, 0.525, 0.55, 0.54, 0.545, 0.545, 0.56, 0.525, 0.54, 0.54, 0.545, 0.53, 0.53, 0.54, 0.565, 0.52, 0.53, 0.545, 0.52, 0.52, 0.54, 0.52, 0.52, 0.565, 0.555, 0.545, 0.545, 0.57, 0.53, 0.535, 0.535, 0.55, 0.535, 0.56, 0.51, 0.515, 0.545, 0.535, 0.535, 0.52, 0.56, 0.53, 0.55, 0.525, 0.56, 0.545, 0.54, 0.555, 0.535, 0.52, 0.555, 0.55, 0.54, 0.54, 0.545, 0.535, 0.53, 0.555, 0.53, 0.52, 0.55, 0.535, 0.545, 0.54, 0.56, 0.54, 0.55, 0.545, 0.55, 0.56, 0.55, 0.575, 0.545, 0.535, 0.565, 0.55, 0.55, 0.545, 0.54, 0.555, 0.56, 0.545, 0.525, 0.575, 0.54, 0.56, 0.56, 0.555, 0.535], finalacc: 0.58, alpha: [0.32198503 0.10154315 0.09752377 0.09165092 0.10611265 0.05353784
 0.12122207 0.10642457]
2022/09/01 11:47:41 -------update alpha finished------
2022/09/01 11:47:41 The epoch_out: 19, epoch_in: 9 of training alpha finished, alpha: [0.48544777 0.08591295 0.09471704 0.04953615 0.06801576 0.05992937
 0.07337144 0.08306952]
2022/09/01 11:47:41 training time: 931.7394649982452
