2022/09/01 11:39:58 available device: cuda:0
2022/09/01 11:39:58 batch_size: 150
2022/09/01 11:40:04 epoch_out: 0, epoch_in: 0, loss: 4.785466705049787
2022/09/01 11:40:06 epoch_out: 0, epoch_in: 1, loss: 2.5792602641241893
2022/09/01 11:40:08 epoch_out: 0, epoch_in: 2, loss: 1.6697104658399309
2022/09/01 11:40:10 epoch_out: 0, epoch_in: 3, loss: 1.2827537144933427
2022/09/01 11:40:12 epoch_out: 0, epoch_in: 4, loss: 0.8848203676087516
2022/09/01 11:40:14 epoch_out: 0, epoch_in: 5, loss: 0.8039718738624028
2022/09/01 11:40:16 epoch_out: 0, epoch_in: 6, loss: 0.7676459295409066
2022/09/01 11:40:18 epoch_out: 0, epoch_in: 7, loss: 0.598382830619812
2022/09/01 11:40:20 epoch_out: 0, epoch_in: 8, loss: 0.537099323102406
2022/09/01 11:40:22 epoch_out: 0, epoch_in: 9, loss: 0.4235329457691738
2022/09/01 11:40:22 The epoch_out: 0, epoch_in: 9 of training F and G finished, losslist: [4.785466705049787, 2.5792602641241893, 1.6697104658399309, 1.2827537144933427, 0.8848203676087516, 0.8039718738624028, 0.7676459295409066, 0.598382830619812, 0.537099323102406, 0.4235329457691738], acclist: [0, 0.495, 0.49, 0.47, 0.49, 0.46, 0.48, 0.49, 0.495, 0.5, 0.465, 0.485, 0.485, 0.455, 0.48, 0.48, 0.52, 0.465, 0.49, 0.48, 0.47, 0.475, 0.495, 0.48, 0.505, 0.495, 0.47, 0.45, 0.45, 0.46, 0.47, 0.49, 0.48, 0.505, 0.475, 0.465, 0.49, 0.475, 0.46, 0.475, 0.45, 0.475, 0.46, 0.47, 0.485, 0.47, 0.47, 0.48, 0.47, 0.46, 0.485, 0.475, 0.465, 0.485, 0.495, 0.495, 0.48, 0.475, 0.495, 0.48, 0.48, 0.46, 0.47, 0.48, 0.465, 0.485, 0.495, 0.505, 0.475, 0.48, 0.465], finalacc: 0.52, alpha: tensor([0.1127, 0.1049, 0.1232, 0.0873, 0.1221, 0.1683, 0.1900, 0.0914])
2022/09/01 11:40:23 -------update alpha finished------
2022/09/01 11:40:23 The epoch_out: 0, epoch_in: 9 of training alpha finished, alpha: [0.59718671 0.02459815 0.05654736 0.06603608 0.06075427 0.07336049
 0.06829753 0.05321942]
2022/09/01 11:40:25 epoch_out: 1, epoch_in: 0, loss: 1.5737344452313013
2022/09/01 11:40:27 epoch_out: 1, epoch_in: 1, loss: 0.379508627312524
2022/09/01 11:40:29 epoch_out: 1, epoch_in: 2, loss: 0.1508879576410566
2022/09/01 11:40:31 epoch_out: 1, epoch_in: 3, loss: 0.02346208691596985
2022/09/01 11:40:33 epoch_out: 1, epoch_in: 4, loss: -0.08497308833258492
2022/09/01 11:40:35 epoch_out: 1, epoch_in: 5, loss: -0.06686873946871076
2022/09/01 11:40:37 epoch_out: 1, epoch_in: 6, loss: -0.1427446731499263
2022/09/01 11:40:39 epoch_out: 1, epoch_in: 7, loss: -0.1798799123082842
2022/09/01 11:40:41 epoch_out: 1, epoch_in: 8, loss: -0.18138724565505981
2022/09/01 11:40:43 epoch_out: 1, epoch_in: 9, loss: -0.1933360951287406
2022/09/01 11:40:43 The epoch_out: 1, epoch_in: 9 of training F and G finished, losslist: [1.5737344452313013, 0.379508627312524, 0.1508879576410566, 0.02346208691596985, -0.08497308833258492, -0.06686873946871076, -0.1427446731499263, -0.1798799123082842, -0.18138724565505981, -0.1933360951287406], acclist: [0, 0.475, 0.475, 0.485, 0.485, 0.51, 0.52, 0.525, 0.52, 0.505, 0.53, 0.52, 0.52, 0.5, 0.51, 0.525, 0.515, 0.51, 0.52, 0.5, 0.51, 0.535, 0.51, 0.52, 0.525, 0.535, 0.535, 0.505, 0.52, 0.52, 0.51, 0.525, 0.51, 0.525, 0.52, 0.55, 0.53, 0.53, 0.54, 0.53, 0.525, 0.52, 0.515, 0.54, 0.525, 0.535, 0.53, 0.53, 0.53, 0.53, 0.525, 0.56, 0.51, 0.53, 0.505, 0.525, 0.495, 0.515, 0.525, 0.51, 0.525, 0.53, 0.52, 0.54, 0.525, 0.535, 0.545, 0.535, 0.53, 0.525, 0.495], finalacc: 0.56, alpha: [0.59718671 0.02459815 0.05654736 0.06603608 0.06075427 0.07336049
 0.06829753 0.05321942]
2022/09/01 11:40:44 -------update alpha finished------
2022/09/01 11:40:44 The epoch_out: 1, epoch_in: 9 of training alpha finished, alpha: [0.34091076 0.07639527 0.09954105 0.10246924 0.0842802  0.09941733
 0.09715559 0.09983057]
2022/09/01 11:40:46 epoch_out: 2, epoch_in: 0, loss: 0.9482492421354566
2022/09/01 11:40:48 epoch_out: 2, epoch_in: 1, loss: 0.49282979113715036
2022/09/01 11:40:50 epoch_out: 2, epoch_in: 2, loss: 0.30267372514520374
2022/09/01 11:40:52 epoch_out: 2, epoch_in: 3, loss: 0.14051605761051178
2022/09/01 11:40:54 epoch_out: 2, epoch_in: 4, loss: 0.15838277339935303
2022/09/01 11:40:56 epoch_out: 2, epoch_in: 5, loss: 0.08927592422280993
2022/09/01 11:40:58 epoch_out: 2, epoch_in: 6, loss: 0.01303158061844962
2022/09/01 11:41:00 epoch_out: 2, epoch_in: 7, loss: 0.03627498660768781
2022/09/01 11:41:02 epoch_out: 2, epoch_in: 8, loss: 0.032468350870268683
2022/09/01 11:41:04 epoch_out: 2, epoch_in: 9, loss: -0.011145332029887609
2022/09/01 11:41:04 The epoch_out: 2, epoch_in: 9 of training F and G finished, losslist: [0.9482492421354566, 0.49282979113715036, 0.30267372514520374, 0.14051605761051178, 0.15838277339935303, 0.08927592422280993, 0.01303158061844962, 0.03627498660768781, 0.032468350870268683, -0.011145332029887609], acclist: [0, 0.535, 0.525, 0.525, 0.525, 0.535, 0.555, 0.575, 0.56, 0.555, 0.55, 0.555, 0.535, 0.545, 0.535, 0.55, 0.53, 0.555, 0.57, 0.545, 0.54, 0.52, 0.525, 0.53, 0.575, 0.53, 0.55, 0.55, 0.535, 0.545, 0.545, 0.555, 0.54, 0.56, 0.525, 0.52, 0.53, 0.55, 0.535, 0.545, 0.53, 0.545, 0.54, 0.535, 0.545, 0.525, 0.525, 0.515, 0.545, 0.565, 0.55, 0.545, 0.56, 0.54, 0.535, 0.54, 0.555, 0.56, 0.54, 0.56, 0.555, 0.55, 0.53, 0.555, 0.52, 0.54, 0.55, 0.54, 0.54, 0.55, 0.565], finalacc: 0.575, alpha: [0.34091076 0.07639527 0.09954105 0.10246924 0.0842802  0.09941733
 0.09715559 0.09983057]
2022/09/01 11:41:05 -------update alpha finished------
2022/09/01 11:41:05 The epoch_out: 2, epoch_in: 9 of training alpha finished, alpha: [0.48316684 0.08537736 0.06794824 0.05475323 0.08046951 0.07695665
 0.07697414 0.07435403]
2022/09/01 11:41:07 epoch_out: 3, epoch_in: 0, loss: 1.2233447177069527
2022/09/01 11:41:09 epoch_out: 3, epoch_in: 1, loss: 0.33404054812022616
2022/09/01 11:41:11 epoch_out: 3, epoch_in: 2, loss: 0.14195738307067327
2022/09/01 11:41:13 epoch_out: 3, epoch_in: 3, loss: 0.08298644636358533
2022/09/01 11:41:15 epoch_out: 3, epoch_in: 4, loss: 0.03841016973767962
2022/09/01 11:41:17 epoch_out: 3, epoch_in: 5, loss: -0.02589492286954607
2022/09/01 11:41:19 epoch_out: 3, epoch_in: 6, loss: -0.04769048094749451
2022/09/01 11:41:21 epoch_out: 3, epoch_in: 7, loss: -0.0752317990575518
2022/09/01 11:41:23 epoch_out: 3, epoch_in: 8, loss: -0.08191637907709394
2022/09/01 11:41:25 epoch_out: 3, epoch_in: 9, loss: -0.12502567044326238
2022/09/01 11:41:25 The epoch_out: 3, epoch_in: 9 of training F and G finished, losslist: [1.2233447177069527, 0.33404054812022616, 0.14195738307067327, 0.08298644636358533, 0.03841016973767962, -0.02589492286954607, -0.04769048094749451, -0.0752317990575518, -0.08191637907709394, -0.12502567044326238], acclist: [0, 0.485, 0.495, 0.495, 0.49, 0.485, 0.495, 0.51, 0.505, 0.54, 0.5, 0.525, 0.525, 0.505, 0.475, 0.54, 0.5, 0.48, 0.505, 0.51, 0.5, 0.53, 0.535, 0.505, 0.49, 0.505, 0.525, 0.515, 0.525, 0.51, 0.495, 0.545, 0.505, 0.51, 0.5, 0.525, 0.5, 0.53, 0.51, 0.52, 0.49, 0.505, 0.51, 0.53, 0.52, 0.54, 0.52, 0.51, 0.52, 0.495, 0.51, 0.52, 0.5, 0.51, 0.53, 0.505, 0.495, 0.53, 0.53, 0.49, 0.515, 0.54, 0.49, 0.505, 0.51, 0.5, 0.51, 0.515, 0.51, 0.51, 0.51], finalacc: 0.545, alpha: [0.48316684 0.08537736 0.06794824 0.05475323 0.08046951 0.07695665
 0.07697414 0.07435403]
2022/09/01 11:41:25 -------update alpha finished------
2022/09/01 11:41:25 The epoch_out: 3, epoch_in: 9 of training alpha finished, alpha: [0.25532812 0.10005936 0.10725467 0.11128158 0.10857134 0.10912155
 0.09994247 0.10844092]
2022/09/01 11:41:28 epoch_out: 4, epoch_in: 0, loss: 2.5847645572253635
2022/09/01 11:41:30 epoch_out: 4, epoch_in: 1, loss: 0.9546388813427517
2022/09/01 11:41:32 epoch_out: 4, epoch_in: 2, loss: 0.6635728137833732
2022/09/01 11:41:34 epoch_out: 4, epoch_in: 3, loss: 0.5307440970625196
2022/09/01 11:41:36 epoch_out: 4, epoch_in: 4, loss: 0.41698178223201204
2022/09/01 11:41:38 epoch_out: 4, epoch_in: 5, loss: 0.2882369118077414
2022/09/01 11:41:40 epoch_out: 4, epoch_in: 6, loss: 0.25243905186653137
2022/09/01 11:41:42 epoch_out: 4, epoch_in: 7, loss: 0.14419169085366385
2022/09/01 11:41:44 epoch_out: 4, epoch_in: 8, loss: 0.11666370928287506
2022/09/01 11:41:46 epoch_out: 4, epoch_in: 9, loss: 0.06295519854341235
2022/09/01 11:41:46 The epoch_out: 4, epoch_in: 9 of training F and G finished, losslist: [2.5847645572253635, 0.9546388813427517, 0.6635728137833732, 0.5307440970625196, 0.41698178223201204, 0.2882369118077414, 0.25243905186653137, 0.14419169085366385, 0.11666370928287506, 0.06295519854341235], acclist: [0, 0.46, 0.49, 0.455, 0.465, 0.485, 0.495, 0.505, 0.51, 0.515, 0.52, 0.52, 0.455, 0.525, 0.49, 0.49, 0.49, 0.505, 0.49, 0.52, 0.5, 0.51, 0.48, 0.5, 0.515, 0.5, 0.505, 0.505, 0.485, 0.49, 0.52, 0.515, 0.47, 0.47, 0.525, 0.52, 0.5, 0.48, 0.505, 0.515, 0.505, 0.52, 0.49, 0.5, 0.5, 0.53, 0.495, 0.485, 0.515, 0.5, 0.505, 0.505, 0.49, 0.5, 0.505, 0.5, 0.52, 0.505, 0.505, 0.5, 0.53, 0.51, 0.515, 0.5, 0.51, 0.53, 0.51, 0.515, 0.53, 0.495, 0.5], finalacc: 0.53, alpha: [0.25532812 0.10005936 0.10725467 0.11128158 0.10857134 0.10912155
 0.09994247 0.10844092]
2022/09/01 11:41:47 -------update alpha finished------
2022/09/01 11:41:47 The epoch_out: 4, epoch_in: 9 of training alpha finished, alpha: [0.67881678 0.0424099  0.0456979  0.01273461 0.07921098 0.03081966
 0.06024987 0.0500603 ]
2022/09/01 11:41:49 epoch_out: 5, epoch_in: 0, loss: 1.0059444308280945
2022/09/01 11:41:51 epoch_out: 5, epoch_in: 1, loss: 0.14511388114520482
2022/09/01 11:41:54 epoch_out: 5, epoch_in: 2, loss: 0.011494317225047521
2022/09/01 11:41:56 epoch_out: 5, epoch_in: 3, loss: -0.06668507201331002
2022/09/01 11:41:58 epoch_out: 5, epoch_in: 4, loss: -0.17424353531428746
2022/09/01 11:42:00 epoch_out: 5, epoch_in: 5, loss: -0.22982323169708252
2022/09/01 11:42:02 epoch_out: 5, epoch_in: 6, loss: -0.2641239506857736
2022/09/01 11:42:04 epoch_out: 5, epoch_in: 7, loss: -0.27778700419834684
2022/09/01 11:42:06 epoch_out: 5, epoch_in: 8, loss: -0.30730530619621277
2022/09/01 11:42:08 epoch_out: 5, epoch_in: 9, loss: -0.31045872824532644
2022/09/01 11:42:08 The epoch_out: 5, epoch_in: 9 of training F and G finished, losslist: [1.0059444308280945, 0.14511388114520482, 0.011494317225047521, -0.06668507201331002, -0.17424353531428746, -0.22982323169708252, -0.2641239506857736, -0.27778700419834684, -0.30730530619621277, -0.31045872824532644], acclist: [0, 0.49, 0.48, 0.45, 0.435, 0.465, 0.475, 0.46, 0.47, 0.47, 0.48, 0.485, 0.515, 0.475, 0.48, 0.48, 0.47, 0.475, 0.49, 0.475, 0.48, 0.46, 0.475, 0.47, 0.485, 0.475, 0.485, 0.49, 0.465, 0.485, 0.465, 0.5, 0.48, 0.49, 0.49, 0.495, 0.46, 0.47, 0.49, 0.485, 0.485, 0.485, 0.495, 0.49, 0.49, 0.485, 0.5, 0.47, 0.495, 0.495, 0.515, 0.515, 0.48, 0.48, 0.5, 0.48, 0.48, 0.5, 0.49, 0.48, 0.47, 0.49, 0.48, 0.505, 0.47, 0.515, 0.46, 0.5, 0.495, 0.49, 0.5], finalacc: 0.515, alpha: [0.67881678 0.0424099  0.0456979  0.01273461 0.07921098 0.03081966
 0.06024987 0.0500603 ]
2022/09/01 11:42:08 -------update alpha finished------
2022/09/01 11:42:08 The epoch_out: 5, epoch_in: 9 of training alpha finished, alpha: [0.53193375 0.07039121 0.10284884 0.07218965 0.07540426 0.05534258
 0.07568432 0.0162054 ]
2022/09/01 11:42:11 epoch_out: 6, epoch_in: 0, loss: 3.2818145070757185
2022/09/01 11:42:13 epoch_out: 6, epoch_in: 1, loss: 0.8958131458078112
2022/09/01 11:42:15 epoch_out: 6, epoch_in: 2, loss: 0.5735892908913749
2022/09/01 11:42:17 epoch_out: 6, epoch_in: 3, loss: 0.3228624165058136
2022/09/01 11:42:19 epoch_out: 6, epoch_in: 4, loss: 0.2697381632668631
2022/09/01 11:42:21 epoch_out: 6, epoch_in: 5, loss: 0.19319765056882585
2022/09/01 11:42:23 epoch_out: 6, epoch_in: 6, loss: 0.1008371753352029
2022/09/01 11:42:25 epoch_out: 6, epoch_in: 7, loss: 0.026170998811721802
2022/09/01 11:42:27 epoch_out: 6, epoch_in: 8, loss: 0.042664489575794766
2022/09/01 11:42:29 epoch_out: 6, epoch_in: 9, loss: 0.004139857632773263
2022/09/01 11:42:29 The epoch_out: 6, epoch_in: 9 of training F and G finished, losslist: [3.2818145070757185, 0.8958131458078112, 0.5735892908913749, 0.3228624165058136, 0.2697381632668631, 0.19319765056882585, 0.1008371753352029, 0.026170998811721802, 0.042664489575794766, 0.004139857632773263], acclist: [0, 0.51, 0.53, 0.515, 0.5, 0.525, 0.535, 0.525, 0.53, 0.505, 0.505, 0.52, 0.505, 0.535, 0.51, 0.525, 0.515, 0.525, 0.56, 0.515, 0.53, 0.505, 0.52, 0.54, 0.525, 0.535, 0.505, 0.52, 0.52, 0.515, 0.52, 0.555, 0.505, 0.525, 0.53, 0.54, 0.545, 0.525, 0.505, 0.53, 0.525, 0.525, 0.535, 0.515, 0.545, 0.535, 0.525, 0.52, 0.525, 0.53, 0.525, 0.53, 0.525, 0.52, 0.53, 0.525, 0.545, 0.535, 0.55, 0.54, 0.545, 0.535, 0.54, 0.525, 0.535, 0.52, 0.54, 0.53, 0.525, 0.52, 0.515], finalacc: 0.56, alpha: [0.53193375 0.07039121 0.10284884 0.07218965 0.07540426 0.05534258
 0.07568432 0.0162054 ]
2022/09/01 11:42:29 -------update alpha finished------
2022/09/01 11:42:29 The epoch_out: 6, epoch_in: 9 of training alpha finished, alpha: [0.5716616  0.0772914  0.05960184 0.06131993 0.07263238 0.08124258
 0.06058151 0.01566878]
2022/09/01 11:42:32 epoch_out: 7, epoch_in: 0, loss: 1.2252307789666312
2022/09/01 11:42:34 epoch_out: 7, epoch_in: 1, loss: 0.3538208433559963
2022/09/01 11:42:36 epoch_out: 7, epoch_in: 2, loss: 0.18364955271993363
2022/09/01 11:42:38 epoch_out: 7, epoch_in: 3, loss: 0.03472064648355756
2022/09/01 11:42:40 epoch_out: 7, epoch_in: 4, loss: -0.0001086252076285226
2022/09/01 11:42:42 epoch_out: 7, epoch_in: 5, loss: -0.11519818220819746
2022/09/01 11:42:44 epoch_out: 7, epoch_in: 6, loss: -0.1528868888105665
2022/09/01 11:42:46 epoch_out: 7, epoch_in: 7, loss: -0.15623360446521214
2022/09/01 11:42:48 epoch_out: 7, epoch_in: 8, loss: -0.14626230938094004
2022/09/01 11:42:50 epoch_out: 7, epoch_in: 9, loss: -0.17499683158738272
2022/09/01 11:42:50 The epoch_out: 7, epoch_in: 9 of training F and G finished, losslist: [1.2252307789666312, 0.3538208433559963, 0.18364955271993363, 0.03472064648355756, -0.0001086252076285226, -0.11519818220819746, -0.1528868888105665, -0.15623360446521214, -0.14626230938094004, -0.17499683158738272], acclist: [0, 0.53, 0.5, 0.47, 0.53, 0.535, 0.495, 0.51, 0.51, 0.515, 0.54, 0.525, 0.51, 0.51, 0.515, 0.525, 0.52, 0.52, 0.515, 0.525, 0.525, 0.515, 0.53, 0.53, 0.52, 0.55, 0.535, 0.505, 0.52, 0.5, 0.545, 0.54, 0.535, 0.52, 0.54, 0.505, 0.515, 0.505, 0.525, 0.54, 0.515, 0.53, 0.545, 0.51, 0.535, 0.53, 0.54, 0.515, 0.51, 0.505, 0.52, 0.51, 0.53, 0.525, 0.505, 0.525, 0.535, 0.535, 0.52, 0.51, 0.52, 0.525, 0.515, 0.54, 0.53, 0.51, 0.525, 0.53, 0.525, 0.53, 0.535], finalacc: 0.55, alpha: [0.5716616  0.0772914  0.05960184 0.06131993 0.07263238 0.08124258
 0.06058151 0.01566878]
2022/09/01 11:42:51 -------update alpha finished------
2022/09/01 11:42:51 The epoch_out: 7, epoch_in: 9 of training alpha finished, alpha: [0.28493886 0.12226858 0.09027632 0.1041305  0.1029745  0.09530964
 0.09466483 0.10543676]
2022/09/01 11:42:53 epoch_out: 8, epoch_in: 0, loss: 2.0344031708581105
2022/09/01 11:42:55 epoch_out: 8, epoch_in: 1, loss: 0.8725398012569973
2022/09/01 11:42:57 epoch_out: 8, epoch_in: 2, loss: 0.5903384855815342
2022/09/01 11:42:59 epoch_out: 8, epoch_in: 3, loss: 0.37470673876149313
2022/09/01 11:43:01 epoch_out: 8, epoch_in: 4, loss: 0.2464583601270403
2022/09/01 11:43:03 epoch_out: 8, epoch_in: 5, loss: 0.24884993050779616
2022/09/01 11:43:05 epoch_out: 8, epoch_in: 6, loss: 0.1810198106936046
2022/09/01 11:43:07 epoch_out: 8, epoch_in: 7, loss: 0.11433526022093636
2022/09/01 11:43:09 epoch_out: 8, epoch_in: 8, loss: 0.12312688784939903
2022/09/01 11:43:11 epoch_out: 8, epoch_in: 9, loss: 0.07695097156933375
2022/09/01 11:43:11 The epoch_out: 8, epoch_in: 9 of training F and G finished, losslist: [2.0344031708581105, 0.8725398012569973, 0.5903384855815342, 0.37470673876149313, 0.2464583601270403, 0.24884993050779616, 0.1810198106936046, 0.11433526022093636, 0.12312688784939903, 0.07695097156933375], acclist: [0, 0.47, 0.415, 0.435, 0.465, 0.43, 0.425, 0.45, 0.44, 0.445, 0.45, 0.465, 0.48, 0.445, 0.45, 0.445, 0.455, 0.445, 0.44, 0.445, 0.465, 0.425, 0.445, 0.45, 0.455, 0.46, 0.46, 0.43, 0.42, 0.43, 0.435, 0.45, 0.44, 0.445, 0.425, 0.44, 0.435, 0.415, 0.45, 0.42, 0.445, 0.45, 0.44, 0.49, 0.445, 0.475, 0.435, 0.435, 0.44, 0.445, 0.465, 0.45, 0.465, 0.43, 0.465, 0.425, 0.455, 0.45, 0.45, 0.415, 0.425, 0.415, 0.46, 0.44, 0.455, 0.455, 0.445, 0.455, 0.44, 0.445, 0.455], finalacc: 0.49, alpha: [0.28493886 0.12226858 0.09027632 0.1041305  0.1029745  0.09530964
 0.09466483 0.10543676]
2022/09/01 11:43:12 -------update alpha finished------
2022/09/01 11:43:12 The epoch_out: 8, epoch_in: 9 of training alpha finished, alpha: [0.28667759 0.09667766 0.10694695 0.0980581  0.09559146 0.09743358
 0.107987   0.11062767]
2022/09/01 11:43:14 epoch_out: 9, epoch_in: 0, loss: 1.9583971074649267
2022/09/01 11:43:16 epoch_out: 9, epoch_in: 1, loss: 0.7076859431607383
2022/09/01 11:43:18 epoch_out: 9, epoch_in: 2, loss: 0.5731466369969505
2022/09/01 11:43:20 epoch_out: 9, epoch_in: 3, loss: 0.37303140333720614
2022/09/01 11:43:22 epoch_out: 9, epoch_in: 4, loss: 0.2521319495780127
2022/09/01 11:43:24 epoch_out: 9, epoch_in: 5, loss: 0.16620373087269918
2022/09/01 11:43:26 epoch_out: 9, epoch_in: 6, loss: 0.1252951728446143
2022/09/01 11:43:28 epoch_out: 9, epoch_in: 7, loss: 0.1440569439104625
2022/09/01 11:43:30 epoch_out: 9, epoch_in: 8, loss: 0.07240446124758039
2022/09/01 11:43:32 epoch_out: 9, epoch_in: 9, loss: 0.07166565316064018
2022/09/01 11:43:32 The epoch_out: 9, epoch_in: 9 of training F and G finished, losslist: [1.9583971074649267, 0.7076859431607383, 0.5731466369969505, 0.37303140333720614, 0.2521319495780127, 0.16620373087269918, 0.1252951728446143, 0.1440569439104625, 0.07240446124758039, 0.07166565316064018], acclist: [0, 0.485, 0.545, 0.51, 0.49, 0.465, 0.495, 0.515, 0.52, 0.48, 0.48, 0.49, 0.47, 0.5, 0.49, 0.5, 0.49, 0.485, 0.5, 0.5, 0.48, 0.48, 0.47, 0.485, 0.505, 0.51, 0.495, 0.495, 0.465, 0.445, 0.475, 0.465, 0.49, 0.505, 0.52, 0.495, 0.5, 0.48, 0.45, 0.51, 0.49, 0.495, 0.505, 0.505, 0.48, 0.49, 0.47, 0.495, 0.48, 0.49, 0.475, 0.49, 0.505, 0.49, 0.495, 0.475, 0.475, 0.52, 0.49, 0.5, 0.48, 0.495, 0.455, 0.475, 0.475, 0.495, 0.495, 0.495, 0.5, 0.48, 0.48], finalacc: 0.545, alpha: [0.28667759 0.09667766 0.10694695 0.0980581  0.09559146 0.09743358
 0.107987   0.11062767]
2022/09/01 11:43:33 -------update alpha finished------
2022/09/01 11:43:33 The epoch_out: 9, epoch_in: 9 of training alpha finished, alpha: [0.49285556 0.09548055 0.07597829 0.07388085 0.07894191 0.0453443
 0.07029831 0.06722021]
2022/09/01 11:43:35 epoch_out: 10, epoch_in: 0, loss: 2.141202305044447
2022/09/01 11:43:37 epoch_out: 10, epoch_in: 1, loss: 1.4821582010814123
2022/09/01 11:43:39 epoch_out: 10, epoch_in: 2, loss: 0.8345827545438494
2022/09/01 11:43:41 epoch_out: 10, epoch_in: 3, loss: 0.4980290148939405
2022/09/01 11:43:43 epoch_out: 10, epoch_in: 4, loss: 0.30600505641528536
2022/09/01 11:43:45 epoch_out: 10, epoch_in: 5, loss: 0.26442812170301166
2022/09/01 11:43:47 epoch_out: 10, epoch_in: 6, loss: 0.1602181621960231
2022/09/01 11:43:49 epoch_out: 10, epoch_in: 7, loss: 0.09163473333631243
2022/09/01 11:43:51 epoch_out: 10, epoch_in: 8, loss: 0.12094710980142866
2022/09/01 11:43:53 epoch_out: 10, epoch_in: 9, loss: 0.13754980053220475
2022/09/01 11:43:53 The epoch_out: 10, epoch_in: 9 of training F and G finished, losslist: [2.141202305044447, 1.4821582010814123, 0.8345827545438494, 0.4980290148939405, 0.30600505641528536, 0.26442812170301166, 0.1602181621960231, 0.09163473333631243, 0.12094710980142866, 0.13754980053220475], acclist: [0, 0.52, 0.505, 0.55, 0.59, 0.58, 0.55, 0.545, 0.535, 0.535, 0.565, 0.57, 0.53, 0.52, 0.54, 0.555, 0.525, 0.54, 0.56, 0.55, 0.56, 0.51, 0.53, 0.54, 0.53, 0.55, 0.53, 0.55, 0.565, 0.555, 0.555, 0.575, 0.57, 0.535, 0.55, 0.55, 0.545, 0.53, 0.545, 0.545, 0.56, 0.55, 0.565, 0.55, 0.545, 0.565, 0.55, 0.55, 0.54, 0.54, 0.54, 0.535, 0.56, 0.55, 0.535, 0.545, 0.53, 0.54, 0.56, 0.565, 0.535, 0.55, 0.535, 0.545, 0.56, 0.55, 0.55, 0.52, 0.53, 0.575, 0.565], finalacc: 0.59, alpha: [0.49285556 0.09548055 0.07597829 0.07388085 0.07894191 0.0453443
 0.07029831 0.06722021]
2022/09/01 11:43:54 -------update alpha finished------
2022/09/01 11:43:54 The epoch_out: 10, epoch_in: 9 of training alpha finished, alpha: [0.23548619 0.10974789 0.09752097 0.10696049 0.12009125 0.10718367
 0.10977064 0.1132389 ]
2022/09/01 11:43:56 epoch_out: 11, epoch_in: 0, loss: 2.181924053600856
2022/09/01 11:43:58 epoch_out: 11, epoch_in: 1, loss: 1.2608648027692522
2022/09/01 11:44:00 epoch_out: 11, epoch_in: 2, loss: 0.6726382332188743
2022/09/01 11:44:02 epoch_out: 11, epoch_in: 3, loss: 0.5552657927785601
2022/09/01 11:44:04 epoch_out: 11, epoch_in: 4, loss: 0.5223849586078099
2022/09/01 11:44:06 epoch_out: 11, epoch_in: 5, loss: 0.3377250943865095
2022/09/01 11:44:08 epoch_out: 11, epoch_in: 6, loss: 0.29196999967098236
2022/09/01 11:44:10 epoch_out: 11, epoch_in: 7, loss: 0.24711958851133073
2022/09/01 11:44:12 epoch_out: 11, epoch_in: 8, loss: 0.30370310161794933
2022/09/01 11:44:14 epoch_out: 11, epoch_in: 9, loss: 0.18894619388239725
2022/09/01 11:44:14 The epoch_out: 11, epoch_in: 9 of training F and G finished, losslist: [2.181924053600856, 1.2608648027692522, 0.6726382332188743, 0.5552657927785601, 0.5223849586078099, 0.3377250943865095, 0.29196999967098236, 0.24711958851133073, 0.30370310161794933, 0.18894619388239725], acclist: [0, 0.535, 0.43, 0.495, 0.49, 0.48, 0.475, 0.47, 0.485, 0.46, 0.485, 0.485, 0.475, 0.475, 0.485, 0.48, 0.495, 0.485, 0.47, 0.46, 0.475, 0.47, 0.475, 0.485, 0.47, 0.45, 0.48, 0.48, 0.5, 0.49, 0.5, 0.495, 0.47, 0.445, 0.445, 0.46, 0.44, 0.45, 0.44, 0.48, 0.485, 0.45, 0.505, 0.46, 0.475, 0.49, 0.45, 0.48, 0.465, 0.485, 0.505, 0.46, 0.485, 0.49, 0.485, 0.47, 0.455, 0.44, 0.475, 0.475, 0.465, 0.48, 0.45, 0.5, 0.5, 0.47, 0.465, 0.495, 0.465, 0.5, 0.475], finalacc: 0.535, alpha: [0.23548619 0.10974789 0.09752097 0.10696049 0.12009125 0.10718367
 0.10977064 0.1132389 ]
2022/09/01 11:44:15 -------update alpha finished------
2022/09/01 11:44:15 The epoch_out: 11, epoch_in: 9 of training alpha finished, alpha: [0.21446403 0.10810997 0.10802412 0.11662476 0.12179019 0.10710278
 0.11220155 0.11168259]
2022/09/01 11:44:17 epoch_out: 12, epoch_in: 0, loss: 2.774377465248108
2022/09/01 11:44:19 epoch_out: 12, epoch_in: 1, loss: 1.0366238951683044
2022/09/01 11:44:21 epoch_out: 12, epoch_in: 2, loss: 0.6988251336983272
2022/09/01 11:44:23 epoch_out: 12, epoch_in: 3, loss: 0.578528663941792
2022/09/01 11:44:25 epoch_out: 12, epoch_in: 4, loss: 0.5164219055856977
2022/09/01 11:44:27 epoch_out: 12, epoch_in: 5, loss: 0.3851467477423804
2022/09/01 11:44:29 epoch_out: 12, epoch_in: 6, loss: 0.18870494195393153
2022/09/01 11:44:31 epoch_out: 12, epoch_in: 7, loss: 0.2186368214232581
2022/09/01 11:44:33 epoch_out: 12, epoch_in: 8, loss: 0.19460791136537278
2022/09/01 11:44:35 epoch_out: 12, epoch_in: 9, loss: 0.161514978323664
2022/09/01 11:44:35 The epoch_out: 12, epoch_in: 9 of training F and G finished, losslist: [2.774377465248108, 1.0366238951683044, 0.6988251336983272, 0.578528663941792, 0.5164219055856977, 0.3851467477423804, 0.18870494195393153, 0.2186368214232581, 0.19460791136537278, 0.161514978323664], acclist: [0, 0.5, 0.505, 0.51, 0.525, 0.525, 0.54, 0.52, 0.54, 0.53, 0.515, 0.51, 0.535, 0.525, 0.515, 0.525, 0.525, 0.525, 0.51, 0.53, 0.515, 0.5, 0.52, 0.525, 0.515, 0.515, 0.515, 0.52, 0.515, 0.545, 0.52, 0.495, 0.52, 0.5, 0.52, 0.505, 0.49, 0.525, 0.52, 0.525, 0.525, 0.51, 0.51, 0.53, 0.54, 0.505, 0.52, 0.51, 0.51, 0.51, 0.495, 0.505, 0.515, 0.535, 0.53, 0.52, 0.54, 0.545, 0.525, 0.525, 0.53, 0.51, 0.525, 0.505, 0.515, 0.53, 0.525, 0.51, 0.495, 0.525, 0.515], finalacc: 0.545, alpha: [0.21446403 0.10810997 0.10802412 0.11662476 0.12179019 0.10710278
 0.11220155 0.11168259]
2022/09/01 11:44:36 -------update alpha finished------
2022/09/01 11:44:36 The epoch_out: 12, epoch_in: 9 of training alpha finished, alpha: [0.53736672 0.0682132  0.0645839  0.0610334  0.05728425 0.08022589
 0.0565261  0.07476654]
2022/09/01 11:44:38 epoch_out: 13, epoch_in: 0, loss: 2.2443385464804515
2022/09/01 11:44:40 epoch_out: 13, epoch_in: 1, loss: 0.9731929983411517
2022/09/01 11:44:42 epoch_out: 13, epoch_in: 2, loss: 0.6365494046892438
2022/09/01 11:44:44 epoch_out: 13, epoch_in: 3, loss: 0.47922490750040325
2022/09/01 11:44:46 epoch_out: 13, epoch_in: 4, loss: 0.3092714228800365
2022/09/01 11:44:48 epoch_out: 13, epoch_in: 5, loss: 0.16884250513144902
2022/09/01 11:44:50 epoch_out: 13, epoch_in: 6, loss: 0.25987300276756287
2022/09/01 11:44:52 epoch_out: 13, epoch_in: 7, loss: 0.13032343345029013
2022/09/01 11:44:54 epoch_out: 13, epoch_in: 8, loss: 0.0680778878075736
2022/09/01 11:44:56 epoch_out: 13, epoch_in: 9, loss: 0.07935572522027153
2022/09/01 11:44:56 The epoch_out: 13, epoch_in: 9 of training F and G finished, losslist: [2.2443385464804515, 0.9731929983411517, 0.6365494046892438, 0.47922490750040325, 0.3092714228800365, 0.16884250513144902, 0.25987300276756287, 0.13032343345029013, 0.0680778878075736, 0.07935572522027153], acclist: [0, 0.57, 0.545, 0.525, 0.53, 0.54, 0.54, 0.515, 0.55, 0.505, 0.52, 0.52, 0.51, 0.515, 0.535, 0.515, 0.52, 0.52, 0.525, 0.55, 0.51, 0.525, 0.525, 0.53, 0.51, 0.53, 0.525, 0.545, 0.495, 0.495, 0.51, 0.53, 0.5, 0.535, 0.535, 0.52, 0.5, 0.49, 0.505, 0.51, 0.54, 0.535, 0.515, 0.525, 0.535, 0.52, 0.515, 0.5, 0.515, 0.505, 0.525, 0.515, 0.525, 0.51, 0.52, 0.515, 0.535, 0.515, 0.505, 0.505, 0.525, 0.52, 0.545, 0.53, 0.54, 0.515, 0.52, 0.51, 0.53, 0.54, 0.51], finalacc: 0.57, alpha: [0.53736672 0.0682132  0.0645839  0.0610334  0.05728425 0.08022589
 0.0565261  0.07476654]
2022/09/01 11:44:57 -------update alpha finished------
2022/09/01 11:44:57 The epoch_out: 13, epoch_in: 9 of training alpha finished, alpha: [0.18450086 0.11579901 0.10953601 0.11897759 0.11521493 0.11667172
 0.12136996 0.11792991]
2022/09/01 11:44:59 epoch_out: 14, epoch_in: 0, loss: 2.742855395589556
2022/09/01 11:45:01 epoch_out: 14, epoch_in: 1, loss: 0.9428519521440778
2022/09/01 11:45:03 epoch_out: 14, epoch_in: 2, loss: 0.7181287152426583
2022/09/01 11:45:05 epoch_out: 14, epoch_in: 3, loss: 0.5818969309329987
2022/09/01 11:45:07 epoch_out: 14, epoch_in: 4, loss: 0.40365241255079
2022/09/01 11:45:09 epoch_out: 14, epoch_in: 5, loss: 0.28682542060102734
2022/09/01 11:45:11 epoch_out: 14, epoch_in: 6, loss: 0.25319106238228933
2022/09/01 11:45:13 epoch_out: 14, epoch_in: 7, loss: 0.2215949690767697
2022/09/01 11:45:15 epoch_out: 14, epoch_in: 8, loss: 0.1781762849007334
2022/09/01 11:45:17 epoch_out: 14, epoch_in: 9, loss: 0.153796877179827
2022/09/01 11:45:17 The epoch_out: 14, epoch_in: 9 of training F and G finished, losslist: [2.742855395589556, 0.9428519521440778, 0.7181287152426583, 0.5818969309329987, 0.40365241255079, 0.28682542060102734, 0.25319106238228933, 0.2215949690767697, 0.1781762849007334, 0.153796877179827], acclist: [0, 0.45, 0.47, 0.51, 0.5, 0.515, 0.51, 0.5, 0.49, 0.5, 0.505, 0.515, 0.51, 0.505, 0.515, 0.525, 0.515, 0.51, 0.53, 0.515, 0.505, 0.52, 0.51, 0.5, 0.49, 0.495, 0.505, 0.52, 0.5, 0.505, 0.495, 0.495, 0.51, 0.525, 0.52, 0.5, 0.535, 0.505, 0.495, 0.505, 0.5, 0.505, 0.52, 0.525, 0.505, 0.51, 0.515, 0.49, 0.485, 0.48, 0.5, 0.5, 0.515, 0.51, 0.51, 0.495, 0.5, 0.485, 0.5, 0.525, 0.52, 0.49, 0.495, 0.47, 0.52, 0.495, 0.49, 0.49, 0.52, 0.5, 0.505], finalacc: 0.535, alpha: [0.18450086 0.11579901 0.10953601 0.11897759 0.11521493 0.11667172
 0.12136996 0.11792991]
2022/09/01 11:45:18 -------update alpha finished------
2022/09/01 11:45:18 The epoch_out: 14, epoch_in: 9 of training alpha finished, alpha: [0.37125929 0.130082   0.08611445 0.0761203  0.08733232 0.07872478
 0.07784829 0.09251857]
2022/09/01 11:45:20 epoch_out: 15, epoch_in: 0, loss: 1.6013800586972917
2022/09/01 11:45:22 epoch_out: 15, epoch_in: 1, loss: 0.5880267577511924
2022/09/01 11:45:24 epoch_out: 15, epoch_in: 2, loss: 0.19857954340321676
2022/09/01 11:45:26 epoch_out: 15, epoch_in: 3, loss: 0.24054173060825892
2022/09/01 11:45:28 epoch_out: 15, epoch_in: 4, loss: 0.15723924338817596
2022/09/01 11:45:30 epoch_out: 15, epoch_in: 5, loss: 0.14418194123676845
2022/09/01 11:45:32 epoch_out: 15, epoch_in: 6, loss: 0.11916157816137586
2022/09/01 11:45:34 epoch_out: 15, epoch_in: 7, loss: 0.05500786006450653
2022/09/01 11:45:36 epoch_out: 15, epoch_in: 8, loss: 0.0033531486988067627
2022/09/01 11:45:38 epoch_out: 15, epoch_in: 9, loss: 0.012159488030842372
2022/09/01 11:45:38 The epoch_out: 15, epoch_in: 9 of training F and G finished, losslist: [1.6013800586972917, 0.5880267577511924, 0.19857954340321676, 0.24054173060825892, 0.15723924338817596, 0.14418194123676845, 0.11916157816137586, 0.05500786006450653, 0.0033531486988067627, 0.012159488030842372], acclist: [0, 0.515, 0.485, 0.47, 0.45, 0.46, 0.455, 0.435, 0.465, 0.435, 0.46, 0.45, 0.435, 0.455, 0.445, 0.44, 0.45, 0.475, 0.42, 0.455, 0.44, 0.465, 0.45, 0.485, 0.435, 0.435, 0.435, 0.42, 0.435, 0.45, 0.445, 0.42, 0.46, 0.445, 0.44, 0.44, 0.465, 0.45, 0.455, 0.45, 0.45, 0.44, 0.45, 0.44, 0.455, 0.45, 0.45, 0.47, 0.435, 0.43, 0.45, 0.455, 0.45, 0.47, 0.465, 0.435, 0.43, 0.455, 0.43, 0.43, 0.47, 0.465, 0.45, 0.455, 0.425, 0.445, 0.445, 0.455, 0.45, 0.46, 0.455], finalacc: 0.515, alpha: [0.37125929 0.130082   0.08611445 0.0761203  0.08733232 0.07872478
 0.07784829 0.09251857]
2022/09/01 11:45:39 -------update alpha finished------
2022/09/01 11:45:39 The epoch_out: 15, epoch_in: 9 of training alpha finished, alpha: [0.3021538  0.07672664 0.10657315 0.09045847 0.08418915 0.1339894
 0.10980664 0.09610276]
2022/09/01 11:45:41 epoch_out: 16, epoch_in: 0, loss: 2.0666116986955916
2022/09/01 11:45:43 epoch_out: 16, epoch_in: 1, loss: 0.7565191260405949
2022/09/01 11:45:45 epoch_out: 16, epoch_in: 2, loss: 0.5042351824896676
2022/09/01 11:45:47 epoch_out: 16, epoch_in: 3, loss: 0.4457824102469853
2022/09/01 11:45:49 epoch_out: 16, epoch_in: 4, loss: 0.2888844332524708
2022/09/01 11:45:51 epoch_out: 16, epoch_in: 5, loss: 0.19947621013436997
2022/09/01 11:45:53 epoch_out: 16, epoch_in: 6, loss: 0.09928184960569654
2022/09/01 11:45:55 epoch_out: 16, epoch_in: 7, loss: 0.1024397292307445
2022/09/01 11:45:57 epoch_out: 16, epoch_in: 8, loss: 0.10359588052545275
2022/09/01 11:45:59 epoch_out: 16, epoch_in: 9, loss: 0.05219288808958871
2022/09/01 11:45:59 The epoch_out: 16, epoch_in: 9 of training F and G finished, losslist: [2.0666116986955916, 0.7565191260405949, 0.5042351824896676, 0.4457824102469853, 0.2888844332524708, 0.19947621013436997, 0.09928184960569654, 0.1024397292307445, 0.10359588052545275, 0.05219288808958871], acclist: [0, 0.47, 0.5, 0.525, 0.535, 0.51, 0.515, 0.51, 0.495, 0.505, 0.495, 0.515, 0.515, 0.48, 0.505, 0.5, 0.515, 0.51, 0.515, 0.505, 0.505, 0.505, 0.5, 0.515, 0.535, 0.515, 0.51, 0.495, 0.52, 0.51, 0.525, 0.52, 0.525, 0.495, 0.505, 0.445, 0.485, 0.51, 0.525, 0.52, 0.51, 0.49, 0.5, 0.51, 0.505, 0.515, 0.5, 0.5, 0.505, 0.52, 0.51, 0.485, 0.5, 0.53, 0.51, 0.505, 0.5, 0.49, 0.49, 0.49, 0.52, 0.495, 0.5, 0.53, 0.495, 0.515, 0.505, 0.51, 0.515, 0.485, 0.515], finalacc: 0.535, alpha: [0.3021538  0.07672664 0.10657315 0.09045847 0.08418915 0.1339894
 0.10980664 0.09610276]
2022/09/01 11:46:00 -------update alpha finished------
2022/09/01 11:46:00 The epoch_out: 16, epoch_in: 9 of training alpha finished, alpha: [0.43952327 0.07329009 0.07380174 0.0697253  0.07533852 0.07023247
 0.07564475 0.12244385]
2022/09/01 11:46:02 epoch_out: 17, epoch_in: 0, loss: 0.9112723810332162
2022/09/01 11:46:04 epoch_out: 17, epoch_in: 1, loss: 0.3259664220469339
2022/09/01 11:46:06 epoch_out: 17, epoch_in: 2, loss: 0.17848167249134608
2022/09/01 11:46:08 epoch_out: 17, epoch_in: 3, loss: 0.07358910994870323
2022/09/01 11:46:10 epoch_out: 17, epoch_in: 4, loss: 0.029116579464503696
2022/09/01 11:46:12 epoch_out: 17, epoch_in: 5, loss: -0.007195977228028434
2022/09/01 11:46:14 epoch_out: 17, epoch_in: 6, loss: -0.0539383739233017
2022/09/01 11:46:16 epoch_out: 17, epoch_in: 7, loss: -0.020593451602118357
2022/09/01 11:46:18 epoch_out: 17, epoch_in: 8, loss: -0.07617987266608647
2022/09/01 11:46:20 epoch_out: 17, epoch_in: 9, loss: -0.05892600331987653
2022/09/01 11:46:20 The epoch_out: 17, epoch_in: 9 of training F and G finished, losslist: [0.9112723810332162, 0.3259664220469339, 0.17848167249134608, 0.07358910994870323, 0.029116579464503696, -0.007195977228028434, -0.0539383739233017, -0.020593451602118357, -0.07617987266608647, -0.05892600331987653], acclist: [0, 0.51, 0.555, 0.575, 0.555, 0.53, 0.515, 0.525, 0.5, 0.475, 0.505, 0.515, 0.525, 0.52, 0.515, 0.5, 0.515, 0.515, 0.52, 0.515, 0.5, 0.525, 0.515, 0.51, 0.52, 0.525, 0.52, 0.51, 0.515, 0.525, 0.515, 0.52, 0.505, 0.515, 0.525, 0.535, 0.515, 0.525, 0.54, 0.485, 0.52, 0.525, 0.48, 0.5, 0.52, 0.51, 0.515, 0.51, 0.515, 0.545, 0.555, 0.525, 0.505, 0.52, 0.535, 0.545, 0.525, 0.52, 0.525, 0.49, 0.51, 0.515, 0.515, 0.54, 0.535, 0.53, 0.515, 0.52, 0.525, 0.53, 0.535], finalacc: 0.575, alpha: [0.43952327 0.07329009 0.07380174 0.0697253  0.07533852 0.07023247
 0.07564475 0.12244385]
2022/09/01 11:46:21 -------update alpha finished------
2022/09/01 11:46:21 The epoch_out: 17, epoch_in: 9 of training alpha finished, alpha: [0.20587937 0.10388506 0.11395148 0.11296189 0.11707694 0.11585556
 0.12024589 0.1101438 ]
2022/09/01 11:46:23 epoch_out: 18, epoch_in: 0, loss: 2.309320943696158
2022/09/01 11:46:25 epoch_out: 18, epoch_in: 1, loss: 0.9032603672572544
2022/09/01 11:46:27 epoch_out: 18, epoch_in: 2, loss: 0.6395291898931775
2022/09/01 11:46:29 epoch_out: 18, epoch_in: 3, loss: 0.4439477473497391
2022/09/01 11:46:31 epoch_out: 18, epoch_in: 4, loss: 0.3565115971224649
2022/09/01 11:46:33 epoch_out: 18, epoch_in: 5, loss: 0.19277394243649074
2022/09/01 11:46:35 epoch_out: 18, epoch_in: 6, loss: 0.1575120793921607
2022/09/01 11:46:37 epoch_out: 18, epoch_in: 7, loss: 0.17082779215914862
2022/09/01 11:46:39 epoch_out: 18, epoch_in: 8, loss: 0.07861052347081048
2022/09/01 11:46:41 epoch_out: 18, epoch_in: 9, loss: 0.16616970939295633
2022/09/01 11:46:41 The epoch_out: 18, epoch_in: 9 of training F and G finished, losslist: [2.309320943696158, 0.9032603672572544, 0.6395291898931775, 0.4439477473497391, 0.3565115971224649, 0.19277394243649074, 0.1575120793921607, 0.17082779215914862, 0.07861052347081048, 0.16616970939295633], acclist: [0, 0.46, 0.47, 0.51, 0.505, 0.51, 0.53, 0.485, 0.5, 0.51, 0.515, 0.515, 0.5, 0.47, 0.5, 0.5, 0.51, 0.51, 0.495, 0.485, 0.51, 0.505, 0.48, 0.49, 0.5, 0.5, 0.505, 0.49, 0.5, 0.505, 0.505, 0.505, 0.49, 0.475, 0.495, 0.495, 0.485, 0.5, 0.49, 0.52, 0.515, 0.505, 0.5, 0.515, 0.505, 0.49, 0.49, 0.505, 0.51, 0.52, 0.495, 0.51, 0.5, 0.5, 0.49, 0.485, 0.505, 0.49, 0.495, 0.48, 0.5, 0.5, 0.49, 0.505, 0.505, 0.49, 0.49, 0.49, 0.495, 0.48, 0.505], finalacc: 0.53, alpha: [0.20587937 0.10388506 0.11395148 0.11296189 0.11707694 0.11585556
 0.12024589 0.1101438 ]
2022/09/01 11:46:42 -------update alpha finished------
2022/09/01 11:46:42 The epoch_out: 18, epoch_in: 9 of training alpha finished, alpha: [0.52136256 0.07295896 0.06463904 0.06506812 0.07362605 0.07250958
 0.06893323 0.06090245]
2022/09/01 11:46:44 epoch_out: 19, epoch_in: 0, loss: 0.9187499710491726
2022/09/01 11:46:46 epoch_out: 19, epoch_in: 1, loss: 0.5596060752868652
2022/09/01 11:46:48 epoch_out: 19, epoch_in: 2, loss: 0.16919501764433725
2022/09/01 11:46:50 epoch_out: 19, epoch_in: 3, loss: 0.05194668258939471
2022/09/01 11:46:52 epoch_out: 19, epoch_in: 4, loss: 0.030595464365822927
2022/09/01 11:46:54 epoch_out: 19, epoch_in: 5, loss: -0.05656468868255615
2022/09/01 11:46:56 epoch_out: 19, epoch_in: 6, loss: -0.03456325190407889
2022/09/01 11:46:58 epoch_out: 19, epoch_in: 7, loss: -0.007390052080154419
2022/09/01 11:47:00 epoch_out: 19, epoch_in: 8, loss: -0.08683171016829354
2022/09/01 11:47:02 epoch_out: 19, epoch_in: 9, loss: -0.12938263160841806
2022/09/01 11:47:02 The epoch_out: 19, epoch_in: 9 of training F and G finished, losslist: [0.9187499710491726, 0.5596060752868652, 0.16919501764433725, 0.05194668258939471, 0.030595464365822927, -0.05656468868255615, -0.03456325190407889, -0.007390052080154419, -0.08683171016829354, -0.12938263160841806], acclist: [0, 0.49, 0.565, 0.565, 0.55, 0.545, 0.52, 0.54, 0.52, 0.535, 0.505, 0.55, 0.525, 0.55, 0.55, 0.545, 0.515, 0.525, 0.525, 0.525, 0.535, 0.53, 0.535, 0.525, 0.545, 0.52, 0.545, 0.545, 0.555, 0.555, 0.54, 0.54, 0.53, 0.52, 0.535, 0.53, 0.54, 0.545, 0.555, 0.54, 0.5, 0.525, 0.53, 0.525, 0.51, 0.525, 0.535, 0.56, 0.55, 0.545, 0.53, 0.55, 0.52, 0.54, 0.545, 0.53, 0.54, 0.52, 0.495, 0.54, 0.545, 0.555, 0.54, 0.52, 0.495, 0.51, 0.5, 0.54, 0.545, 0.545, 0.555], finalacc: 0.565, alpha: [0.52136256 0.07295896 0.06463904 0.06506812 0.07362605 0.07250958
 0.06893323 0.06090245]
2022/09/01 11:47:03 -------update alpha finished------
2022/09/01 11:47:03 The epoch_out: 19, epoch_in: 9 of training alpha finished, alpha: [0.30822641 0.09907763 0.10623446 0.10184551 0.10224015 0.09961294
 0.10138221 0.08138069]
2022/09/01 11:47:03 training time: 426.6055860519409
