2022/09/01 11:24:06 available device: cuda:0
2022/09/01 11:24:06 batch_size: 100
2022/09/01 11:24:14 epoch_out: 0, epoch_in: 0, loss: 1.8963379740715027
2022/09/01 11:24:17 epoch_out: 0, epoch_in: 1, loss: 0.47794272303581237
2022/09/01 11:24:19 epoch_out: 0, epoch_in: 2, loss: 0.07467844784259796
2022/09/01 11:24:22 epoch_out: 0, epoch_in: 3, loss: -0.2195061504840851
2022/09/01 11:24:25 epoch_out: 0, epoch_in: 4, loss: -0.4854298412799835
2022/09/01 11:24:28 epoch_out: 0, epoch_in: 5, loss: -0.6944716393947601
2022/09/01 11:24:31 epoch_out: 0, epoch_in: 6, loss: -0.7492043137550354
2022/09/01 11:24:33 epoch_out: 0, epoch_in: 7, loss: -0.9111184239387512
2022/09/01 11:24:36 epoch_out: 0, epoch_in: 8, loss: -1.164238953590393
2022/09/01 11:24:39 epoch_out: 0, epoch_in: 9, loss: -1.424853265285492
2022/09/01 11:24:39 The epoch_out: 0, epoch_in: 9 of training F and G finished, losslist: [1.8963379740715027, 0.47794272303581237, 0.07467844784259796, -0.2195061504840851, -0.4854298412799835, -0.6944716393947601, -0.7492043137550354, -0.9111184239387512, -1.164238953590393, -1.424853265285492], acclist: [0, 0.47, 0.495, 0.555, 0.54, 0.525, 0.55, 0.535, 0.53, 0.5, 0.525, 0.535, 0.52, 0.5, 0.525, 0.5, 0.52, 0.54, 0.545, 0.52, 0.525, 0.515, 0.515, 0.53, 0.53, 0.535, 0.54, 0.52, 0.525, 0.56, 0.525, 0.53, 0.525, 0.525, 0.52, 0.53, 0.53, 0.545, 0.53, 0.55, 0.54, 0.53, 0.56, 0.535, 0.51, 0.545, 0.52, 0.55, 0.535, 0.54, 0.54, 0.535, 0.525, 0.515, 0.52, 0.53, 0.52, 0.525, 0.535, 0.525, 0.55, 0.53, 0.525, 0.53, 0.525, 0.52, 0.545, 0.54, 0.545, 0.53, 0.535, 0.53, 0.53, 0.545, 0.545, 0.56, 0.555, 0.535, 0.54, 0.53, 0.535, 0.535, 0.56, 0.545, 0.56, 0.555, 0.54, 0.555, 0.535, 0.54, 0.535, 0.53, 0.515, 0.545, 0.535, 0.56, 0.55, 0.54, 0.545, 0.54, 0.54], finalacc: 0.56, alpha: tensor([0.6381, 0.1034, 0.8023, 0.1023, 0.0533, 0.2851, 0.7342, 0.5167])
2022/09/01 11:24:39 -------update alpha finished------
2022/09/01 11:24:39 The epoch_out: 0, epoch_in: 9 of training alpha finished, alpha: [0.38279812 0.08912275 0.08515599 0.09038429 0.08703075 0.0941062
 0.09757273 0.07382918]
2022/09/01 11:24:43 epoch_out: 1, epoch_in: 0, loss: 1.7239140510559081
2022/09/01 11:24:45 epoch_out: 1, epoch_in: 1, loss: 0.5655813157558441
2022/09/01 11:24:48 epoch_out: 1, epoch_in: 2, loss: 0.3245143696665764
2022/09/01 11:24:51 epoch_out: 1, epoch_in: 3, loss: 0.20052530914545058
2022/09/01 11:24:54 epoch_out: 1, epoch_in: 4, loss: 0.17373156696557998
2022/09/01 11:24:57 epoch_out: 1, epoch_in: 5, loss: 0.08978037983179092
2022/09/01 11:25:00 epoch_out: 1, epoch_in: 6, loss: 0.06344184875488282
2022/09/01 11:25:02 epoch_out: 1, epoch_in: 7, loss: 0.06583272069692611
2022/09/01 11:25:05 epoch_out: 1, epoch_in: 8, loss: 0.01624174863100052
2022/09/01 11:25:08 epoch_out: 1, epoch_in: 9, loss: -0.040570564568042755
2022/09/01 11:25:08 The epoch_out: 1, epoch_in: 9 of training F and G finished, losslist: [1.7239140510559081, 0.5655813157558441, 0.3245143696665764, 0.20052530914545058, 0.17373156696557998, 0.08978037983179092, 0.06344184875488282, 0.06583272069692611, 0.01624174863100052, -0.040570564568042755], acclist: [0, 0.53, 0.54, 0.545, 0.605, 0.555, 0.58, 0.555, 0.53, 0.55, 0.54, 0.53, 0.54, 0.495, 0.525, 0.535, 0.525, 0.52, 0.535, 0.565, 0.56, 0.52, 0.54, 0.505, 0.53, 0.53, 0.515, 0.535, 0.535, 0.56, 0.535, 0.535, 0.51, 0.55, 0.52, 0.535, 0.54, 0.54, 0.545, 0.52, 0.53, 0.53, 0.535, 0.56, 0.57, 0.56, 0.53, 0.525, 0.55, 0.515, 0.545, 0.54, 0.56, 0.52, 0.53, 0.55, 0.535, 0.55, 0.525, 0.55, 0.55, 0.55, 0.55, 0.54, 0.58, 0.535, 0.535, 0.545, 0.56, 0.545, 0.55, 0.565, 0.515, 0.535, 0.53, 0.58, 0.525, 0.555, 0.58, 0.525, 0.525, 0.56, 0.545, 0.545, 0.555, 0.55, 0.54, 0.55, 0.555, 0.555, 0.55, 0.54, 0.575, 0.58, 0.525, 0.545, 0.545, 0.555, 0.545, 0.56, 0.535], finalacc: 0.605, alpha: [0.38279812 0.08912275 0.08515599 0.09038429 0.08703075 0.0941062
 0.09757273 0.07382918]
2022/09/01 11:25:09 -------update alpha finished------
2022/09/01 11:25:09 The epoch_out: 1, epoch_in: 9 of training alpha finished, alpha: [0.27668761 0.1115487  0.09738357 0.10970922 0.10771375 0.11151964
 0.07385305 0.11158446]
2022/09/01 11:25:12 epoch_out: 2, epoch_in: 0, loss: 1.2908671915531158
2022/09/01 11:25:14 epoch_out: 2, epoch_in: 1, loss: 0.5713957145810127
2022/09/01 11:25:17 epoch_out: 2, epoch_in: 2, loss: 0.3305315524339676
2022/09/01 11:25:20 epoch_out: 2, epoch_in: 3, loss: 0.24809042513370513
2022/09/01 11:25:23 epoch_out: 2, epoch_in: 4, loss: 0.13673723936080934
2022/09/01 11:25:26 epoch_out: 2, epoch_in: 5, loss: 0.04535518139600754
2022/09/01 11:25:29 epoch_out: 2, epoch_in: 6, loss: 0.08038724213838577
2022/09/01 11:25:32 epoch_out: 2, epoch_in: 7, loss: -0.01825913190841675
2022/09/01 11:25:34 epoch_out: 2, epoch_in: 8, loss: -0.015526707470417022
2022/09/01 11:25:37 epoch_out: 2, epoch_in: 9, loss: -0.032131969928741455
2022/09/01 11:25:37 The epoch_out: 2, epoch_in: 9 of training F and G finished, losslist: [1.2908671915531158, 0.5713957145810127, 0.3305315524339676, 0.24809042513370513, 0.13673723936080934, 0.04535518139600754, 0.08038724213838577, -0.01825913190841675, -0.015526707470417022, -0.032131969928741455], acclist: [0, 0.54, 0.545, 0.495, 0.535, 0.56, 0.52, 0.545, 0.555, 0.57, 0.535, 0.57, 0.565, 0.525, 0.56, 0.54, 0.565, 0.535, 0.55, 0.52, 0.57, 0.565, 0.58, 0.55, 0.53, 0.545, 0.53, 0.535, 0.565, 0.55, 0.56, 0.625, 0.565, 0.565, 0.53, 0.555, 0.545, 0.535, 0.52, 0.545, 0.555, 0.54, 0.575, 0.555, 0.57, 0.525, 0.56, 0.575, 0.585, 0.555, 0.53, 0.56, 0.555, 0.54, 0.54, 0.56, 0.545, 0.535, 0.55, 0.555, 0.53, 0.57, 0.56, 0.58, 0.54, 0.535, 0.535, 0.525, 0.535, 0.52, 0.555, 0.56, 0.555, 0.53, 0.53, 0.545, 0.55, 0.57, 0.535, 0.51, 0.55, 0.565, 0.55, 0.545, 0.56, 0.55, 0.55, 0.545, 0.525, 0.55, 0.52, 0.53, 0.535, 0.53, 0.52, 0.545, 0.545, 0.545, 0.55, 0.545, 0.54], finalacc: 0.625, alpha: [0.27668761 0.1115487  0.09738357 0.10970922 0.10771375 0.11151964
 0.07385305 0.11158446]
2022/09/01 11:25:38 -------update alpha finished------
2022/09/01 11:25:38 The epoch_out: 2, epoch_in: 9 of training alpha finished, alpha: [0.45253028 0.09419109 0.07564294 0.07274547 0.08280048 0.07533487
 0.07932662 0.06742826]
2022/09/01 11:25:41 epoch_out: 3, epoch_in: 0, loss: 1.3521271646022797
2022/09/01 11:25:44 epoch_out: 3, epoch_in: 1, loss: 0.38235754072666167
2022/09/01 11:25:47 epoch_out: 3, epoch_in: 2, loss: 0.10824824571609497
2022/09/01 11:25:49 epoch_out: 3, epoch_in: 3, loss: -0.0019047141075134277
2022/09/01 11:25:52 epoch_out: 3, epoch_in: 4, loss: -0.04832794666290283
2022/09/01 11:25:55 epoch_out: 3, epoch_in: 5, loss: -0.09931620806455613
2022/09/01 11:25:58 epoch_out: 3, epoch_in: 6, loss: -0.10244918018579482
2022/09/01 11:26:01 epoch_out: 3, epoch_in: 7, loss: -0.12145886421203614
2022/09/01 11:26:04 epoch_out: 3, epoch_in: 8, loss: -0.12351452559232712
2022/09/01 11:26:06 epoch_out: 3, epoch_in: 9, loss: -0.1523515984416008
2022/09/01 11:26:06 The epoch_out: 3, epoch_in: 9 of training F and G finished, losslist: [1.3521271646022797, 0.38235754072666167, 0.10824824571609497, -0.0019047141075134277, -0.04832794666290283, -0.09931620806455613, -0.10244918018579482, -0.12145886421203614, -0.12351452559232712, -0.1523515984416008], acclist: [0, 0.435, 0.47, 0.495, 0.475, 0.5, 0.485, 0.485, 0.51, 0.49, 0.465, 0.49, 0.49, 0.485, 0.505, 0.5, 0.495, 0.495, 0.465, 0.485, 0.52, 0.51, 0.49, 0.51, 0.505, 0.49, 0.51, 0.485, 0.485, 0.51, 0.525, 0.52, 0.51, 0.525, 0.51, 0.51, 0.475, 0.495, 0.485, 0.5, 0.475, 0.49, 0.5, 0.5, 0.48, 0.495, 0.48, 0.475, 0.5, 0.495, 0.51, 0.505, 0.495, 0.49, 0.51, 0.5, 0.455, 0.495, 0.495, 0.495, 0.485, 0.48, 0.5, 0.52, 0.485, 0.495, 0.5, 0.48, 0.49, 0.5, 0.505, 0.515, 0.51, 0.46, 0.495, 0.5, 0.48, 0.505, 0.505, 0.46, 0.49, 0.47, 0.485, 0.46, 0.515, 0.505, 0.48, 0.505, 0.51, 0.48, 0.465, 0.475, 0.495, 0.51, 0.515, 0.525, 0.5, 0.47, 0.495, 0.475, 0.475], finalacc: 0.525, alpha: [0.45253028 0.09419109 0.07564294 0.07274547 0.08280048 0.07533487
 0.07932662 0.06742826]
2022/09/01 11:26:07 -------update alpha finished------
2022/09/01 11:26:07 The epoch_out: 3, epoch_in: 9 of training alpha finished, alpha: [0.34415234 0.11690503 0.1023037  0.08661556 0.09476293 0.11482987
 0.03868211 0.10174845]
2022/09/01 11:26:10 epoch_out: 4, epoch_in: 0, loss: 1.1342062026262283
2022/09/01 11:26:13 epoch_out: 4, epoch_in: 1, loss: 0.3511744424700737
2022/09/01 11:26:15 epoch_out: 4, epoch_in: 2, loss: 0.2487131640315056
2022/09/01 11:26:18 epoch_out: 4, epoch_in: 3, loss: 0.12219688296318054
2022/09/01 11:26:21 epoch_out: 4, epoch_in: 4, loss: 0.053568457067012784
2022/09/01 11:26:24 epoch_out: 4, epoch_in: 5, loss: 0.04613470584154129
2022/09/01 11:26:27 epoch_out: 4, epoch_in: 6, loss: 0.02983446270227432
2022/09/01 11:26:30 epoch_out: 4, epoch_in: 7, loss: 0.011424903571605683
2022/09/01 11:26:32 epoch_out: 4, epoch_in: 8, loss: -0.014527411758899688
2022/09/01 11:26:35 epoch_out: 4, epoch_in: 9, loss: -0.05171896815299988
2022/09/01 11:26:35 The epoch_out: 4, epoch_in: 9 of training F and G finished, losslist: [1.1342062026262283, 0.3511744424700737, 0.2487131640315056, 0.12219688296318054, 0.053568457067012784, 0.04613470584154129, 0.02983446270227432, 0.011424903571605683, -0.014527411758899688, -0.05171896815299988], acclist: [0, 0.52, 0.54, 0.535, 0.56, 0.49, 0.535, 0.545, 0.5, 0.515, 0.575, 0.535, 0.505, 0.52, 0.54, 0.525, 0.53, 0.535, 0.55, 0.53, 0.52, 0.53, 0.565, 0.55, 0.555, 0.52, 0.495, 0.495, 0.51, 0.55, 0.515, 0.535, 0.53, 0.505, 0.505, 0.54, 0.515, 0.535, 0.56, 0.535, 0.555, 0.535, 0.54, 0.515, 0.535, 0.54, 0.535, 0.535, 0.535, 0.54, 0.535, 0.535, 0.495, 0.52, 0.54, 0.535, 0.52, 0.54, 0.535, 0.55, 0.52, 0.535, 0.535, 0.535, 0.555, 0.555, 0.535, 0.54, 0.53, 0.54, 0.535, 0.5, 0.52, 0.52, 0.52, 0.535, 0.55, 0.535, 0.555, 0.515, 0.54, 0.535, 0.54, 0.56, 0.535, 0.535, 0.555, 0.53, 0.51, 0.55, 0.52, 0.535, 0.54, 0.535, 0.505, 0.55, 0.545, 0.535, 0.545, 0.535, 0.515], finalacc: 0.575, alpha: [0.34415234 0.11690503 0.1023037  0.08661556 0.09476293 0.11482987
 0.03868211 0.10174845]
2022/09/01 11:26:36 -------update alpha finished------
2022/09/01 11:26:36 The epoch_out: 4, epoch_in: 9 of training alpha finished, alpha: [0.33350369 0.09691669 0.08741303 0.09209152 0.09809604 0.09358799
 0.10476056 0.09363049]
2022/09/01 11:26:39 epoch_out: 5, epoch_in: 0, loss: 2.7369580268859863
2022/09/01 11:26:42 epoch_out: 5, epoch_in: 1, loss: 1.1586797207593917
2022/09/01 11:26:44 epoch_out: 5, epoch_in: 2, loss: 0.7960892975330353
2022/09/01 11:26:47 epoch_out: 5, epoch_in: 3, loss: 0.6477583199739456
2022/09/01 11:26:50 epoch_out: 5, epoch_in: 4, loss: 0.5710140436887741
2022/09/01 11:26:53 epoch_out: 5, epoch_in: 5, loss: 0.3224493324756622
2022/09/01 11:26:56 epoch_out: 5, epoch_in: 6, loss: 0.30499768555164336
2022/09/01 11:26:59 epoch_out: 5, epoch_in: 7, loss: 0.3082564890384674
2022/09/01 11:27:02 epoch_out: 5, epoch_in: 8, loss: 0.22900228202342987
2022/09/01 11:27:04 epoch_out: 5, epoch_in: 9, loss: 0.20117204636335373
2022/09/01 11:27:04 The epoch_out: 5, epoch_in: 9 of training F and G finished, losslist: [2.7369580268859863, 1.1586797207593917, 0.7960892975330353, 0.6477583199739456, 0.5710140436887741, 0.3224493324756622, 0.30499768555164336, 0.3082564890384674, 0.22900228202342987, 0.20117204636335373], acclist: [0, 0.485, 0.54, 0.495, 0.49, 0.495, 0.49, 0.495, 0.52, 0.51, 0.51, 0.49, 0.54, 0.485, 0.505, 0.505, 0.52, 0.52, 0.505, 0.49, 0.515, 0.505, 0.515, 0.47, 0.505, 0.525, 0.555, 0.52, 0.545, 0.515, 0.51, 0.505, 0.48, 0.515, 0.525, 0.515, 0.535, 0.535, 0.485, 0.52, 0.54, 0.52, 0.535, 0.48, 0.495, 0.5, 0.505, 0.5, 0.505, 0.52, 0.5, 0.515, 0.545, 0.53, 0.475, 0.5, 0.515, 0.51, 0.485, 0.48, 0.495, 0.5, 0.515, 0.52, 0.495, 0.495, 0.51, 0.5, 0.495, 0.495, 0.525, 0.53, 0.5, 0.49, 0.51, 0.505, 0.505, 0.5, 0.49, 0.52, 0.485, 0.505, 0.545, 0.515, 0.5, 0.495, 0.525, 0.49, 0.49, 0.52, 0.515, 0.485, 0.47, 0.5, 0.495, 0.51, 0.495, 0.51, 0.51, 0.51, 0.55], finalacc: 0.555, alpha: [0.33350369 0.09691669 0.08741303 0.09209152 0.09809604 0.09358799
 0.10476056 0.09363049]
2022/09/01 11:27:05 -------update alpha finished------
2022/09/01 11:27:05 The epoch_out: 5, epoch_in: 9 of training alpha finished, alpha: [0.42229732 0.12291056 0.04744882 0.09327945 0.06613829 0.08812346
 0.0717566  0.0880455 ]
2022/09/01 11:27:08 epoch_out: 6, epoch_in: 0, loss: 2.1881067872047426
2022/09/01 11:27:11 epoch_out: 6, epoch_in: 1, loss: 0.7704356014728546
2022/09/01 11:27:14 epoch_out: 6, epoch_in: 2, loss: 0.39910716116428374
2022/09/01 11:27:17 epoch_out: 6, epoch_in: 3, loss: 0.22132374048233033
2022/09/01 11:27:19 epoch_out: 6, epoch_in: 4, loss: 0.17583002150058746
2022/09/01 11:27:22 epoch_out: 6, epoch_in: 5, loss: 0.1579166755080223
2022/09/01 11:27:25 epoch_out: 6, epoch_in: 6, loss: 0.07837737202644349
2022/09/01 11:27:28 epoch_out: 6, epoch_in: 7, loss: 0.05986228883266449
2022/09/01 11:27:31 epoch_out: 6, epoch_in: 8, loss: -0.005029109120368957
2022/09/01 11:27:34 epoch_out: 6, epoch_in: 9, loss: -0.019782158732414245
2022/09/01 11:27:34 The epoch_out: 6, epoch_in: 9 of training F and G finished, losslist: [2.1881067872047426, 0.7704356014728546, 0.39910716116428374, 0.22132374048233033, 0.17583002150058746, 0.1579166755080223, 0.07837737202644349, 0.05986228883266449, -0.005029109120368957, -0.019782158732414245], acclist: [0, 0.52, 0.495, 0.5, 0.485, 0.52, 0.525, 0.535, 0.505, 0.505, 0.515, 0.47, 0.49, 0.495, 0.5, 0.505, 0.51, 0.485, 0.48, 0.52, 0.515, 0.5, 0.495, 0.505, 0.505, 0.505, 0.505, 0.525, 0.51, 0.505, 0.49, 0.495, 0.515, 0.505, 0.495, 0.51, 0.515, 0.505, 0.5, 0.52, 0.5, 0.475, 0.485, 0.495, 0.51, 0.51, 0.51, 0.495, 0.495, 0.485, 0.515, 0.525, 0.5, 0.5, 0.53, 0.51, 0.515, 0.505, 0.48, 0.505, 0.495, 0.505, 0.485, 0.51, 0.49, 0.495, 0.49, 0.525, 0.5, 0.515, 0.51, 0.505, 0.55, 0.53, 0.505, 0.515, 0.525, 0.51, 0.475, 0.485, 0.5, 0.51, 0.515, 0.505, 0.53, 0.52, 0.515, 0.52, 0.495, 0.5, 0.51, 0.515, 0.505, 0.525, 0.53, 0.505, 0.52, 0.51, 0.51, 0.495, 0.54], finalacc: 0.55, alpha: [0.42229732 0.12291056 0.04744882 0.09327945 0.06613829 0.08812346
 0.0717566  0.0880455 ]
2022/09/01 11:27:34 -------update alpha finished------
2022/09/01 11:27:34 The epoch_out: 6, epoch_in: 9 of training alpha finished, alpha: [0.29889458 0.10559875 0.09373791 0.10861002 0.09354754 0.1011152
 0.09323779 0.10525822]
2022/09/01 11:27:37 epoch_out: 7, epoch_in: 0, loss: 1.4286761224269866
2022/09/01 11:27:40 epoch_out: 7, epoch_in: 1, loss: 0.7948432624340057
2022/09/01 11:27:43 epoch_out: 7, epoch_in: 2, loss: 0.5418506592512131
2022/09/01 11:27:46 epoch_out: 7, epoch_in: 3, loss: 0.40873695015907285
2022/09/01 11:27:49 epoch_out: 7, epoch_in: 4, loss: 0.265472474694252
2022/09/01 11:27:52 epoch_out: 7, epoch_in: 5, loss: 0.28234948217868805
2022/09/01 11:27:54 epoch_out: 7, epoch_in: 6, loss: 0.13166634291410445
2022/09/01 11:27:57 epoch_out: 7, epoch_in: 7, loss: 0.10308905690908432
2022/09/01 11:28:00 epoch_out: 7, epoch_in: 8, loss: 0.05880579203367233
2022/09/01 11:28:03 epoch_out: 7, epoch_in: 9, loss: 0.0753451943397522
2022/09/01 11:28:03 The epoch_out: 7, epoch_in: 9 of training F and G finished, losslist: [1.4286761224269866, 0.7948432624340057, 0.5418506592512131, 0.40873695015907285, 0.265472474694252, 0.28234948217868805, 0.13166634291410445, 0.10308905690908432, 0.05880579203367233, 0.0753451943397522], acclist: [0, 0.44, 0.445, 0.465, 0.475, 0.48, 0.495, 0.525, 0.53, 0.53, 0.52, 0.54, 0.535, 0.535, 0.55, 0.545, 0.51, 0.5, 0.53, 0.52, 0.535, 0.54, 0.53, 0.55, 0.52, 0.52, 0.52, 0.515, 0.495, 0.525, 0.55, 0.53, 0.545, 0.54, 0.51, 0.52, 0.51, 0.525, 0.52, 0.54, 0.525, 0.535, 0.52, 0.515, 0.5, 0.53, 0.545, 0.52, 0.54, 0.515, 0.53, 0.52, 0.53, 0.52, 0.515, 0.515, 0.495, 0.505, 0.53, 0.54, 0.53, 0.525, 0.51, 0.53, 0.55, 0.54, 0.515, 0.515, 0.515, 0.535, 0.53, 0.53, 0.535, 0.53, 0.515, 0.505, 0.51, 0.53, 0.545, 0.565, 0.545, 0.545, 0.555, 0.53, 0.54, 0.535, 0.515, 0.515, 0.5, 0.51, 0.525, 0.565, 0.535, 0.535, 0.54, 0.52, 0.5, 0.54, 0.54, 0.54, 0.535], finalacc: 0.565, alpha: [0.29889458 0.10559875 0.09373791 0.10861002 0.09354754 0.1011152
 0.09323779 0.10525822]
2022/09/01 11:28:03 -------update alpha finished------
2022/09/01 11:28:03 The epoch_out: 7, epoch_in: 9 of training alpha finished, alpha: [0.32618851 0.10660668 0.05156679 0.10548742 0.08123589 0.10349997
 0.11354237 0.11187236]
2022/09/01 11:28:06 epoch_out: 8, epoch_in: 0, loss: 0.7905638247728348
2022/09/01 11:28:09 epoch_out: 8, epoch_in: 1, loss: 0.31937393695116045
2022/09/01 11:28:12 epoch_out: 8, epoch_in: 2, loss: 0.12967268973588944
2022/09/01 11:28:15 epoch_out: 8, epoch_in: 3, loss: 0.06697327941656113
2022/09/01 11:28:18 epoch_out: 8, epoch_in: 4, loss: 0.004381249845027924
2022/09/01 11:28:21 epoch_out: 8, epoch_in: 5, loss: -0.01573404371738434
2022/09/01 11:28:24 epoch_out: 8, epoch_in: 6, loss: -0.029726345837116242
2022/09/01 11:28:26 epoch_out: 8, epoch_in: 7, loss: -0.04428610652685165
2022/09/01 11:28:29 epoch_out: 8, epoch_in: 8, loss: -0.057035839557647704
2022/09/01 11:28:32 epoch_out: 8, epoch_in: 9, loss: -0.10532611906528473
2022/09/01 11:28:32 The epoch_out: 8, epoch_in: 9 of training F and G finished, losslist: [0.7905638247728348, 0.31937393695116045, 0.12967268973588944, 0.06697327941656113, 0.004381249845027924, -0.01573404371738434, -0.029726345837116242, -0.04428610652685165, -0.057035839557647704, -0.10532611906528473], acclist: [0, 0.455, 0.405, 0.41, 0.42, 0.405, 0.42, 0.405, 0.42, 0.445, 0.43, 0.42, 0.42, 0.415, 0.435, 0.43, 0.42, 0.425, 0.43, 0.41, 0.425, 0.43, 0.43, 0.425, 0.41, 0.405, 0.425, 0.41, 0.42, 0.42, 0.45, 0.44, 0.445, 0.42, 0.41, 0.445, 0.435, 0.46, 0.425, 0.415, 0.4, 0.415, 0.42, 0.4, 0.42, 0.43, 0.45, 0.455, 0.45, 0.42, 0.42, 0.435, 0.435, 0.425, 0.45, 0.435, 0.435, 0.425, 0.445, 0.43, 0.435, 0.42, 0.45, 0.455, 0.44, 0.425, 0.415, 0.42, 0.445, 0.445, 0.435, 0.445, 0.435, 0.425, 0.435, 0.42, 0.47, 0.45, 0.43, 0.415, 0.445, 0.43, 0.415, 0.44, 0.42, 0.445, 0.405, 0.445, 0.42, 0.435, 0.43, 0.455, 0.465, 0.435, 0.455, 0.45, 0.415, 0.435, 0.44, 0.445, 0.42], finalacc: 0.47, alpha: [0.32618851 0.10660668 0.05156679 0.10548742 0.08123589 0.10349997
 0.11354237 0.11187236]
2022/09/01 11:28:33 -------update alpha finished------
2022/09/01 11:28:33 The epoch_out: 8, epoch_in: 9 of training alpha finished, alpha: [0.37310469 0.08684797 0.09240297 0.09111245 0.09278093 0.0899396
 0.07963367 0.09417771]
2022/09/01 11:28:36 epoch_out: 9, epoch_in: 0, loss: 2.0561448335647583
2022/09/01 11:28:38 epoch_out: 9, epoch_in: 1, loss: 0.9064548552036286
2022/09/01 11:28:41 epoch_out: 9, epoch_in: 2, loss: 0.5382212281227112
2022/09/01 11:28:44 epoch_out: 9, epoch_in: 3, loss: 0.3472438663244247
2022/09/01 11:28:47 epoch_out: 9, epoch_in: 4, loss: 0.33788675665855405
2022/09/01 11:28:50 epoch_out: 9, epoch_in: 5, loss: 0.2533083900809288
2022/09/01 11:28:53 epoch_out: 9, epoch_in: 6, loss: 0.1659693419933319
2022/09/01 11:28:55 epoch_out: 9, epoch_in: 7, loss: 0.1348428472876549
2022/09/01 11:28:58 epoch_out: 9, epoch_in: 8, loss: 0.14563747644424438
2022/09/01 11:29:01 epoch_out: 9, epoch_in: 9, loss: 0.057554209232330324
2022/09/01 11:29:01 The epoch_out: 9, epoch_in: 9 of training F and G finished, losslist: [2.0561448335647583, 0.9064548552036286, 0.5382212281227112, 0.3472438663244247, 0.33788675665855405, 0.2533083900809288, 0.1659693419933319, 0.1348428472876549, 0.14563747644424438, 0.057554209232330324], acclist: [0, 0.485, 0.47, 0.44, 0.46, 0.405, 0.45, 0.435, 0.435, 0.455, 0.445, 0.425, 0.42, 0.45, 0.415, 0.445, 0.41, 0.435, 0.42, 0.44, 0.455, 0.47, 0.46, 0.425, 0.445, 0.43, 0.44, 0.44, 0.41, 0.4, 0.425, 0.475, 0.435, 0.435, 0.44, 0.445, 0.44, 0.455, 0.425, 0.405, 0.43, 0.415, 0.48, 0.455, 0.435, 0.4, 0.41, 0.425, 0.405, 0.41, 0.45, 0.435, 0.465, 0.45, 0.425, 0.415, 0.435, 0.41, 0.45, 0.42, 0.43, 0.425, 0.42, 0.42, 0.44, 0.4, 0.4, 0.435, 0.44, 0.47, 0.43, 0.445, 0.465, 0.435, 0.455, 0.42, 0.425, 0.43, 0.43, 0.395, 0.44, 0.43, 0.415, 0.45, 0.4, 0.435, 0.43, 0.415, 0.465, 0.425, 0.455, 0.45, 0.445, 0.415, 0.435, 0.445, 0.43, 0.4, 0.44, 0.435, 0.435], finalacc: 0.485, alpha: [0.37310469 0.08684797 0.09240297 0.09111245 0.09278093 0.0899396
 0.07963367 0.09417771]
2022/09/01 11:29:02 -------update alpha finished------
2022/09/01 11:29:02 The epoch_out: 9, epoch_in: 9 of training alpha finished, alpha: [0.42975014 0.02981279 0.1075727  0.09560525 0.09374132 0.10483114
 0.10684502 0.03184163]
2022/09/01 11:29:05 epoch_out: 10, epoch_in: 0, loss: 1.0068507552146913
2022/09/01 11:29:08 epoch_out: 10, epoch_in: 1, loss: 0.37653799951076505
2022/09/01 11:29:10 epoch_out: 10, epoch_in: 2, loss: 0.1645941287279129
2022/09/01 11:29:13 epoch_out: 10, epoch_in: 3, loss: 0.06849258244037629
2022/09/01 11:29:16 epoch_out: 10, epoch_in: 4, loss: -0.011188018321990966
2022/09/01 11:29:19 epoch_out: 10, epoch_in: 5, loss: -0.048634448647499086
2022/09/01 11:29:22 epoch_out: 10, epoch_in: 6, loss: -0.07403650879859924
2022/09/01 11:29:25 epoch_out: 10, epoch_in: 7, loss: -0.10774659961462021
2022/09/01 11:29:27 epoch_out: 10, epoch_in: 8, loss: -0.10639342665672302
2022/09/01 11:29:30 epoch_out: 10, epoch_in: 9, loss: -0.14479595571756362
2022/09/01 11:29:30 The epoch_out: 10, epoch_in: 9 of training F and G finished, losslist: [1.0068507552146913, 0.37653799951076505, 0.1645941287279129, 0.06849258244037629, -0.011188018321990966, -0.048634448647499086, -0.07403650879859924, -0.10774659961462021, -0.10639342665672302, -0.14479595571756362], acclist: [0, 0.49, 0.51, 0.485, 0.495, 0.505, 0.515, 0.485, 0.475, 0.49, 0.485, 0.485, 0.5, 0.475, 0.5, 0.5, 0.505, 0.5, 0.5, 0.505, 0.515, 0.515, 0.51, 0.485, 0.495, 0.5, 0.505, 0.48, 0.47, 0.49, 0.51, 0.505, 0.48, 0.46, 0.495, 0.505, 0.505, 0.5, 0.505, 0.495, 0.505, 0.48, 0.505, 0.5, 0.475, 0.5, 0.48, 0.505, 0.495, 0.48, 0.485, 0.485, 0.48, 0.475, 0.48, 0.5, 0.515, 0.515, 0.5, 0.48, 0.51, 0.5, 0.505, 0.5, 0.495, 0.52, 0.48, 0.535, 0.525, 0.51, 0.5, 0.53, 0.525, 0.52, 0.485, 0.5, 0.51, 0.52, 0.505, 0.485, 0.515, 0.525, 0.525, 0.54, 0.515, 0.515, 0.51, 0.525, 0.485, 0.505, 0.5, 0.51, 0.51, 0.5, 0.52, 0.51, 0.52, 0.51, 0.52, 0.5, 0.47], finalacc: 0.54, alpha: [0.42975014 0.02981279 0.1075727  0.09560525 0.09374132 0.10483114
 0.10684502 0.03184163]
2022/09/01 11:29:31 -------update alpha finished------
2022/09/01 11:29:31 The epoch_out: 10, epoch_in: 9 of training alpha finished, alpha: [0.30498825 0.1040496  0.10384149 0.09008364 0.09464293 0.09805067
 0.09870968 0.10563375]
2022/09/01 11:29:34 epoch_out: 11, epoch_in: 0, loss: 1.8497510194778441
2022/09/01 11:29:37 epoch_out: 11, epoch_in: 1, loss: 0.8902167439460754
2022/09/01 11:29:39 epoch_out: 11, epoch_in: 2, loss: 0.5633875727653503
2022/09/01 11:29:42 epoch_out: 11, epoch_in: 3, loss: 0.3833584561944008
2022/09/01 11:29:45 epoch_out: 11, epoch_in: 4, loss: 0.25150565803050995
2022/09/01 11:29:48 epoch_out: 11, epoch_in: 5, loss: 0.19516394436359405
2022/09/01 11:29:51 epoch_out: 11, epoch_in: 6, loss: 0.155038021504879
2022/09/01 11:29:54 epoch_out: 11, epoch_in: 7, loss: 0.1552513375878334
2022/09/01 11:29:57 epoch_out: 11, epoch_in: 8, loss: 0.092741197347641
2022/09/01 11:29:59 epoch_out: 11, epoch_in: 9, loss: 0.10277371406555176
2022/09/01 11:29:59 The epoch_out: 11, epoch_in: 9 of training F and G finished, losslist: [1.8497510194778441, 0.8902167439460754, 0.5633875727653503, 0.3833584561944008, 0.25150565803050995, 0.19516394436359405, 0.155038021504879, 0.1552513375878334, 0.092741197347641, 0.10277371406555176], acclist: [0, 0.46, 0.47, 0.49, 0.495, 0.48, 0.485, 0.475, 0.5, 0.51, 0.5, 0.485, 0.475, 0.47, 0.465, 0.485, 0.475, 0.49, 0.5, 0.5, 0.48, 0.49, 0.49, 0.5, 0.51, 0.485, 0.46, 0.475, 0.49, 0.495, 0.5, 0.485, 0.48, 0.45, 0.43, 0.485, 0.5, 0.485, 0.485, 0.495, 0.495, 0.495, 0.505, 0.495, 0.51, 0.52, 0.485, 0.465, 0.5, 0.465, 0.485, 0.47, 0.485, 0.525, 0.485, 0.52, 0.48, 0.48, 0.5, 0.48, 0.485, 0.475, 0.51, 0.535, 0.53, 0.505, 0.485, 0.48, 0.465, 0.46, 0.505, 0.52, 0.49, 0.48, 0.47, 0.475, 0.5, 0.485, 0.5, 0.52, 0.53, 0.52, 0.5, 0.49, 0.495, 0.48, 0.485, 0.51, 0.46, 0.495, 0.52, 0.495, 0.495, 0.5, 0.515, 0.485, 0.485, 0.465, 0.48, 0.485, 0.495], finalacc: 0.535, alpha: [0.30498825 0.1040496  0.10384149 0.09008364 0.09464293 0.09805067
 0.09870968 0.10563375]
2022/09/01 11:30:00 -------update alpha finished------
2022/09/01 11:30:00 The epoch_out: 11, epoch_in: 9 of training alpha finished, alpha: [0.25061425 0.11986589 0.09102274 0.10635864 0.10976844 0.11328131
 0.10547671 0.10361202]
2022/09/01 11:30:03 epoch_out: 12, epoch_in: 0, loss: 1.8778262734413147
2022/09/01 11:30:06 epoch_out: 12, epoch_in: 1, loss: 0.6227461710572243
2022/09/01 11:30:09 epoch_out: 12, epoch_in: 2, loss: 0.5699915438890457
2022/09/01 11:30:11 epoch_out: 12, epoch_in: 3, loss: 0.39821549952030183
2022/09/01 11:30:14 epoch_out: 12, epoch_in: 4, loss: 0.2623050585389137
2022/09/01 11:30:17 epoch_out: 12, epoch_in: 5, loss: 0.2218014970421791
2022/09/01 11:30:20 epoch_out: 12, epoch_in: 6, loss: 0.14638949558138847
2022/09/01 11:30:23 epoch_out: 12, epoch_in: 7, loss: 0.18497314900159836
2022/09/01 11:30:26 epoch_out: 12, epoch_in: 8, loss: 0.13579368069767953
2022/09/01 11:30:29 epoch_out: 12, epoch_in: 9, loss: 0.07508685439825058
2022/09/01 11:30:29 The epoch_out: 12, epoch_in: 9 of training F and G finished, losslist: [1.8778262734413147, 0.6227461710572243, 0.5699915438890457, 0.39821549952030183, 0.2623050585389137, 0.2218014970421791, 0.14638949558138847, 0.18497314900159836, 0.13579368069767953, 0.07508685439825058], acclist: [0, 0.465, 0.48, 0.455, 0.465, 0.475, 0.485, 0.46, 0.48, 0.465, 0.49, 0.495, 0.48, 0.465, 0.47, 0.495, 0.47, 0.49, 0.435, 0.48, 0.475, 0.48, 0.46, 0.475, 0.47, 0.455, 0.455, 0.475, 0.46, 0.475, 0.47, 0.465, 0.49, 0.48, 0.475, 0.465, 0.455, 0.45, 0.445, 0.45, 0.47, 0.46, 0.45, 0.47, 0.465, 0.49, 0.46, 0.45, 0.445, 0.46, 0.49, 0.46, 0.45, 0.47, 0.44, 0.44, 0.48, 0.485, 0.475, 0.495, 0.475, 0.48, 0.465, 0.485, 0.49, 0.475, 0.48, 0.475, 0.49, 0.46, 0.48, 0.46, 0.47, 0.44, 0.47, 0.485, 0.45, 0.455, 0.48, 0.49, 0.475, 0.49, 0.5, 0.475, 0.465, 0.46, 0.49, 0.505, 0.49, 0.515, 0.455, 0.45, 0.47, 0.485, 0.465, 0.48, 0.49, 0.48, 0.485, 0.485, 0.455], finalacc: 0.515, alpha: [0.25061425 0.11986589 0.09102274 0.10635864 0.10976844 0.11328131
 0.10547671 0.10361202]
2022/09/01 11:30:29 -------update alpha finished------
2022/09/01 11:30:29 The epoch_out: 12, epoch_in: 9 of training alpha finished, alpha: [0.29403677 0.09567386 0.1049655  0.10256946 0.10259872 0.09810094
 0.10002645 0.1020283 ]
2022/09/01 11:30:33 epoch_out: 13, epoch_in: 0, loss: 1.7736452341079711
2022/09/01 11:30:35 epoch_out: 13, epoch_in: 1, loss: 0.9124463796615601
2022/09/01 11:30:38 epoch_out: 13, epoch_in: 2, loss: 0.700471556186676
2022/09/01 11:30:41 epoch_out: 13, epoch_in: 3, loss: 0.47302990555763247
2022/09/01 11:30:44 epoch_out: 13, epoch_in: 4, loss: 0.34354047328233717
2022/09/01 11:30:47 epoch_out: 13, epoch_in: 5, loss: 0.2997501716017723
2022/09/01 11:30:50 epoch_out: 13, epoch_in: 6, loss: 0.2341787725687027
2022/09/01 11:30:53 epoch_out: 13, epoch_in: 7, loss: 0.21860865354537964
2022/09/01 11:30:56 epoch_out: 13, epoch_in: 8, loss: 0.1025257296860218
2022/09/01 11:30:58 epoch_out: 13, epoch_in: 9, loss: 0.15700250267982482
2022/09/01 11:30:58 The epoch_out: 13, epoch_in: 9 of training F and G finished, losslist: [1.7736452341079711, 0.9124463796615601, 0.700471556186676, 0.47302990555763247, 0.34354047328233717, 0.2997501716017723, 0.2341787725687027, 0.21860865354537964, 0.1025257296860218, 0.15700250267982482], acclist: [0, 0.51, 0.49, 0.465, 0.445, 0.485, 0.48, 0.475, 0.49, 0.535, 0.515, 0.525, 0.5, 0.5, 0.49, 0.515, 0.525, 0.49, 0.505, 0.5, 0.5, 0.5, 0.5, 0.51, 0.485, 0.5, 0.505, 0.48, 0.485, 0.505, 0.495, 0.505, 0.53, 0.5, 0.515, 0.465, 0.52, 0.5, 0.5, 0.52, 0.49, 0.505, 0.5, 0.52, 0.505, 0.475, 0.505, 0.48, 0.515, 0.52, 0.495, 0.525, 0.51, 0.505, 0.5, 0.51, 0.48, 0.48, 0.5, 0.485, 0.49, 0.5, 0.495, 0.54, 0.52, 0.49, 0.505, 0.51, 0.525, 0.5, 0.51, 0.515, 0.49, 0.485, 0.5, 0.475, 0.535, 0.485, 0.51, 0.5, 0.515, 0.51, 0.505, 0.54, 0.515, 0.515, 0.5, 0.485, 0.525, 0.53, 0.48, 0.49, 0.51, 0.485, 0.525, 0.52, 0.535, 0.5, 0.5, 0.49, 0.51], finalacc: 0.54, alpha: [0.29403677 0.09567386 0.1049655  0.10256946 0.10259872 0.09810094
 0.10002645 0.1020283 ]
2022/09/01 11:30:59 -------update alpha finished------
2022/09/01 11:30:59 The epoch_out: 13, epoch_in: 9 of training alpha finished, alpha: [0.34278939 0.10030518 0.10307364 0.09139279 0.07504461 0.10034351
 0.0974898  0.08956107]
2022/09/01 11:31:02 epoch_out: 14, epoch_in: 0, loss: 1.1549465298652648
2022/09/01 11:31:05 epoch_out: 14, epoch_in: 1, loss: 0.5007394254207611
2022/09/01 11:31:08 epoch_out: 14, epoch_in: 2, loss: 0.2999947562813759
2022/09/01 11:31:11 epoch_out: 14, epoch_in: 3, loss: 0.2221604108810425
2022/09/01 11:31:13 epoch_out: 14, epoch_in: 4, loss: 0.15450385808944703
2022/09/01 11:31:16 epoch_out: 14, epoch_in: 5, loss: 0.08596909865736961
2022/09/01 11:31:19 epoch_out: 14, epoch_in: 6, loss: 0.09337756186723709
2022/09/01 11:31:22 epoch_out: 14, epoch_in: 7, loss: 0.055859847366809844
2022/09/01 11:31:25 epoch_out: 14, epoch_in: 8, loss: 0.08342168629169464
2022/09/01 11:31:28 epoch_out: 14, epoch_in: 9, loss: 0.015055975317955017
2022/09/01 11:31:28 The epoch_out: 14, epoch_in: 9 of training F and G finished, losslist: [1.1549465298652648, 0.5007394254207611, 0.2999947562813759, 0.2221604108810425, 0.15450385808944703, 0.08596909865736961, 0.09337756186723709, 0.055859847366809844, 0.08342168629169464, 0.015055975317955017], acclist: [0, 0.54, 0.5, 0.495, 0.5, 0.49, 0.485, 0.47, 0.49, 0.46, 0.47, 0.47, 0.495, 0.48, 0.475, 0.49, 0.47, 0.465, 0.445, 0.455, 0.49, 0.47, 0.48, 0.48, 0.475, 0.48, 0.495, 0.485, 0.47, 0.475, 0.485, 0.49, 0.485, 0.47, 0.495, 0.495, 0.475, 0.48, 0.47, 0.465, 0.475, 0.465, 0.45, 0.44, 0.47, 0.46, 0.46, 0.48, 0.475, 0.505, 0.47, 0.475, 0.47, 0.5, 0.47, 0.47, 0.475, 0.48, 0.475, 0.48, 0.48, 0.46, 0.475, 0.485, 0.495, 0.455, 0.485, 0.465, 0.485, 0.48, 0.455, 0.435, 0.445, 0.485, 0.47, 0.47, 0.46, 0.495, 0.46, 0.45, 0.475, 0.465, 0.455, 0.475, 0.465, 0.475, 0.49, 0.445, 0.46, 0.445, 0.5, 0.47, 0.485, 0.48, 0.46, 0.475, 0.485, 0.48, 0.46, 0.475, 0.465], finalacc: 0.54, alpha: [0.34278939 0.10030518 0.10307364 0.09139279 0.07504461 0.10034351
 0.0974898  0.08956107]
2022/09/01 11:31:28 -------update alpha finished------
2022/09/01 11:31:28 The epoch_out: 14, epoch_in: 9 of training alpha finished, alpha: [0.22991913 0.12450188 0.10926502 0.11078497 0.097171   0.10951989
 0.109268   0.10957011]
2022/09/01 11:31:31 epoch_out: 15, epoch_in: 0, loss: 1.0245148718357087
2022/09/01 11:31:34 epoch_out: 15, epoch_in: 1, loss: 0.3641242295503616
